#
# There is insufficient memory for the Java Runtime Environment to continue.
# Native memory allocation (mmap) failed to map 65536 bytes for Failed to commit area from 0x0000019ead5a0000 to 0x0000019ead5b0000 of length 65536.
# Possible reasons:
#   The system is out of physical RAM or swap space
#   The process is running with CompressedOops enabled, and the Java Heap may be blocking the growth of the native heap
# Possible solutions:
#   Reduce memory load on the system
#   Increase physical memory or swap space
#   Check if swap backing store is full
#   Decrease Java heap size (-Xmx/-Xms)
#   Decrease number of Java threads
#   Decrease Java thread stack sizes (-Xss)
#   Set larger code cache with -XX:ReservedCodeCacheSize=
#   JVM is running with Unscaled Compressed Oops mode in which the Java heap is
#     placed in the first 4GB address space. The Java Heap base address is the
#     maximum limit for the native heap growth. Please use -XX:HeapBaseMinAddress
#     to set the Java Heap base and to place the Java Heap above 4GB virtual address.
# This output file may be truncated or incomplete.
#
#  Out of Memory Error (./src/hotspot/os/windows/os_windows.cpp:3301), pid=8608, tid=13376
#
# JRE version: OpenJDK Runtime Environment (11.0.10) (build 11.0.10+0-b96-7249189)
# Java VM: OpenJDK 64-Bit Server VM (11.0.10+0-b96-7249189, mixed mode, tiered, compressed oops, g1 gc, windows-amd64)
# No core dump will be written. Minidumps are not enabled by default on client versions of Windows
#

---------------  S U M M A R Y ------------

Command Line: --add-opens=java.base/java.util=ALL-UNNAMED --add-opens=java.base/java.lang=ALL-UNNAMED --add-opens=java.base/java.lang.invoke=ALL-UNNAMED --add-opens=java.base/java.util=ALL-UNNAMED --add-opens=java.prefs/java.util.prefs=ALL-UNNAMED --add-opens=java.prefs/java.util.prefs=ALL-UNNAMED --add-opens=java.base/java.nio.charset=ALL-UNNAMED --add-opens=java.base/java.net=ALL-UNNAMED --add-opens=java.base/java.util.concurrent.atomic=ALL-UNNAMED -Xmx2048m -Dfile.encoding=UTF-8 -Duser.country=IN -Duser.language=en -Duser.variant org.gradle.launcher.daemon.bootstrap.GradleDaemon 7.0.2

Host: Intel(R) Pentium(R) CPU 4415U @ 2.30GHz, 4 cores, 7G,  Windows 10 , 64 bit Build 19041 (10.0.19041.1348)
Time: Wed Jan 26 22:53:07 2022 India Standard Time elapsed time: 71.592658 seconds (0d 0h 1m 11s)

---------------  T H R E A D  ---------------

Current thread (0x0000019eb13a3800):  VMThread "VM Thread" [stack: 0x0000002295000000,0x0000002295100000] [id=13376]

Stack: [0x0000002295000000,0x0000002295100000]
[error occurred during error reporting (printing stack bounds), id 0xc0000005, EXCEPTION_ACCESS_VIOLATION (0xc0000005) at pc=0x0000019e9aba0f3d]

Native frames: (J=compiled Java code, j=interpreted, Vv=VM code, C=native code)
V  [jvm.dll+0x5ecfaa]
V  [jvm.dll+0x722bd5]
V  [jvm.dll+0x72412d]
V  [jvm.dll+0x724745]
V  [jvm.dll+0x7246fb]
V  [jvm.dll+0x5ec348]
V  [jvm.dll+0x5ecad8]
C  [ntdll.dll+0xa20cf]
C  [ntdll.dll+0x51454]
C  [ntdll.dll+0xa0bfe]
C  0x0000019e9aba0f3d

VM_Operation (0x00000022965fda20): G1CollectForAllocation, mode: safepoint, requested by thread 0x0000019eb92cd800


---------------  P R O C E S S  ---------------

Threads class SMR info:
_java_thread_list=0x0000019eb4e70550, length=58, elements={
0x0000019e970ab000, 0x0000019eb13a8000, 0x0000019eb13ad800, 0x0000019eb13c2000,
0x0000019eb13c3000, 0x0000019eb13c5800, 0x0000019eb13cc000, 0x0000019eb13d7000,
0x0000019eb13df000, 0x0000019eb1e7e000, 0x0000019eb33b0000, 0x0000019eb3c2c000,
0x0000019eb3430800, 0x0000019eb33e3000, 0x0000019eb32f1800, 0x0000019eb3639000,
0x0000019eb47ac000, 0x0000019eb5055800, 0x0000019eb554f000, 0x0000019eb554c800,
0x0000019eb554d800, 0x0000019eb5550800, 0x0000019eb554b800, 0x0000019eb554e000,
0x0000019eb5551800, 0x0000019eb5552800, 0x0000019eb4135000, 0x0000019eb4135800,
0x0000019eb4136800, 0x0000019eb4138000, 0x0000019eb4137800, 0x0000019eb4139000,
0x0000019eb413e000, 0x0000019eb4140800, 0x0000019eb413f800, 0x0000019eb413b800,
0x0000019eb413d000, 0x0000019eb413e800, 0x0000019eb413a800, 0x0000019eb4141000,
0x0000019eb4142800, 0x0000019eb92c0800, 0x0000019eb92c1000, 0x0000019eb92c3000,
0x0000019eb92c2000, 0x0000019eb92c3800, 0x0000019eb92c4800, 0x0000019eb92bf800,
0x0000019eb92c7000, 0x0000019eb92ca000, 0x0000019eb92c7800, 0x0000019eb92c6000,
0x0000019eb92cc800, 0x0000019eb92cd800, 0x0000019eb92ce000, 0x0000019eb5550000,
0x0000019ebcd33000, 0x0000019ebee2f000
}

Java Threads: ( => current thread )
  0x0000019e970ab000 JavaThread "main" [_thread_blocked, id=12752, stack(0x0000002294a00000,0x0000002294b00000)]
  0x0000019eb13a8000 JavaThread "Reference Handler" daemon [_thread_blocked, id=12404, stack(0x0000002295100000,0x0000002295200000)]
  0x0000019eb13ad800 JavaThread "Finalizer" daemon [_thread_blocked, id=11432, stack(0x0000002295200000,0x0000002295300000)]
  0x0000019eb13c2000 JavaThread "Signal Dispatcher" daemon [_thread_blocked, id=11772, stack(0x0000002295300000,0x0000002295400000)]
  0x0000019eb13c3000 JavaThread "Attach Listener" daemon [_thread_blocked, id=12616, stack(0x0000002295400000,0x0000002295500000)]
  0x0000019eb13c5800 JavaThread "Service Thread" daemon [_thread_blocked, id=3604, stack(0x0000002295500000,0x0000002295600000)]
  0x0000019eb13cc000 JavaThread "C2 CompilerThread0" daemon [_thread_blocked, id=11508, stack(0x0000002295600000,0x0000002295700000)]
  0x0000019eb13d7000 JavaThread "C1 CompilerThread0" daemon [_thread_blocked, id=4944, stack(0x0000002295700000,0x0000002295800000)]
  0x0000019eb13df000 JavaThread "Sweeper thread" daemon [_thread_blocked, id=8744, stack(0x0000002295800000,0x0000002295900000)]
  0x0000019eb1e7e000 JavaThread "Common-Cleaner" daemon [_thread_blocked, id=12620, stack(0x0000002295900000,0x0000002295a00000)]
  0x0000019eb33b0000 JavaThread "Daemon health stats" [_thread_blocked, id=5128, stack(0x0000002295e00000,0x0000002295f00000)]
  0x0000019eb3c2c000 JavaThread "Incoming local TCP Connector on port 59893" [_thread_in_native, id=13616, stack(0x0000002295b00000,0x0000002295c00000)]
  0x0000019eb3430800 JavaThread "Daemon periodic checks" [_thread_blocked, id=12188, stack(0x0000002295f00000,0x0000002296000000)]
  0x0000019eb33e3000 JavaThread "Daemon" [_thread_blocked, id=12460, stack(0x0000002296000000,0x0000002296100000)]
  0x0000019eb32f1800 JavaThread "Handler for socket connection from /127.0.0.1:59893 to /127.0.0.1:59894" [_thread_in_native, id=13964, stack(0x0000002296100000,0x0000002296200000)]
  0x0000019eb3639000 JavaThread "Cancel handler" [_thread_blocked, id=13564, stack(0x0000002296200000,0x0000002296300000)]
  0x0000019eb47ac000 JavaThread "Daemon worker" [_thread_blocked, id=15104, stack(0x0000002296300000,0x0000002296400000)]
  0x0000019eb5055800 JavaThread "Asynchronous log dispatcher for DefaultDaemonConnection: socket connection from /127.0.0.1:59893 to /127.0.0.1:59894" [_thread_blocked, id=14756, stack(0x0000002296400000,0x0000002296500000)]
  0x0000019eb554f000 JavaThread "Daemon client event forwarder" [_thread_blocked, id=15236, stack(0x0000002296600000,0x0000002296700000)]
  0x0000019eb554c800 JavaThread "Cache worker for file hash cache (C:\Users\bhagy\.gradle\caches\7.0.2\fileHashes)" [_thread_blocked, id=10364, stack(0x0000002296700000,0x0000002296800000)]
  0x0000019eb554d800 JavaThread "File lock request listener" [_thread_in_native, id=13696, stack(0x0000002296800000,0x0000002296900000)]
  0x0000019eb5550800 JavaThread "Cache worker for journal cache (C:\Users\bhagy\.gradle\caches\journal-1)" [_thread_blocked, id=1428, stack(0x0000002296a00000,0x0000002296b00000)]
  0x0000019eb554b800 JavaThread "Cache worker for file hash cache (C:\Users\bhagy\Listview\.gradle\7.0.2\fileHashes)" [_thread_blocked, id=7852, stack(0x0000002296b00000,0x0000002296c00000)]
  0x0000019eb554e000 JavaThread "File watcher server" daemon [_thread_blocked, id=10532, stack(0x0000002296c00000,0x0000002296d00000)]
  0x0000019eb5551800 JavaThread "File watcher consumer" daemon [_thread_blocked, id=12576, stack(0x0000002296d00000,0x0000002296e00000)]
  0x0000019eb5552800 JavaThread "Cache worker for checksums cache (C:\Users\bhagy\Listview\.gradle\checksums)" [_thread_blocked, id=8512, stack(0x0000002296e00000,0x0000002296f00000)]
  0x0000019eb4135000 JavaThread "Cache worker for cache directory md-supplier (C:\Users\bhagy\.gradle\caches\7.0.2\md-supplier)" [_thread_blocked, id=7776, stack(0x0000002296f00000,0x0000002297000000)]
  0x0000019eb4135800 JavaThread "Cache worker for cache directory md-rule (C:\Users\bhagy\.gradle\caches\7.0.2\md-rule)" [_thread_blocked, id=10720, stack(0x0000002297100000,0x0000002297200000)]
  0x0000019eb4136800 JavaThread "Cache worker for execution history cache (C:\Users\bhagy\.gradle\caches\7.0.2\executionHistory)" [_thread_blocked, id=5136, stack(0x0000002297200000,0x0000002297300000)]
  0x0000019eb4138000 JavaThread "jar transforms" [_thread_blocked, id=1544, stack(0x0000002297300000,0x0000002297400000)]
  0x0000019eb4137800 JavaThread "jar transforms Thread 2" [_thread_blocked, id=4740, stack(0x0000002297400000,0x0000002297500000)]
  0x0000019eb4139000 JavaThread "Cache worker for file content cache (C:\Users\bhagy\.gradle\caches\7.0.2\fileContent)" [_thread_blocked, id=10648, stack(0x0000002297500000,0x0000002297600000)]
  0x0000019eb413e000 JavaThread "Cache worker for dependencies-accessors (C:\Users\bhagy\Listview\.gradle\7.0.2\dependencies-accessors)" [_thread_blocked, id=1812, stack(0x0000002297600000,0x0000002297700000)]
  0x0000019eb4140800 JavaThread "jar transforms Thread 3" [_thread_blocked, id=2056, stack(0x0000002297700000,0x0000002297800000)]
  0x0000019eb413f800 JavaThread "Cache worker for Build Output Cleanup Cache (C:\Users\bhagy\Listview\.gradle\buildOutputCleanup)" [_thread_blocked, id=8764, stack(0x0000002297800000,0x0000002297900000)]
  0x0000019eb413b800 JavaThread "Build operations" [_thread_blocked, id=2708, stack(0x0000002297900000,0x0000002297a00000)]
  0x0000019eb413d000 JavaThread "Build operations Thread 2" [_thread_blocked, id=10072, stack(0x0000002297a00000,0x0000002297b00000)]
  0x0000019eb413e800 JavaThread "Build operations Thread 3" [_thread_blocked, id=14264, stack(0x0000002297b00000,0x0000002297c00000)]
  0x0000019eb413a800 JavaThread "Build operations Thread 4" [_thread_blocked, id=3900, stack(0x0000002297c00000,0x0000002297d00000)]
  0x0000019eb4141000 JavaThread "jar transforms Thread 4" [_thread_blocked, id=5684, stack(0x0000002297d00000,0x0000002297e00000)]
  0x0000019eb4142800 JavaThread "Memory manager" [_thread_blocked, id=2028, stack(0x0000002297000000,0x0000002297100000)]
  0x0000019eb92c0800 JavaThread "build event listener" [_thread_blocked, id=1752, stack(0x0000002297e00000,0x0000002297f00000)]
  0x0000019eb92c1000 JavaThread "Execution worker for ':'" [_thread_in_native, id=9488, stack(0x0000002297f00000,0x0000002298000000)]
  0x0000019eb92c3000 JavaThread "Execution worker for ':' Thread 2" [_thread_blocked, id=11920, stack(0x0000002298000000,0x0000002298100000)]
  0x0000019eb92c2000 JavaThread "Execution worker for ':' Thread 3" [_thread_blocked, id=14228, stack(0x0000002298100000,0x0000002298200000)]
  0x0000019eb92c3800 JavaThread "Cache worker for execution history cache (C:\Users\bhagy\Listview\.gradle\7.0.2\executionHistory)" [_thread_blocked, id=14940, stack(0x0000002298200000,0x0000002298300000)]
  0x0000019eb92c4800 JavaThread "WorkerExecutor Queue" [_thread_blocked, id=8304, stack(0x0000002298300000,0x0000002298400000)]
  0x0000019eb92bf800 JavaThread "pool-3-thread-1" [_thread_blocked, id=15168, stack(0x0000002298400000,0x0000002298500000)]
  0x0000019eb92c7000 JavaThread "stderr" [_thread_in_native, id=8848, stack(0x0000002298500000,0x0000002298600000)]
  0x0000019eb92ca000 JavaThread "stdout" [_thread_in_native, id=8560, stack(0x0000002298600000,0x0000002298700000)]
  0x0000019eb92c7800 JavaThread "WorkerExecutor Queue Thread 2" [_thread_blocked, id=14056, stack(0x0000002294700000,0x0000002294800000)]
  0x0000019eb92c6000 JavaThread "WorkerExecutor Queue Thread 3" [_thread_blocked, id=1120, stack(0x0000002294900000,0x0000002294a00000)]
  0x0000019eb92cc800 JavaThread "WorkerExecutor Queue Thread 4" [_thread_blocked, id=9184, stack(0x0000002298900000,0x0000002298a00000)]
  0x0000019eb92cd800 JavaThread "ForkJoinPool-1-worker-3" daemon [_thread_blocked, id=2460, stack(0x0000002296500000,0x0000002296600000)]
  0x0000019eb92ce000 JavaThread "ForkJoinPool-1-worker-5" daemon [_thread_blocked, id=1016, stack(0x0000002298a00000,0x0000002298b00000)]
  0x0000019eb5550000 JavaThread "ForkJoinPool-1-worker-7" daemon [_thread_blocked, id=6892, stack(0x0000002298b00000,0x0000002298c00000)]
  0x0000019ebcd33000 JavaThread "ForkJoinPool-1-worker-1" daemon [_thread_blocked, id=1184, stack(0x0000002298c00000,0x0000002298d00000)]
  0x0000019ebee2f000 JavaThread "C2 CompilerThread1" daemon [_thread_blocked, id=9200, stack(0x0000002298800000,0x0000002298900000)]

Other Threads:
=>0x0000019eb13a3800 VMThread "VM Thread" [stack: 0x0000002295000000,0x0000002295100000] [id=13376]
  0x0000019eb1e9d000 WatcherThread [stack: 0x0000002295a00000,0x0000002295b00000] [id=8040]
  0x0000019e970c4000 GCTaskThread "GC Thread#0" [stack: 0x0000002294b00000,0x0000002294c00000] [id=11160]
  0x0000019eb2396000 GCTaskThread "GC Thread#1" [stack: 0x0000002295c00000,0x0000002295d00000] [id=10696]
  0x0000019eb26ff800 GCTaskThread "GC Thread#2" [stack: 0x0000002295d00000,0x0000002295e00000] [id=2864]
  0x0000019eb3bf3800 GCTaskThread "GC Thread#3" [stack: 0x0000002296900000,0x0000002296a00000] [id=7836]
  0x0000019e970f6800 ConcurrentGCThread "G1 Main Marker" [stack: 0x0000002294c00000,0x0000002294d00000] [id=7148]
  0x0000019e970f7800 ConcurrentGCThread "G1 Conc#0" [stack: 0x0000002294d00000,0x0000002294e00000] [id=9516]
  0x0000019e97183800 ConcurrentGCThread "G1 Refine#0" [stack: 0x0000002294e00000,0x0000002294f00000] [id=1096]
  0x0000019ec356a800 ConcurrentGCThread "G1 Refine#1" [stack: 0x0000002298d00000,0x0000002298e00000] [id=14020]
  0x0000019e97184800 ConcurrentGCThread "G1 Young RemSet Sampling" [stack: 0x0000002294f00000,0x0000002295000000] [id=3984]

Threads with active compile tasks:
C2 CompilerThread0  71626 17125       4       com.android.tools.r8.graph.r::a (7 bytes)
C2 CompilerThread1  71627 17141       4       com.android.tools.r8.graph.r::hashCode (15 bytes)

VM state:at safepoint (normal execution)

VM Mutex/Monitor currently owned by a thread:  ([mutex/lock_event])
[0x0000019e970a6cb0] Threads_lock - owner thread: 0x0000019eb13a3800
[0x0000019e970a8570] Heap_lock - owner thread: 0x0000019eb92cd800

Heap address: 0x0000000080000000, size: 2048 MB, Compressed Oops mode: 32-bit
Narrow klass base: 0x0000000000000000, Narrow klass shift: 3
Compressed class space size: 1073741824 Address: 0x0000000100000000

Heap:
 garbage-first heap   total 636928K, used 184064K [0x0000000080000000, 0x0000000100000000)
  region size 1024K, 6 young (6144K), 6 survivors (6144K)
 Metaspace       used 101756K, capacity 104528K, committed 104780K, reserved 1140736K
  class space    used 13072K, capacity 14129K, committed 14156K, reserved 1048576K
Heap Regions: E=young(eden), S=young(survivor), O=old, HS=humongous(starts), HC=humongous(continues), CS=collection set, F=free, A=archive, TAMS=top-at-mark-start (previous, next)
|   0|0x0000000080000000, 0x0000000080100000, 0x0000000080100000|100%| O|  |TAMS 0x0000000080100000, 0x0000000080100000| Untracked 
|   1|0x0000000080100000, 0x0000000080200000, 0x0000000080200000|100%| O|  |TAMS 0x0000000080200000, 0x0000000080200000| Untracked 
|   2|0x0000000080200000, 0x0000000080300000, 0x0000000080300000|100%| O|  |TAMS 0x0000000080300000, 0x0000000080300000| Untracked 
|   3|0x0000000080300000, 0x0000000080400000, 0x0000000080400000|100%|HS|  |TAMS 0x0000000080400000, 0x0000000080400000| Complete 
|   4|0x0000000080400000, 0x0000000080500000, 0x0000000080500000|100%|HC|  |TAMS 0x0000000080500000, 0x0000000080500000| Complete 
|   5|0x0000000080500000, 0x0000000080600000, 0x0000000080600000|100%|HC|  |TAMS 0x0000000080600000, 0x0000000080600000| Complete 
|   6|0x0000000080600000, 0x0000000080700000, 0x0000000080700000|100%| O|  |TAMS 0x0000000080700000, 0x0000000080700000| Untracked 
|   7|0x0000000080700000, 0x0000000080800000, 0x0000000080800000|100%| O|  |TAMS 0x0000000080800000, 0x0000000080800000| Untracked 
|   8|0x0000000080800000, 0x0000000080900000, 0x0000000080900000|100%| O|  |TAMS 0x0000000080900000, 0x0000000080900000| Untracked 
|   9|0x0000000080900000, 0x0000000080a00000, 0x0000000080a00000|100%| O|  |TAMS 0x0000000080a00000, 0x0000000080a00000| Untracked 
|  10|0x0000000080a00000, 0x0000000080b00000, 0x0000000080b00000|100%| O|  |TAMS 0x0000000080b00000, 0x0000000080b00000| Untracked 
|  11|0x0000000080b00000, 0x0000000080c00000, 0x0000000080c00000|100%| O|  |TAMS 0x0000000080c00000, 0x0000000080c00000| Untracked 
|  12|0x0000000080c00000, 0x0000000080d00000, 0x0000000080d00000|100%| O|  |TAMS 0x0000000080d00000, 0x0000000080d00000| Untracked 
|  13|0x0000000080d00000, 0x0000000080e00000, 0x0000000080e00000|100%| O|  |TAMS 0x0000000080e00000, 0x0000000080e00000| Untracked 
|  14|0x0000000080e00000, 0x0000000080f00000, 0x0000000080f00000|100%| O|  |TAMS 0x0000000080f00000, 0x0000000080f00000| Untracked 
|  15|0x0000000080f00000, 0x0000000081000000, 0x0000000081000000|100%| O|  |TAMS 0x0000000081000000, 0x0000000081000000| Untracked 
|  16|0x0000000081000000, 0x0000000081100000, 0x0000000081100000|100%|HS|  |TAMS 0x0000000081100000, 0x0000000081100000| Complete 
|  17|0x0000000081100000, 0x0000000081200000, 0x0000000081200000|100%| O|  |TAMS 0x0000000081200000, 0x0000000081200000| Untracked 
|  18|0x0000000081200000, 0x0000000081300000, 0x0000000081300000|100%| O|  |TAMS 0x0000000081300000, 0x0000000081300000| Untracked 
|  19|0x0000000081300000, 0x0000000081400000, 0x0000000081400000|100%| O|  |TAMS 0x0000000081400000, 0x0000000081400000| Untracked 
|  20|0x0000000081400000, 0x0000000081500000, 0x0000000081500000|100%| O|  |TAMS 0x0000000081500000, 0x0000000081500000| Untracked 
|  21|0x0000000081500000, 0x0000000081600000, 0x0000000081600000|100%| O|  |TAMS 0x0000000081600000, 0x0000000081600000| Untracked 
|  22|0x0000000081600000, 0x0000000081700000, 0x0000000081700000|100%| O|  |TAMS 0x0000000081700000, 0x0000000081700000| Untracked 
|  23|0x0000000081700000, 0x0000000081800000, 0x0000000081800000|100%|HS|  |TAMS 0x0000000081800000, 0x0000000081800000| Complete 
|  24|0x0000000081800000, 0x0000000081900000, 0x0000000081900000|100%|HS|  |TAMS 0x0000000081900000, 0x0000000081900000| Complete 
|  25|0x0000000081900000, 0x0000000081a00000, 0x0000000081a00000|100%|HC|  |TAMS 0x0000000081a00000, 0x0000000081a00000| Complete 
|  26|0x0000000081a00000, 0x0000000081b00000, 0x0000000081b00000|100%| O|  |TAMS 0x0000000081b00000, 0x0000000081b00000| Untracked 
|  27|0x0000000081b00000, 0x0000000081c00000, 0x0000000081c00000|100%| O|  |TAMS 0x0000000081c00000, 0x0000000081c00000| Untracked 
|  28|0x0000000081c00000, 0x0000000081d00000, 0x0000000081d00000|100%| O|  |TAMS 0x0000000081d00000, 0x0000000081d00000| Untracked 
|  29|0x0000000081d00000, 0x0000000081e00000, 0x0000000081e00000|100%| O|  |TAMS 0x0000000081e00000, 0x0000000081e00000| Untracked 
|  30|0x0000000081e00000, 0x0000000081f00000, 0x0000000081f00000|100%| O|  |TAMS 0x0000000081f00000, 0x0000000081f00000| Untracked 
|  31|0x0000000081f00000, 0x0000000082000000, 0x0000000082000000|100%| O|  |TAMS 0x0000000082000000, 0x0000000082000000| Untracked 
|  32|0x0000000082000000, 0x0000000082100000, 0x0000000082100000|100%| O|  |TAMS 0x0000000082100000, 0x0000000082100000| Untracked 
|  33|0x0000000082100000, 0x0000000082200000, 0x0000000082200000|100%| O|  |TAMS 0x0000000082200000, 0x0000000082200000| Untracked 
|  34|0x0000000082200000, 0x0000000082300000, 0x0000000082300000|100%| O|  |TAMS 0x0000000082300000, 0x0000000082300000| Untracked 
|  35|0x0000000082300000, 0x0000000082400000, 0x0000000082400000|100%| O|  |TAMS 0x0000000082400000, 0x0000000082400000| Untracked 
|  36|0x0000000082400000, 0x0000000082500000, 0x0000000082500000|100%| O|  |TAMS 0x0000000082500000, 0x0000000082500000| Untracked 
|  37|0x0000000082500000, 0x0000000082600000, 0x0000000082600000|100%| O|  |TAMS 0x0000000082600000, 0x0000000082600000| Untracked 
|  38|0x0000000082600000, 0x0000000082700000, 0x0000000082700000|100%| O|  |TAMS 0x0000000082700000, 0x0000000082700000| Untracked 
|  39|0x0000000082700000, 0x0000000082800000, 0x0000000082800000|100%| O|  |TAMS 0x0000000082800000, 0x0000000082800000| Untracked 
|  40|0x0000000082800000, 0x0000000082900000, 0x0000000082900000|100%| O|  |TAMS 0x0000000082900000, 0x0000000082900000| Untracked 
|  41|0x0000000082900000, 0x0000000082a00000, 0x0000000082a00000|100%| O|  |TAMS 0x0000000082a00000, 0x0000000082a00000| Untracked 
|  42|0x0000000082a00000, 0x0000000082b00000, 0x0000000082b00000|100%| O|  |TAMS 0x0000000082b00000, 0x0000000082b00000| Untracked 
|  43|0x0000000082b00000, 0x0000000082c00000, 0x0000000082c00000|100%| O|  |TAMS 0x0000000082c00000, 0x0000000082c00000| Untracked 
|  44|0x0000000082c00000, 0x0000000082d00000, 0x0000000082d00000|100%| O|  |TAMS 0x0000000082d00000, 0x0000000082d00000| Untracked 
|  45|0x0000000082d00000, 0x0000000082e00000, 0x0000000082e00000|100%| O|  |TAMS 0x0000000082e00000, 0x0000000082e00000| Untracked 
|  46|0x0000000082e00000, 0x0000000082f00000, 0x0000000082f00000|100%| O|  |TAMS 0x0000000082f00000, 0x0000000082f00000| Untracked 
|  47|0x0000000082f00000, 0x0000000083000000, 0x0000000083000000|100%| O|  |TAMS 0x0000000083000000, 0x0000000083000000| Untracked 
|  48|0x0000000083000000, 0x0000000083100000, 0x0000000083100000|100%| O|  |TAMS 0x0000000083100000, 0x0000000083100000| Untracked 
|  49|0x0000000083100000, 0x0000000083200000, 0x0000000083200000|100%| O|  |TAMS 0x0000000083200000, 0x0000000083200000| Untracked 
|  50|0x0000000083200000, 0x0000000083300000, 0x0000000083300000|100%| O|  |TAMS 0x0000000083300000, 0x0000000083300000| Untracked 
|  51|0x0000000083300000, 0x0000000083400000, 0x0000000083400000|100%| O|  |TAMS 0x0000000083400000, 0x0000000083400000| Untracked 
|  52|0x0000000083400000, 0x0000000083500000, 0x0000000083500000|100%| O|  |TAMS 0x0000000083500000, 0x0000000083500000| Untracked 
|  53|0x0000000083500000, 0x0000000083600000, 0x0000000083600000|100%| O|  |TAMS 0x0000000083600000, 0x0000000083600000| Untracked 
|  54|0x0000000083600000, 0x0000000083700000, 0x0000000083700000|100%| O|  |TAMS 0x0000000083700000, 0x0000000083700000| Untracked 
|  55|0x0000000083700000, 0x0000000083800000, 0x0000000083800000|100%| O|  |TAMS 0x0000000083800000, 0x0000000083800000| Untracked 
|  56|0x0000000083800000, 0x0000000083900000, 0x0000000083900000|100%| O|  |TAMS 0x0000000083900000, 0x0000000083900000| Untracked 
|  57|0x0000000083900000, 0x0000000083a00000, 0x0000000083a00000|100%| O|  |TAMS 0x0000000083a00000, 0x0000000083a00000| Untracked 
|  58|0x0000000083a00000, 0x0000000083b00000, 0x0000000083b00000|100%| O|  |TAMS 0x0000000083b00000, 0x0000000083b00000| Untracked 
|  59|0x0000000083b00000, 0x0000000083c00000, 0x0000000083c00000|100%| O|  |TAMS 0x0000000083c00000, 0x0000000083c00000| Untracked 
|  60|0x0000000083c00000, 0x0000000083d00000, 0x0000000083d00000|100%| O|  |TAMS 0x0000000083d00000, 0x0000000083d00000| Untracked 
|  61|0x0000000083d00000, 0x0000000083e00000, 0x0000000083e00000|100%| O|  |TAMS 0x0000000083e00000, 0x0000000083e00000| Untracked 
|  62|0x0000000083e00000, 0x0000000083f00000, 0x0000000083f00000|100%| O|  |TAMS 0x0000000083f00000, 0x0000000083f00000| Untracked 
|  63|0x0000000083f00000, 0x0000000084000000, 0x0000000084000000|100%| O|  |TAMS 0x0000000084000000, 0x0000000084000000| Untracked 
|  64|0x0000000084000000, 0x0000000084100000, 0x0000000084100000|100%| O|  |TAMS 0x0000000084100000, 0x0000000084100000| Untracked 
|  65|0x0000000084100000, 0x0000000084200000, 0x0000000084200000|100%| O|  |TAMS 0x0000000084200000, 0x0000000084200000| Untracked 
|  66|0x0000000084200000, 0x0000000084300000, 0x0000000084300000|100%| O|  |TAMS 0x0000000084300000, 0x0000000084300000| Untracked 
|  67|0x0000000084300000, 0x0000000084400000, 0x0000000084400000|100%| O|  |TAMS 0x0000000084400000, 0x0000000084400000| Untracked 
|  68|0x0000000084400000, 0x0000000084500000, 0x0000000084500000|100%| O|  |TAMS 0x0000000084500000, 0x0000000084500000| Untracked 
|  69|0x0000000084500000, 0x0000000084600000, 0x0000000084600000|100%| O|  |TAMS 0x0000000084600000, 0x0000000084600000| Untracked 
|  70|0x0000000084600000, 0x0000000084700000, 0x0000000084700000|100%| O|  |TAMS 0x0000000084700000, 0x0000000084700000| Untracked 
|  71|0x0000000084700000, 0x0000000084800000, 0x0000000084800000|100%| O|  |TAMS 0x0000000084800000, 0x0000000084800000| Untracked 
|  72|0x0000000084800000, 0x0000000084900000, 0x0000000084900000|100%| O|  |TAMS 0x0000000084900000, 0x0000000084900000| Untracked 
|  73|0x0000000084900000, 0x0000000084a00000, 0x0000000084a00000|100%| O|  |TAMS 0x0000000084a00000, 0x0000000084a00000| Untracked 
|  74|0x0000000084a00000, 0x0000000084b00000, 0x0000000084b00000|100%| O|  |TAMS 0x0000000084b00000, 0x0000000084b00000| Untracked 
|  75|0x0000000084b00000, 0x0000000084c00000, 0x0000000084c00000|100%| O|  |TAMS 0x0000000084c00000, 0x0000000084c00000| Untracked 
|  76|0x0000000084c00000, 0x0000000084d00000, 0x0000000084d00000|100%| O|  |TAMS 0x0000000084d00000, 0x0000000084d00000| Untracked 
|  77|0x0000000084d00000, 0x0000000084e00000, 0x0000000084e00000|100%| O|  |TAMS 0x0000000084e00000, 0x0000000084e00000| Untracked 
|  78|0x0000000084e00000, 0x0000000084f00000, 0x0000000084f00000|100%| O|  |TAMS 0x0000000084f00000, 0x0000000084f00000| Untracked 
|  79|0x0000000084f00000, 0x0000000085000000, 0x0000000085000000|100%| O|  |TAMS 0x0000000085000000, 0x0000000085000000| Untracked 
|  80|0x0000000085000000, 0x0000000085100000, 0x0000000085100000|100%| O|  |TAMS 0x0000000085100000, 0x0000000085100000| Untracked 
|  81|0x0000000085100000, 0x0000000085200000, 0x0000000085200000|100%| O|  |TAMS 0x0000000085200000, 0x0000000085200000| Untracked 
|  82|0x0000000085200000, 0x0000000085300000, 0x0000000085300000|100%| O|  |TAMS 0x0000000085300000, 0x0000000085300000| Untracked 
|  83|0x0000000085300000, 0x0000000085400000, 0x0000000085400000|100%| O|  |TAMS 0x0000000085400000, 0x0000000085400000| Untracked 
|  84|0x0000000085400000, 0x0000000085500000, 0x0000000085500000|100%| O|  |TAMS 0x0000000085500000, 0x0000000085500000| Untracked 
|  85|0x0000000085500000, 0x0000000085600000, 0x0000000085600000|100%| O|  |TAMS 0x0000000085600000, 0x0000000085600000| Untracked 
|  86|0x0000000085600000, 0x0000000085700000, 0x0000000085700000|100%| O|  |TAMS 0x0000000085700000, 0x0000000085700000| Untracked 
|  87|0x0000000085700000, 0x0000000085800000, 0x0000000085800000|100%| O|  |TAMS 0x0000000085800000, 0x0000000085800000| Untracked 
|  88|0x0000000085800000, 0x0000000085900000, 0x0000000085900000|100%| O|  |TAMS 0x0000000085900000, 0x0000000085900000| Untracked 
|  89|0x0000000085900000, 0x0000000085a00000, 0x0000000085a00000|100%| O|  |TAMS 0x0000000085a00000, 0x0000000085a00000| Untracked 
|  90|0x0000000085a00000, 0x0000000085b00000, 0x0000000085b00000|100%| O|  |TAMS 0x0000000085b00000, 0x0000000085b00000| Untracked 
|  91|0x0000000085b00000, 0x0000000085c00000, 0x0000000085c00000|100%| O|  |TAMS 0x0000000085c00000, 0x0000000085c00000| Untracked 
|  92|0x0000000085c00000, 0x0000000085d00000, 0x0000000085d00000|100%| O|  |TAMS 0x0000000085d00000, 0x0000000085d00000| Untracked 
|  93|0x0000000085d00000, 0x0000000085e00000, 0x0000000085e00000|100%| O|  |TAMS 0x0000000085e00000, 0x0000000085e00000| Untracked 
|  94|0x0000000085e00000, 0x0000000085f00000, 0x0000000085f00000|100%| O|  |TAMS 0x0000000085f00000, 0x0000000085f00000| Untracked 
|  95|0x0000000085f00000, 0x0000000086000000, 0x0000000086000000|100%| O|  |TAMS 0x0000000086000000, 0x0000000086000000| Untracked 
|  96|0x0000000086000000, 0x0000000086100000, 0x0000000086100000|100%| O|  |TAMS 0x0000000086100000, 0x0000000086100000| Untracked 
|  97|0x0000000086100000, 0x0000000086200000, 0x0000000086200000|100%| O|  |TAMS 0x0000000086200000, 0x0000000086200000| Untracked 
|  98|0x0000000086200000, 0x0000000086300000, 0x0000000086300000|100%| O|  |TAMS 0x0000000086300000, 0x0000000086300000| Untracked 
|  99|0x0000000086300000, 0x0000000086400000, 0x0000000086400000|100%| O|  |TAMS 0x0000000086400000, 0x0000000086400000| Untracked 
| 100|0x0000000086400000, 0x0000000086500000, 0x0000000086500000|100%| O|  |TAMS 0x0000000086500000, 0x0000000086500000| Untracked 
| 101|0x0000000086500000, 0x0000000086600000, 0x0000000086600000|100%| O|  |TAMS 0x0000000086600000, 0x0000000086600000| Untracked 
| 102|0x0000000086600000, 0x0000000086700000, 0x0000000086700000|100%| O|  |TAMS 0x0000000086700000, 0x0000000086700000| Untracked 
| 103|0x0000000086700000, 0x0000000086800000, 0x0000000086800000|100%| O|  |TAMS 0x0000000086700000, 0x0000000086800000| Untracked 
| 104|0x0000000086800000, 0x0000000086900000, 0x0000000086900000|100%| O|  |TAMS 0x0000000086800000, 0x0000000086900000| Untracked 
| 105|0x0000000086900000, 0x0000000086a00000, 0x0000000086a00000|100%| O|  |TAMS 0x0000000086900000, 0x0000000086a00000| Untracked 
| 106|0x0000000086a00000, 0x0000000086b00000, 0x0000000086b00000|100%| O|  |TAMS 0x0000000086a00000, 0x0000000086b00000| Untracked 
| 107|0x0000000086b00000, 0x0000000086c00000, 0x0000000086c00000|100%| O|  |TAMS 0x0000000086b00000, 0x0000000086c00000| Untracked 
| 108|0x0000000086c00000, 0x0000000086d00000, 0x0000000086d00000|100%| O|  |TAMS 0x0000000086c00000, 0x0000000086d00000| Untracked 
| 109|0x0000000086d00000, 0x0000000086e00000, 0x0000000086e00000|100%| O|  |TAMS 0x0000000086d00000, 0x0000000086e00000| Untracked 
| 110|0x0000000086e00000, 0x0000000086f00000, 0x0000000086f00000|100%| O|  |TAMS 0x0000000086e00000, 0x0000000086f00000| Untracked 
| 111|0x0000000086f00000, 0x0000000087000000, 0x0000000087000000|100%| O|  |TAMS 0x0000000086f00000, 0x0000000087000000| Untracked 
| 112|0x0000000087000000, 0x0000000087100000, 0x0000000087100000|100%| O|  |TAMS 0x0000000087000000, 0x0000000087100000| Untracked 
| 113|0x0000000087100000, 0x0000000087200000, 0x0000000087200000|100%| O|  |TAMS 0x0000000087100000, 0x0000000087200000| Untracked 
| 114|0x0000000087200000, 0x0000000087300000, 0x0000000087300000|100%|HS|  |TAMS 0x0000000087200000, 0x0000000087300000| Complete 
| 115|0x0000000087300000, 0x0000000087400000, 0x0000000087400000|100%| O|  |TAMS 0x0000000087300000, 0x0000000087400000| Untracked 
| 116|0x0000000087400000, 0x0000000087500000, 0x0000000087500000|100%| O|  |TAMS 0x0000000087400000, 0x0000000087500000| Untracked 
| 117|0x0000000087500000, 0x0000000087600000, 0x0000000087600000|100%| O|  |TAMS 0x0000000087500000, 0x0000000087600000| Untracked 
| 118|0x0000000087600000, 0x0000000087700000, 0x0000000087700000|100%|HS|  |TAMS 0x0000000087600000, 0x0000000087700000| Complete 
| 119|0x0000000087700000, 0x0000000087800000, 0x0000000087800000|100%| O|  |TAMS 0x0000000087700000, 0x0000000087800000| Untracked 
| 120|0x0000000087800000, 0x0000000087900000, 0x0000000087900000|100%|HS|  |TAMS 0x0000000087800000, 0x0000000087900000| Complete 
| 121|0x0000000087900000, 0x0000000087a00000, 0x0000000087a00000|100%|HC|  |TAMS 0x0000000087900000, 0x0000000087a00000| Complete 
| 122|0x0000000087a00000, 0x0000000087b00000, 0x0000000087b00000|100%|HS|  |TAMS 0x0000000087a00000, 0x0000000087b00000| Complete 
| 123|0x0000000087b00000, 0x0000000087c00000, 0x0000000087c00000|100%|HS|  |TAMS 0x0000000087b00000, 0x0000000087c00000| Complete 
| 124|0x0000000087c00000, 0x0000000087d00000, 0x0000000087d00000|100%|HS|  |TAMS 0x0000000087c00000, 0x0000000087d00000| Complete 
| 125|0x0000000087d00000, 0x0000000087e00000, 0x0000000087e00000|100%| O|  |TAMS 0x0000000087d00000, 0x0000000087e00000| Untracked 
| 126|0x0000000087e00000, 0x0000000087f00000, 0x0000000087f00000|100%| O|  |TAMS 0x0000000087e00000, 0x0000000087f00000| Untracked 
| 127|0x0000000087f00000, 0x0000000088000000, 0x0000000088000000|100%| O|  |TAMS 0x0000000087f00000, 0x0000000088000000| Untracked 
| 128|0x0000000088000000, 0x0000000088100000, 0x0000000088100000|100%| O|  |TAMS 0x0000000088000000, 0x0000000088100000| Untracked 
| 129|0x0000000088100000, 0x0000000088200000, 0x0000000088200000|100%| O|  |TAMS 0x0000000088100000, 0x0000000088200000| Untracked 
| 130|0x0000000088200000, 0x0000000088300000, 0x0000000088300000|100%| O|  |TAMS 0x0000000088200000, 0x0000000088300000| Untracked 
| 131|0x0000000088300000, 0x0000000088400000, 0x0000000088400000|100%| O|  |TAMS 0x0000000088300000, 0x0000000088400000| Untracked 
| 132|0x0000000088400000, 0x0000000088500000, 0x0000000088500000|100%| O|  |TAMS 0x0000000088400000, 0x0000000088500000| Untracked 
| 133|0x0000000088500000, 0x0000000088600000, 0x0000000088600000|100%| O|  |TAMS 0x0000000088500000, 0x0000000088600000| Untracked 
| 134|0x0000000088600000, 0x0000000088700000, 0x0000000088700000|100%| O|  |TAMS 0x0000000088600000, 0x0000000088700000| Untracked 
| 135|0x0000000088700000, 0x0000000088800000, 0x0000000088800000|100%| O|  |TAMS 0x0000000088700000, 0x0000000088800000| Untracked 
| 136|0x0000000088800000, 0x0000000088900000, 0x0000000088900000|100%| O|  |TAMS 0x0000000088800000, 0x0000000088900000| Untracked 
| 137|0x0000000088900000, 0x0000000088a00000, 0x0000000088a00000|100%| O|  |TAMS 0x0000000088900000, 0x0000000088a00000| Untracked 
| 138|0x0000000088a00000, 0x0000000088b00000, 0x0000000088b00000|100%| O|  |TAMS 0x0000000088a00000, 0x0000000088b00000| Untracked 
| 139|0x0000000088b00000, 0x0000000088c00000, 0x0000000088c00000|100%| O|  |TAMS 0x0000000088b00000, 0x0000000088c00000| Untracked 
| 140|0x0000000088c00000, 0x0000000088d00000, 0x0000000088d00000|100%| O|  |TAMS 0x0000000088c00000, 0x0000000088d00000| Untracked 
| 141|0x0000000088d00000, 0x0000000088e00000, 0x0000000088e00000|100%| O|  |TAMS 0x0000000088d00000, 0x0000000088e00000| Untracked 
| 142|0x0000000088e00000, 0x0000000088f00000, 0x0000000088f00000|100%| O|  |TAMS 0x0000000088e00000, 0x0000000088f00000| Untracked 
| 143|0x0000000088f00000, 0x0000000089000000, 0x0000000089000000|100%| O|  |TAMS 0x0000000088f00000, 0x0000000089000000| Untracked 
| 144|0x0000000089000000, 0x0000000089100000, 0x0000000089100000|100%| O|  |TAMS 0x0000000089000000, 0x0000000089100000| Untracked 
| 145|0x0000000089100000, 0x0000000089200000, 0x0000000089200000|100%| O|  |TAMS 0x0000000089100000, 0x0000000089200000| Untracked 
| 146|0x0000000089200000, 0x0000000089300000, 0x0000000089300000|100%| O|  |TAMS 0x0000000089200000, 0x0000000089300000| Untracked 
| 147|0x0000000089300000, 0x0000000089400000, 0x0000000089400000|100%| O|  |TAMS 0x0000000089300000, 0x0000000089400000| Untracked 
| 148|0x0000000089400000, 0x0000000089500000, 0x0000000089500000|100%| O|  |TAMS 0x0000000089400000, 0x0000000089500000| Untracked 
| 149|0x0000000089500000, 0x0000000089600000, 0x0000000089600000|100%| O|  |TAMS 0x0000000089500000, 0x0000000089600000| Untracked 
| 150|0x0000000089600000, 0x0000000089700000, 0x0000000089700000|100%| O|  |TAMS 0x0000000089600000, 0x0000000089700000| Untracked 
| 151|0x0000000089700000, 0x0000000089800000, 0x0000000089800000|100%| O|  |TAMS 0x0000000089700000, 0x0000000089800000| Untracked 
| 152|0x0000000089800000, 0x0000000089900000, 0x0000000089900000|100%| O|  |TAMS 0x0000000089800000, 0x0000000089900000| Untracked 
| 153|0x0000000089900000, 0x0000000089a00000, 0x0000000089a00000|100%| O|  |TAMS 0x0000000089900000, 0x0000000089a00000| Untracked 
| 154|0x0000000089a00000, 0x0000000089b00000, 0x0000000089b00000|100%| O|  |TAMS 0x0000000089a00000, 0x0000000089b00000| Untracked 
| 155|0x0000000089b00000, 0x0000000089c00000, 0x0000000089c00000|100%| O|  |TAMS 0x0000000089b00000, 0x0000000089c00000| Untracked 
| 156|0x0000000089c00000, 0x0000000089d00000, 0x0000000089d00000|100%| O|  |TAMS 0x0000000089c00000, 0x0000000089d00000| Untracked 
| 157|0x0000000089d00000, 0x0000000089e00000, 0x0000000089e00000|100%| O|  |TAMS 0x0000000089d00000, 0x0000000089e00000| Untracked 
| 158|0x0000000089e00000, 0x0000000089f00000, 0x0000000089f00000|100%|HS|  |TAMS 0x0000000089e00000, 0x0000000089f00000| Complete 
| 159|0x0000000089f00000, 0x000000008a000000, 0x000000008a000000|100%| O|  |TAMS 0x0000000089f00000, 0x000000008a000000| Untracked 
| 160|0x000000008a000000, 0x000000008a100000, 0x000000008a100000|100%| O|  |TAMS 0x000000008a000000, 0x000000008a100000| Untracked 
| 161|0x000000008a100000, 0x000000008a200000, 0x000000008a200000|100%| O|  |TAMS 0x000000008a100000, 0x000000008a200000| Untracked 
| 162|0x000000008a200000, 0x000000008a300000, 0x000000008a300000|100%| O|  |TAMS 0x000000008a200000, 0x000000008a300000| Untracked 
| 163|0x000000008a300000, 0x000000008a400000, 0x000000008a400000|100%| O|  |TAMS 0x000000008a300000, 0x000000008a400000| Untracked 
| 164|0x000000008a400000, 0x000000008a500000, 0x000000008a500000|100%| O|  |TAMS 0x000000008a400000, 0x000000008a500000| Untracked 
| 165|0x000000008a500000, 0x000000008a600000, 0x000000008a600000|100%| O|  |TAMS 0x000000008a500000, 0x000000008a600000| Untracked 
| 166|0x000000008a600000, 0x000000008a700000, 0x000000008a700000|100%| O|  |TAMS 0x000000008a600000, 0x000000008a700000| Untracked 
| 167|0x000000008a700000, 0x000000008a800000, 0x000000008a800000|100%| O|  |TAMS 0x000000008a700000, 0x000000008a800000| Untracked 
| 168|0x000000008a800000, 0x000000008a900000, 0x000000008a900000|100%| O|  |TAMS 0x000000008a800000, 0x000000008a900000| Untracked 
| 169|0x000000008a900000, 0x000000008aa00000, 0x000000008aa00000|100%| O|  |TAMS 0x000000008a900000, 0x000000008aa00000| Untracked 
| 170|0x000000008aa00000, 0x000000008ab00000, 0x000000008ab00000|100%| O|  |TAMS 0x000000008aa00000, 0x000000008ab00000| Untracked 
| 171|0x000000008ab00000, 0x000000008ac00000, 0x000000008ac00000|100%| O|  |TAMS 0x000000008ab00000, 0x000000008ac00000| Untracked 
| 172|0x000000008ac00000, 0x000000008acc0200, 0x000000008ad00000| 75%| O|  |TAMS 0x000000008ac00000, 0x000000008acc0200| Untracked 
| 173|0x000000008ad00000, 0x000000008ae00000, 0x000000008ae00000|100%|HS|  |TAMS 0x000000008ad00000, 0x000000008ae00000| Complete 
| 174|0x000000008ae00000, 0x000000008ae00000, 0x000000008af00000|  0%| F|  |TAMS 0x000000008ae00000, 0x000000008ae00000| Untracked 
| 175|0x000000008af00000, 0x000000008af00000, 0x000000008b000000|  0%| F|  |TAMS 0x000000008af00000, 0x000000008af00000| Untracked 
| 176|0x000000008b000000, 0x000000008b000000, 0x000000008b100000|  0%| F|  |TAMS 0x000000008b000000, 0x000000008b000000| Untracked 
| 177|0x000000008b100000, 0x000000008b100000, 0x000000008b200000|  0%| F|  |TAMS 0x000000008b100000, 0x000000008b100000| Untracked 
| 178|0x000000008b200000, 0x000000008b200000, 0x000000008b300000|  0%| F|  |TAMS 0x000000008b200000, 0x000000008b200000| Untracked 
| 179|0x000000008b300000, 0x000000008b300000, 0x000000008b400000|  0%| F|  |TAMS 0x000000008b300000, 0x000000008b300000| Untracked 
| 180|0x000000008b400000, 0x000000008b400000, 0x000000008b500000|  0%| F|  |TAMS 0x000000008b400000, 0x000000008b400000| Untracked 
| 181|0x000000008b500000, 0x000000008b500000, 0x000000008b600000|  0%| F|  |TAMS 0x000000008b500000, 0x000000008b500000| Untracked 
| 182|0x000000008b600000, 0x000000008b600000, 0x000000008b700000|  0%| F|  |TAMS 0x000000008b600000, 0x000000008b600000| Untracked 
| 183|0x000000008b700000, 0x000000008b700000, 0x000000008b800000|  0%| F|  |TAMS 0x000000008b700000, 0x000000008b700000| Untracked 
| 184|0x000000008b800000, 0x000000008b800000, 0x000000008b900000|  0%| F|  |TAMS 0x000000008b800000, 0x000000008b800000| Untracked 
| 185|0x000000008b900000, 0x000000008b900000, 0x000000008ba00000|  0%| F|  |TAMS 0x000000008b900000, 0x000000008b900000| Untracked 
| 186|0x000000008ba00000, 0x000000008ba00000, 0x000000008bb00000|  0%| F|  |TAMS 0x000000008ba00000, 0x000000008ba00000| Untracked 
| 187|0x000000008bb00000, 0x000000008bb00000, 0x000000008bc00000|  0%| F|  |TAMS 0x000000008bb00000, 0x000000008bb00000| Untracked 
| 188|0x000000008bc00000, 0x000000008bc00000, 0x000000008bd00000|  0%| F|  |TAMS 0x000000008bc00000, 0x000000008bc00000| Untracked 
| 189|0x000000008bd00000, 0x000000008bd00000, 0x000000008be00000|  0%| F|  |TAMS 0x000000008bd00000, 0x000000008bd00000| Untracked 
| 190|0x000000008be00000, 0x000000008be00000, 0x000000008bf00000|  0%| F|  |TAMS 0x000000008be00000, 0x000000008be00000| Untracked 
| 191|0x000000008bf00000, 0x000000008bf00000, 0x000000008c000000|  0%| F|  |TAMS 0x000000008bf00000, 0x000000008bf00000| Untracked 
| 192|0x000000008c000000, 0x000000008c000000, 0x000000008c100000|  0%| F|  |TAMS 0x000000008c000000, 0x000000008c000000| Untracked 
| 193|0x000000008c100000, 0x000000008c100000, 0x000000008c200000|  0%| F|  |TAMS 0x000000008c100000, 0x000000008c100000| Untracked 
| 194|0x000000008c200000, 0x000000008c200000, 0x000000008c300000|  0%| F|  |TAMS 0x000000008c200000, 0x000000008c200000| Untracked 
| 195|0x000000008c300000, 0x000000008c300000, 0x000000008c400000|  0%| F|  |TAMS 0x000000008c300000, 0x000000008c300000| Untracked 
| 196|0x000000008c400000, 0x000000008c400000, 0x000000008c500000|  0%| F|  |TAMS 0x000000008c400000, 0x000000008c400000| Untracked 
| 197|0x000000008c500000, 0x000000008c500000, 0x000000008c600000|  0%| F|  |TAMS 0x000000008c500000, 0x000000008c500000| Untracked 
| 198|0x000000008c600000, 0x000000008c600000, 0x000000008c700000|  0%| F|  |TAMS 0x000000008c600000, 0x000000008c600000| Untracked 
| 199|0x000000008c700000, 0x000000008c700000, 0x000000008c800000|  0%| F|  |TAMS 0x000000008c700000, 0x000000008c700000| Untracked 
| 200|0x000000008c800000, 0x000000008c800000, 0x000000008c900000|  0%| F|  |TAMS 0x000000008c800000, 0x000000008c800000| Untracked 
| 201|0x000000008c900000, 0x000000008c900000, 0x000000008ca00000|  0%| F|  |TAMS 0x000000008c900000, 0x000000008c900000| Untracked 
| 202|0x000000008ca00000, 0x000000008ca00000, 0x000000008cb00000|  0%| F|  |TAMS 0x000000008ca00000, 0x000000008ca00000| Untracked 
| 203|0x000000008cb00000, 0x000000008cb00000, 0x000000008cc00000|  0%| F|  |TAMS 0x000000008cb00000, 0x000000008cb00000| Untracked 
| 204|0x000000008cc00000, 0x000000008cc00000, 0x000000008cd00000|  0%| F|  |TAMS 0x000000008cc00000, 0x000000008cc00000| Untracked 
| 205|0x000000008cd00000, 0x000000008cd00000, 0x000000008ce00000|  0%| F|  |TAMS 0x000000008cd00000, 0x000000008cd00000| Untracked 
| 206|0x000000008ce00000, 0x000000008ce00000, 0x000000008cf00000|  0%| F|  |TAMS 0x000000008ce00000, 0x000000008ce00000| Untracked 
| 207|0x000000008cf00000, 0x000000008cf00000, 0x000000008d000000|  0%| F|  |TAMS 0x000000008cf00000, 0x000000008cf00000| Untracked 
| 208|0x000000008d000000, 0x000000008d000000, 0x000000008d100000|  0%| F|  |TAMS 0x000000008d000000, 0x000000008d000000| Untracked 
| 209|0x000000008d100000, 0x000000008d100000, 0x000000008d200000|  0%| F|  |TAMS 0x000000008d100000, 0x000000008d100000| Untracked 
| 210|0x000000008d200000, 0x000000008d200000, 0x000000008d300000|  0%| F|  |TAMS 0x000000008d200000, 0x000000008d200000| Untracked 
| 211|0x000000008d300000, 0x000000008d300000, 0x000000008d400000|  0%| F|  |TAMS 0x000000008d300000, 0x000000008d300000| Untracked 
| 212|0x000000008d400000, 0x000000008d400000, 0x000000008d500000|  0%| F|  |TAMS 0x000000008d400000, 0x000000008d400000| Untracked 
| 213|0x000000008d500000, 0x000000008d500000, 0x000000008d600000|  0%| F|  |TAMS 0x000000008d500000, 0x000000008d500000| Untracked 
| 214|0x000000008d600000, 0x000000008d600000, 0x000000008d700000|  0%| F|  |TAMS 0x000000008d600000, 0x000000008d600000| Untracked 
| 215|0x000000008d700000, 0x000000008d700000, 0x000000008d800000|  0%| F|  |TAMS 0x000000008d700000, 0x000000008d700000| Untracked 
| 216|0x000000008d800000, 0x000000008d800000, 0x000000008d900000|  0%| F|  |TAMS 0x000000008d800000, 0x000000008d800000| Untracked 
| 217|0x000000008d900000, 0x000000008d900000, 0x000000008da00000|  0%| F|  |TAMS 0x000000008d900000, 0x000000008d900000| Untracked 
| 218|0x000000008da00000, 0x000000008da00000, 0x000000008db00000|  0%| F|  |TAMS 0x000000008da00000, 0x000000008da00000| Untracked 
| 219|0x000000008db00000, 0x000000008db00000, 0x000000008dc00000|  0%| F|  |TAMS 0x000000008db00000, 0x000000008db00000| Untracked 
| 220|0x000000008dc00000, 0x000000008dc00000, 0x000000008dd00000|  0%| F|  |TAMS 0x000000008dc00000, 0x000000008dc00000| Untracked 
| 221|0x000000008dd00000, 0x000000008dd00000, 0x000000008de00000|  0%| F|  |TAMS 0x000000008dd00000, 0x000000008dd00000| Untracked 
| 222|0x000000008de00000, 0x000000008de00000, 0x000000008df00000|  0%| F|  |TAMS 0x000000008de00000, 0x000000008de00000| Untracked 
| 223|0x000000008df00000, 0x000000008df00000, 0x000000008e000000|  0%| F|  |TAMS 0x000000008df00000, 0x000000008df00000| Untracked 
| 224|0x000000008e000000, 0x000000008e000000, 0x000000008e100000|  0%| F|  |TAMS 0x000000008e000000, 0x000000008e000000| Untracked 
| 225|0x000000008e100000, 0x000000008e100000, 0x000000008e200000|  0%| F|  |TAMS 0x000000008e100000, 0x000000008e100000| Untracked 
| 226|0x000000008e200000, 0x000000008e200000, 0x000000008e300000|  0%| F|  |TAMS 0x000000008e200000, 0x000000008e200000| Untracked 
| 227|0x000000008e300000, 0x000000008e300000, 0x000000008e400000|  0%| F|  |TAMS 0x000000008e300000, 0x000000008e300000| Untracked 
| 228|0x000000008e400000, 0x000000008e400000, 0x000000008e500000|  0%| F|  |TAMS 0x000000008e400000, 0x000000008e400000| Untracked 
| 229|0x000000008e500000, 0x000000008e500000, 0x000000008e600000|  0%| F|  |TAMS 0x000000008e500000, 0x000000008e500000| Untracked 
| 230|0x000000008e600000, 0x000000008e600000, 0x000000008e700000|  0%| F|  |TAMS 0x000000008e600000, 0x000000008e600000| Untracked 
| 231|0x000000008e700000, 0x000000008e700000, 0x000000008e800000|  0%| F|  |TAMS 0x000000008e700000, 0x000000008e700000| Untracked 
| 232|0x000000008e800000, 0x000000008e800000, 0x000000008e900000|  0%| F|  |TAMS 0x000000008e800000, 0x000000008e800000| Untracked 
| 233|0x000000008e900000, 0x000000008e900000, 0x000000008ea00000|  0%| F|  |TAMS 0x000000008e900000, 0x000000008e900000| Untracked 
| 234|0x000000008ea00000, 0x000000008ea00000, 0x000000008eb00000|  0%| F|  |TAMS 0x000000008ea00000, 0x000000008ea00000| Untracked 
| 235|0x000000008eb00000, 0x000000008eb00000, 0x000000008ec00000|  0%| F|  |TAMS 0x000000008eb00000, 0x000000008eb00000| Untracked 
| 236|0x000000008ec00000, 0x000000008ec00000, 0x000000008ed00000|  0%| F|  |TAMS 0x000000008ec00000, 0x000000008ec00000| Untracked 
| 237|0x000000008ed00000, 0x000000008ed00000, 0x000000008ee00000|  0%| F|  |TAMS 0x000000008ed00000, 0x000000008ed00000| Untracked 
| 238|0x000000008ee00000, 0x000000008ee00000, 0x000000008ef00000|  0%| F|  |TAMS 0x000000008ee00000, 0x000000008ee00000| Untracked 
| 239|0x000000008ef00000, 0x000000008ef00000, 0x000000008f000000|  0%| F|  |TAMS 0x000000008ef00000, 0x000000008ef00000| Untracked 
| 240|0x000000008f000000, 0x000000008f000000, 0x000000008f100000|  0%| F|  |TAMS 0x000000008f000000, 0x000000008f000000| Untracked 
| 241|0x000000008f100000, 0x000000008f100000, 0x000000008f200000|  0%| F|  |TAMS 0x000000008f100000, 0x000000008f100000| Untracked 
| 242|0x000000008f200000, 0x000000008f200000, 0x000000008f300000|  0%| F|  |TAMS 0x000000008f200000, 0x000000008f200000| Untracked 
| 243|0x000000008f300000, 0x000000008f300000, 0x000000008f400000|  0%| F|  |TAMS 0x000000008f300000, 0x000000008f300000| Untracked 
| 244|0x000000008f400000, 0x000000008f400000, 0x000000008f500000|  0%| F|  |TAMS 0x000000008f400000, 0x000000008f400000| Untracked 
| 245|0x000000008f500000, 0x000000008f500000, 0x000000008f600000|  0%| F|  |TAMS 0x000000008f500000, 0x000000008f500000| Untracked 
| 246|0x000000008f600000, 0x000000008f600000, 0x000000008f700000|  0%| F|  |TAMS 0x000000008f600000, 0x000000008f600000| Untracked 
| 247|0x000000008f700000, 0x000000008f700000, 0x000000008f800000|  0%| F|  |TAMS 0x000000008f700000, 0x000000008f700000| Untracked 
| 248|0x000000008f800000, 0x000000008f800000, 0x000000008f900000|  0%| F|  |TAMS 0x000000008f800000, 0x000000008f800000| Untracked 
| 249|0x000000008f900000, 0x000000008f900000, 0x000000008fa00000|  0%| F|  |TAMS 0x000000008f900000, 0x000000008f900000| Untracked 
| 250|0x000000008fa00000, 0x000000008fa00000, 0x000000008fb00000|  0%| F|  |TAMS 0x000000008fa00000, 0x000000008fa00000| Untracked 
| 251|0x000000008fb00000, 0x000000008fb00000, 0x000000008fc00000|  0%| F|  |TAMS 0x000000008fb00000, 0x000000008fb00000| Untracked 
| 252|0x000000008fc00000, 0x000000008fc00000, 0x000000008fd00000|  0%| F|  |TAMS 0x000000008fc00000, 0x000000008fc00000| Untracked 
| 253|0x000000008fd00000, 0x000000008fd00000, 0x000000008fe00000|  0%| F|  |TAMS 0x000000008fd00000, 0x000000008fd00000| Untracked 
| 254|0x000000008fe00000, 0x000000008fe00000, 0x000000008ff00000|  0%| F|  |TAMS 0x000000008fe00000, 0x000000008fe00000| Untracked 
| 255|0x000000008ff00000, 0x000000008ff00000, 0x0000000090000000|  0%| F|  |TAMS 0x000000008ff00000, 0x000000008ff00000| Untracked 
| 256|0x0000000090000000, 0x0000000090000000, 0x0000000090100000|  0%| F|  |TAMS 0x0000000090000000, 0x0000000090000000| Untracked 
| 257|0x0000000090100000, 0x0000000090100000, 0x0000000090200000|  0%| F|  |TAMS 0x0000000090100000, 0x0000000090100000| Untracked 
| 258|0x0000000090200000, 0x0000000090200000, 0x0000000090300000|  0%| F|  |TAMS 0x0000000090200000, 0x0000000090200000| Untracked 
| 259|0x0000000090300000, 0x0000000090300000, 0x0000000090400000|  0%| F|  |TAMS 0x0000000090300000, 0x0000000090300000| Untracked 
| 260|0x0000000090400000, 0x0000000090400000, 0x0000000090500000|  0%| F|  |TAMS 0x0000000090400000, 0x0000000090400000| Untracked 
| 261|0x0000000090500000, 0x0000000090500000, 0x0000000090600000|  0%| F|  |TAMS 0x0000000090500000, 0x0000000090500000| Untracked 
| 262|0x0000000090600000, 0x0000000090600000, 0x0000000090700000|  0%| F|  |TAMS 0x0000000090600000, 0x0000000090600000| Untracked 
| 263|0x0000000090700000, 0x0000000090700000, 0x0000000090800000|  0%| F|  |TAMS 0x0000000090700000, 0x0000000090700000| Untracked 
| 264|0x0000000090800000, 0x0000000090800000, 0x0000000090900000|  0%| F|  |TAMS 0x0000000090800000, 0x0000000090800000| Untracked 
| 265|0x0000000090900000, 0x0000000090900000, 0x0000000090a00000|  0%| F|  |TAMS 0x0000000090900000, 0x0000000090900000| Untracked 
| 266|0x0000000090a00000, 0x0000000090a00000, 0x0000000090b00000|  0%| F|  |TAMS 0x0000000090a00000, 0x0000000090a00000| Untracked 
| 267|0x0000000090b00000, 0x0000000090b00000, 0x0000000090c00000|  0%| F|  |TAMS 0x0000000090b00000, 0x0000000090b00000| Untracked 
| 268|0x0000000090c00000, 0x0000000090c00000, 0x0000000090d00000|  0%| F|  |TAMS 0x0000000090c00000, 0x0000000090c00000| Untracked 
| 269|0x0000000090d00000, 0x0000000090d00000, 0x0000000090e00000|  0%| F|  |TAMS 0x0000000090d00000, 0x0000000090d00000| Untracked 
| 270|0x0000000090e00000, 0x0000000090e00000, 0x0000000090f00000|  0%| F|  |TAMS 0x0000000090e00000, 0x0000000090e00000| Untracked 
| 271|0x0000000090f00000, 0x0000000090f00000, 0x0000000091000000|  0%| F|  |TAMS 0x0000000090f00000, 0x0000000090f00000| Untracked 
| 272|0x0000000091000000, 0x0000000091000000, 0x0000000091100000|  0%| F|  |TAMS 0x0000000091000000, 0x0000000091000000| Untracked 
| 273|0x0000000091100000, 0x0000000091100000, 0x0000000091200000|  0%| F|  |TAMS 0x0000000091100000, 0x0000000091100000| Untracked 
| 274|0x0000000091200000, 0x0000000091200000, 0x0000000091300000|  0%| F|  |TAMS 0x0000000091200000, 0x0000000091200000| Untracked 
| 275|0x0000000091300000, 0x0000000091300000, 0x0000000091400000|  0%| F|  |TAMS 0x0000000091300000, 0x0000000091300000| Untracked 
| 276|0x0000000091400000, 0x0000000091400000, 0x0000000091500000|  0%| F|  |TAMS 0x0000000091400000, 0x0000000091400000| Untracked 
| 277|0x0000000091500000, 0x0000000091500000, 0x0000000091600000|  0%| F|  |TAMS 0x0000000091500000, 0x0000000091500000| Untracked 
| 278|0x0000000091600000, 0x0000000091600000, 0x0000000091700000|  0%| F|  |TAMS 0x0000000091600000, 0x0000000091600000| Untracked 
| 279|0x0000000091700000, 0x0000000091700000, 0x0000000091800000|  0%| F|  |TAMS 0x0000000091700000, 0x0000000091700000| Untracked 
| 280|0x0000000091800000, 0x0000000091800000, 0x0000000091900000|  0%| F|  |TAMS 0x0000000091800000, 0x0000000091800000| Untracked 
| 281|0x0000000091900000, 0x0000000091900000, 0x0000000091a00000|  0%| F|  |TAMS 0x0000000091900000, 0x0000000091900000| Untracked 
| 282|0x0000000091a00000, 0x0000000091a00000, 0x0000000091b00000|  0%| F|  |TAMS 0x0000000091a00000, 0x0000000091a00000| Untracked 
| 283|0x0000000091b00000, 0x0000000091b00000, 0x0000000091c00000|  0%| F|  |TAMS 0x0000000091b00000, 0x0000000091b00000| Untracked 
| 284|0x0000000091c00000, 0x0000000091c00000, 0x0000000091d00000|  0%| F|  |TAMS 0x0000000091c00000, 0x0000000091c00000| Untracked 
| 285|0x0000000091d00000, 0x0000000091d00000, 0x0000000091e00000|  0%| F|  |TAMS 0x0000000091d00000, 0x0000000091d00000| Untracked 
| 286|0x0000000091e00000, 0x0000000091e00000, 0x0000000091f00000|  0%| F|  |TAMS 0x0000000091e00000, 0x0000000091e00000| Untracked 
| 287|0x0000000091f00000, 0x0000000091f00000, 0x0000000092000000|  0%| F|  |TAMS 0x0000000091f00000, 0x0000000091f00000| Untracked 
| 288|0x0000000092000000, 0x0000000092000000, 0x0000000092100000|  0%| F|  |TAMS 0x0000000092000000, 0x0000000092000000| Untracked 
| 289|0x0000000092100000, 0x0000000092100000, 0x0000000092200000|  0%| F|  |TAMS 0x0000000092100000, 0x0000000092100000| Untracked 
| 290|0x0000000092200000, 0x0000000092200000, 0x0000000092300000|  0%| F|  |TAMS 0x0000000092200000, 0x0000000092200000| Untracked 
| 291|0x0000000092300000, 0x0000000092300000, 0x0000000092400000|  0%| F|  |TAMS 0x0000000092300000, 0x0000000092300000| Untracked 
| 292|0x0000000092400000, 0x0000000092400000, 0x0000000092500000|  0%| F|  |TAMS 0x0000000092400000, 0x0000000092400000| Untracked 
| 293|0x0000000092500000, 0x0000000092500000, 0x0000000092600000|  0%| F|  |TAMS 0x0000000092500000, 0x0000000092500000| Untracked 
| 294|0x0000000092600000, 0x0000000092600000, 0x0000000092700000|  0%| F|  |TAMS 0x0000000092600000, 0x0000000092600000| Untracked 
| 295|0x0000000092700000, 0x0000000092700000, 0x0000000092800000|  0%| F|  |TAMS 0x0000000092700000, 0x0000000092700000| Untracked 
| 296|0x0000000092800000, 0x0000000092800000, 0x0000000092900000|  0%| F|  |TAMS 0x0000000092800000, 0x0000000092800000| Untracked 
| 297|0x0000000092900000, 0x0000000092900000, 0x0000000092a00000|  0%| F|  |TAMS 0x0000000092900000, 0x0000000092900000| Untracked 
| 298|0x0000000092a00000, 0x0000000092a00000, 0x0000000092b00000|  0%| F|  |TAMS 0x0000000092a00000, 0x0000000092a00000| Untracked 
| 299|0x0000000092b00000, 0x0000000092b00000, 0x0000000092c00000|  0%| F|  |TAMS 0x0000000092b00000, 0x0000000092b00000| Untracked 
| 300|0x0000000092c00000, 0x0000000092c00000, 0x0000000092d00000|  0%| F|  |TAMS 0x0000000092c00000, 0x0000000092c00000| Untracked 
| 301|0x0000000092d00000, 0x0000000092d00000, 0x0000000092e00000|  0%| F|  |TAMS 0x0000000092d00000, 0x0000000092d00000| Untracked 
| 302|0x0000000092e00000, 0x0000000092e00000, 0x0000000092f00000|  0%| F|  |TAMS 0x0000000092e00000, 0x0000000092e00000| Untracked 
| 303|0x0000000092f00000, 0x0000000092f00000, 0x0000000093000000|  0%| F|  |TAMS 0x0000000092f00000, 0x0000000092f00000| Untracked 
| 304|0x0000000093000000, 0x0000000093000000, 0x0000000093100000|  0%| F|  |TAMS 0x0000000093000000, 0x0000000093000000| Untracked 
| 305|0x0000000093100000, 0x0000000093100000, 0x0000000093200000|  0%| F|  |TAMS 0x0000000093100000, 0x0000000093100000| Untracked 
| 306|0x0000000093200000, 0x0000000093200000, 0x0000000093300000|  0%| F|  |TAMS 0x0000000093200000, 0x0000000093200000| Untracked 
| 307|0x0000000093300000, 0x0000000093300000, 0x0000000093400000|  0%| F|  |TAMS 0x0000000093300000, 0x0000000093300000| Untracked 
| 308|0x0000000093400000, 0x0000000093400000, 0x0000000093500000|  0%| F|  |TAMS 0x0000000093400000, 0x0000000093400000| Untracked 
| 309|0x0000000093500000, 0x0000000093500000, 0x0000000093600000|  0%| F|  |TAMS 0x0000000093500000, 0x0000000093500000| Untracked 
| 310|0x0000000093600000, 0x0000000093600000, 0x0000000093700000|  0%| F|  |TAMS 0x0000000093600000, 0x0000000093600000| Untracked 
| 311|0x0000000093700000, 0x0000000093700000, 0x0000000093800000|  0%| F|  |TAMS 0x0000000093700000, 0x0000000093700000| Untracked 
| 312|0x0000000093800000, 0x0000000093800000, 0x0000000093900000|  0%| F|  |TAMS 0x0000000093800000, 0x0000000093800000| Untracked 
| 313|0x0000000093900000, 0x0000000093900000, 0x0000000093a00000|  0%| F|  |TAMS 0x0000000093900000, 0x0000000093900000| Untracked 
| 314|0x0000000093a00000, 0x0000000093a00000, 0x0000000093b00000|  0%| F|  |TAMS 0x0000000093a00000, 0x0000000093a00000| Untracked 
| 315|0x0000000093b00000, 0x0000000093b00000, 0x0000000093c00000|  0%| F|  |TAMS 0x0000000093b00000, 0x0000000093b00000| Untracked 
| 316|0x0000000093c00000, 0x0000000093c00000, 0x0000000093d00000|  0%| F|  |TAMS 0x0000000093c00000, 0x0000000093c00000| Untracked 
| 317|0x0000000093d00000, 0x0000000093d00000, 0x0000000093e00000|  0%| F|  |TAMS 0x0000000093d00000, 0x0000000093d00000| Untracked 
| 318|0x0000000093e00000, 0x0000000093e00000, 0x0000000093f00000|  0%| F|  |TAMS 0x0000000093e00000, 0x0000000093e00000| Untracked 
| 319|0x0000000093f00000, 0x0000000093f00000, 0x0000000094000000|  0%| F|  |TAMS 0x0000000093f00000, 0x0000000093f00000| Untracked 
| 320|0x0000000094000000, 0x0000000094000000, 0x0000000094100000|  0%| F|  |TAMS 0x0000000094000000, 0x0000000094000000| Untracked 
| 321|0x0000000094100000, 0x0000000094100000, 0x0000000094200000|  0%| F|  |TAMS 0x0000000094100000, 0x0000000094100000| Untracked 
| 322|0x0000000094200000, 0x0000000094200000, 0x0000000094300000|  0%| F|  |TAMS 0x0000000094200000, 0x0000000094200000| Untracked 
| 323|0x0000000094300000, 0x0000000094300000, 0x0000000094400000|  0%| F|  |TAMS 0x0000000094300000, 0x0000000094300000| Untracked 
| 324|0x0000000094400000, 0x0000000094400000, 0x0000000094500000|  0%| F|  |TAMS 0x0000000094400000, 0x0000000094400000| Untracked 
| 325|0x0000000094500000, 0x0000000094500000, 0x0000000094600000|  0%| F|  |TAMS 0x0000000094500000, 0x0000000094500000| Untracked 
| 326|0x0000000094600000, 0x0000000094600000, 0x0000000094700000|  0%| F|  |TAMS 0x0000000094600000, 0x0000000094600000| Untracked 
| 327|0x0000000094700000, 0x0000000094700000, 0x0000000094800000|  0%| F|  |TAMS 0x0000000094700000, 0x0000000094700000| Untracked 
| 328|0x0000000094800000, 0x0000000094800000, 0x0000000094900000|  0%| F|  |TAMS 0x0000000094800000, 0x0000000094800000| Untracked 
| 329|0x0000000094900000, 0x0000000094900000, 0x0000000094a00000|  0%| F|  |TAMS 0x0000000094900000, 0x0000000094900000| Untracked 
| 330|0x0000000094a00000, 0x0000000094a00000, 0x0000000094b00000|  0%| F|  |TAMS 0x0000000094a00000, 0x0000000094a00000| Untracked 
| 331|0x0000000094b00000, 0x0000000094b00000, 0x0000000094c00000|  0%| F|  |TAMS 0x0000000094b00000, 0x0000000094b00000| Untracked 
| 332|0x0000000094c00000, 0x0000000094c00000, 0x0000000094d00000|  0%| F|  |TAMS 0x0000000094c00000, 0x0000000094c00000| Untracked 
| 333|0x0000000094d00000, 0x0000000094d00000, 0x0000000094e00000|  0%| F|  |TAMS 0x0000000094d00000, 0x0000000094d00000| Untracked 
| 334|0x0000000094e00000, 0x0000000094e00000, 0x0000000094f00000|  0%| F|  |TAMS 0x0000000094e00000, 0x0000000094e00000| Untracked 
| 335|0x0000000094f00000, 0x0000000094f00000, 0x0000000095000000|  0%| F|  |TAMS 0x0000000094f00000, 0x0000000094f00000| Untracked 
| 336|0x0000000095000000, 0x0000000095000000, 0x0000000095100000|  0%| F|  |TAMS 0x0000000095000000, 0x0000000095000000| Untracked 
| 337|0x0000000095100000, 0x0000000095100000, 0x0000000095200000|  0%| F|  |TAMS 0x0000000095100000, 0x0000000095100000| Untracked 
| 338|0x0000000095200000, 0x0000000095200000, 0x0000000095300000|  0%| F|  |TAMS 0x0000000095200000, 0x0000000095200000| Untracked 
| 339|0x0000000095300000, 0x0000000095300000, 0x0000000095400000|  0%| F|  |TAMS 0x0000000095300000, 0x0000000095300000| Untracked 
| 340|0x0000000095400000, 0x0000000095400000, 0x0000000095500000|  0%| F|  |TAMS 0x0000000095400000, 0x0000000095400000| Untracked 
| 341|0x0000000095500000, 0x0000000095500000, 0x0000000095600000|  0%| F|  |TAMS 0x0000000095500000, 0x0000000095500000| Untracked 
| 342|0x0000000095600000, 0x0000000095600000, 0x0000000095700000|  0%| F|  |TAMS 0x0000000095600000, 0x0000000095600000| Untracked 
| 343|0x0000000095700000, 0x0000000095700000, 0x0000000095800000|  0%| F|  |TAMS 0x0000000095700000, 0x0000000095700000| Untracked 
| 344|0x0000000095800000, 0x0000000095800000, 0x0000000095900000|  0%| F|  |TAMS 0x0000000095800000, 0x0000000095800000| Untracked 
| 345|0x0000000095900000, 0x0000000095900000, 0x0000000095a00000|  0%| F|  |TAMS 0x0000000095900000, 0x0000000095900000| Untracked 
| 346|0x0000000095a00000, 0x0000000095a00000, 0x0000000095b00000|  0%| F|  |TAMS 0x0000000095a00000, 0x0000000095a00000| Untracked 
| 347|0x0000000095b00000, 0x0000000095b00000, 0x0000000095c00000|  0%| F|  |TAMS 0x0000000095b00000, 0x0000000095b00000| Untracked 
| 348|0x0000000095c00000, 0x0000000095c00000, 0x0000000095d00000|  0%| F|  |TAMS 0x0000000095c00000, 0x0000000095c00000| Untracked 
| 349|0x0000000095d00000, 0x0000000095d00000, 0x0000000095e00000|  0%| F|  |TAMS 0x0000000095d00000, 0x0000000095d00000| Untracked 
| 350|0x0000000095e00000, 0x0000000095e00000, 0x0000000095f00000|  0%| F|  |TAMS 0x0000000095e00000, 0x0000000095e00000| Untracked 
| 351|0x0000000095f00000, 0x0000000096000000, 0x0000000096000000|100%| S|CS|TAMS 0x0000000095f00000, 0x0000000095f00000| Complete 
| 352|0x0000000096000000, 0x0000000096100000, 0x0000000096100000|100%| S|CS|TAMS 0x0000000096000000, 0x0000000096000000| Complete 
| 353|0x0000000096100000, 0x0000000096200000, 0x0000000096200000|100%| S|CS|TAMS 0x0000000096100000, 0x0000000096100000| Complete 
| 354|0x0000000096200000, 0x0000000096300000, 0x0000000096300000|100%| S|CS|TAMS 0x0000000096200000, 0x0000000096200000| Complete 
| 355|0x0000000096300000, 0x0000000096400000, 0x0000000096400000|100%| S|CS|TAMS 0x0000000096300000, 0x0000000096300000| Complete 
| 356|0x0000000096400000, 0x0000000096500000, 0x0000000096500000|100%| S|CS|TAMS 0x0000000096400000, 0x0000000096400000| Complete 
| 357|0x0000000096500000, 0x0000000096500000, 0x0000000096600000|  0%| F|  |TAMS 0x0000000096500000, 0x0000000096500000| Untracked 
| 358|0x0000000096600000, 0x0000000096600000, 0x0000000096700000|  0%| F|  |TAMS 0x0000000096600000, 0x0000000096600000| Untracked 
| 359|0x0000000096700000, 0x0000000096700000, 0x0000000096800000|  0%| F|  |TAMS 0x0000000096700000, 0x0000000096700000| Untracked 
| 360|0x0000000096800000, 0x0000000096800000, 0x0000000096900000|  0%| F|  |TAMS 0x0000000096800000, 0x0000000096800000| Untracked 
| 361|0x0000000096900000, 0x0000000096900000, 0x0000000096a00000|  0%| F|  |TAMS 0x0000000096900000, 0x0000000096900000| Untracked 
| 362|0x0000000096a00000, 0x0000000096a00000, 0x0000000096b00000|  0%| F|  |TAMS 0x0000000096a00000, 0x0000000096a00000| Untracked 
| 363|0x0000000096b00000, 0x0000000096b00000, 0x0000000096c00000|  0%| F|  |TAMS 0x0000000096b00000, 0x0000000096b00000| Untracked 
| 364|0x0000000096c00000, 0x0000000096c00000, 0x0000000096d00000|  0%| F|  |TAMS 0x0000000096c00000, 0x0000000096c00000| Untracked 
| 365|0x0000000096d00000, 0x0000000096d00000, 0x0000000096e00000|  0%| F|  |TAMS 0x0000000096d00000, 0x0000000096d00000| Untracked 
| 366|0x0000000096e00000, 0x0000000096e00000, 0x0000000096f00000|  0%| F|  |TAMS 0x0000000096e00000, 0x0000000096e00000| Untracked 
| 367|0x0000000096f00000, 0x0000000096f00000, 0x0000000097000000|  0%| F|  |TAMS 0x0000000096f00000, 0x0000000096f00000| Untracked 
| 368|0x0000000097000000, 0x0000000097000000, 0x0000000097100000|  0%| F|  |TAMS 0x0000000097000000, 0x0000000097000000| Untracked 
| 369|0x0000000097100000, 0x0000000097100000, 0x0000000097200000|  0%| F|  |TAMS 0x0000000097100000, 0x0000000097100000| Untracked 
| 370|0x0000000097200000, 0x0000000097200000, 0x0000000097300000|  0%| F|  |TAMS 0x0000000097200000, 0x0000000097200000| Untracked 
| 371|0x0000000097300000, 0x0000000097300000, 0x0000000097400000|  0%| F|  |TAMS 0x0000000097300000, 0x0000000097300000| Untracked 
| 372|0x0000000097400000, 0x0000000097400000, 0x0000000097500000|  0%| F|  |TAMS 0x0000000097400000, 0x0000000097400000| Untracked 
| 373|0x0000000097500000, 0x0000000097500000, 0x0000000097600000|  0%| F|  |TAMS 0x0000000097500000, 0x0000000097500000| Untracked 
| 374|0x0000000097600000, 0x0000000097600000, 0x0000000097700000|  0%| F|  |TAMS 0x0000000097600000, 0x0000000097600000| Untracked 
| 375|0x0000000097700000, 0x0000000097700000, 0x0000000097800000|  0%| F|  |TAMS 0x0000000097700000, 0x0000000097700000| Untracked 
| 376|0x0000000097800000, 0x0000000097800000, 0x0000000097900000|  0%| F|  |TAMS 0x0000000097800000, 0x0000000097800000| Untracked 
| 377|0x0000000097900000, 0x0000000097900000, 0x0000000097a00000|  0%| F|  |TAMS 0x0000000097900000, 0x0000000097900000| Untracked 
| 378|0x0000000097a00000, 0x0000000097a00000, 0x0000000097b00000|  0%| F|  |TAMS 0x0000000097a00000, 0x0000000097a00000| Untracked 
| 379|0x0000000097b00000, 0x0000000097b00000, 0x0000000097c00000|  0%| F|  |TAMS 0x0000000097b00000, 0x0000000097b00000| Untracked 
| 380|0x0000000097c00000, 0x0000000097c00000, 0x0000000097d00000|  0%| F|  |TAMS 0x0000000097c00000, 0x0000000097c00000| Untracked 
| 381|0x0000000097d00000, 0x0000000097d00000, 0x0000000097e00000|  0%| F|  |TAMS 0x0000000097d00000, 0x0000000097d00000| Untracked 
| 382|0x0000000097e00000, 0x0000000097e00000, 0x0000000097f00000|  0%| F|  |TAMS 0x0000000097e00000, 0x0000000097e00000| Untracked 
| 383|0x0000000097f00000, 0x0000000097f00000, 0x0000000098000000|  0%| F|  |TAMS 0x0000000097f00000, 0x0000000097f00000| Untracked 
| 384|0x0000000098000000, 0x0000000098000000, 0x0000000098100000|  0%| F|  |TAMS 0x0000000098000000, 0x0000000098000000| Untracked 
| 385|0x0000000098100000, 0x0000000098100000, 0x0000000098200000|  0%| F|  |TAMS 0x0000000098100000, 0x0000000098100000| Untracked 
| 386|0x0000000098200000, 0x0000000098200000, 0x0000000098300000|  0%| F|  |TAMS 0x0000000098200000, 0x0000000098200000| Untracked 

Card table byte_map: [0x0000019eaa5c0000,0x0000019eaa9c0000] _byte_map_base: 0x0000019eaa1c0000

Marking Bits (Prev, Next): (CMBitMap*) 0x0000019e970ed930, (CMBitMap*) 0x0000019e970ed8f8
 Prev Bits: [0x0000019eacdc0000, 0x0000019eaedc0000)
 Next Bits: [0x0000019eaadc0000, 0x0000019eacdc0000)

Polling page: 0x0000019e956e0000

Metaspace:

Usage:
  Non-class:     88.28 MB capacity,    86.61 MB ( 98%) used,     1.34 MB (  2%) free+waste,   342.38 KB ( <1%) overhead. 
      Class:     13.80 MB capacity,    12.77 MB ( 93%) used,   905.73 KB (  6%) free+waste,   150.94 KB (  1%) overhead. 
       Both:    102.08 MB capacity,    99.37 MB ( 97%) used,     2.23 MB (  2%) free+waste,   493.31 KB ( <1%) overhead. 

Virtual space:
  Non-class space:       90.00 MB reserved,      88.50 MB ( 98%) committed 
      Class space:        1.00 GB reserved,      13.82 MB (  1%) committed 
             Both:        1.09 GB reserved,     102.32 MB (  9%) committed 

Chunk freelists:
   Non-Class:  33.00 KB
       Class:  15.00 KB
        Both:  48.00 KB

MaxMetaspaceSize: 17179869184.00 GB
CompressedClassSpaceSize: 1.00 GB

CodeHeap 'non-profiled nmethods': size=120064Kb used=8922Kb max_used=9766Kb free=111141Kb
 bounds [0x0000019ea2660000, 0x0000019ea2ff0000, 0x0000019ea9ba0000]
CodeHeap 'profiled nmethods': size=120000Kb used=39918Kb max_used=42263Kb free=80081Kb
 bounds [0x0000019e9b130000, 0x0000019e9da80000, 0x0000019ea2660000]
CodeHeap 'non-nmethods': size=5696Kb used=2302Kb max_used=2383Kb free=3393Kb
 bounds [0x0000019e9aba0000, 0x0000019e9ae10000, 0x0000019e9b130000]
 total_blobs=16522 nmethods=15599 adapters=834
 compilation: enabled
              stopped_count=0, restarted_count=0
 full_count=0

Compilation events (20 events):
Event: 71.543 Thread 0x0000019eb13cc000 nmethod 17119 0x0000019ea269f190 code [0x0000019ea269f480, 0x0000019ea26a0a50]
Event: 71.543 Thread 0x0000019eb13cc000 17124       4       com.android.tools.r8.graph.t::hashCode (18 bytes)
Event: 71.544 Thread 0x0000019ebee2f000 nmethod 17118 0x0000019ea268b090 code [0x0000019ea268b280, 0x0000019ea268b9d8]
Event: 71.544 Thread 0x0000019ebee2f000 17141       4       com.android.tools.r8.graph.r::hashCode (15 bytes)
Event: 71.545 Thread 0x0000019eb13d7000 17144       3       com.android.tools.r8.graph.G$j$$Lambda$1585/0x0000000100d8b440::applyAsInt (8 bytes)
Event: 71.545 Thread 0x0000019eb13d7000 nmethod 17144 0x0000019e9b131090 code [0x0000019e9b131240, 0x0000019e9b131438]
Event: 71.545 Thread 0x0000019eb13d7000 17145       3       com.android.tools.r8.graph.G$j$$Lambda$1586/0x0000000100d8a840::apply (8 bytes)
Event: 71.546 Thread 0x0000019eb13d7000 nmethod 17145 0x0000019e9b134610 code [0x0000019e9b1347c0, 0x0000019e9b1349b8]
Event: 71.551 Thread 0x0000019eb13cc000 nmethod 17124 0x0000019ea2684f90 code [0x0000019ea2685140, 0x0000019ea2685398]
Event: 71.551 Thread 0x0000019eb13cc000 17143       4       com.android.tools.r8.graph.J$$Lambda$1381/0x0000000100d44840::apply (8 bytes)
Event: 71.552 Thread 0x0000019eb13cc000 nmethod 17143 0x0000019ea2681810 code [0x0000019ea26819a0, 0x0000019ea2681a38]
Event: 71.552 Thread 0x0000019eb13cc000 17146       4       com.android.tools.r8.graph.J$$Lambda$1385/0x0000000100d45840::apply (8 bytes)
Event: 71.553 Thread 0x0000019eb13cc000 nmethod 17146 0x0000019ea2684c10 code [0x0000019ea2684da0, 0x0000019ea2684e38]
Event: 71.553 Thread 0x0000019eb13cc000 17132       4       com.android.tools.r8.graph.f0$d::hashCode (8 bytes)
Event: 71.553 Thread 0x0000019eb13cc000 nmethod 17132 0x0000019ea268ad90 code [0x0000019ea268af20, 0x0000019ea268afa8]
Event: 71.553 Thread 0x0000019eb13cc000 17127       4       com.android.tools.r8.graph.f0$v::a0 (4 bytes)
Event: 71.554 Thread 0x0000019eb13cc000 nmethod 17127 0x0000019ea2660410 code [0x0000019ea26605a0, 0x0000019ea2660618]
Event: 71.554 Thread 0x0000019eb13cc000 17126       4       com.android.tools.r8.graph.f0$l::hashCode (8 bytes)
Event: 71.554 Thread 0x0000019eb13cc000 nmethod 17126 0x0000019ea266b990 code [0x0000019ea266bb20, 0x0000019ea266bb78]
Event: 71.554 Thread 0x0000019eb13cc000 17125       4       com.android.tools.r8.graph.r::a (7 bytes)

GC Heap History (20 events):
Event: 45.776 GC heap after
{Heap after GC invocations=43 (full 0):
 garbage-first heap   total 329728K, used 123201K [0x0000000080000000, 0x0000000100000000)
  region size 1024K, 7 young (7168K), 7 survivors (7168K)
 Metaspace       used 98118K, capacity 100723K, committed 100812K, reserved 1136640K
  class space    used 12731K, capacity 13689K, committed 13772K, reserved 1048576K
}
Event: 47.237 GC heap before
{Heap before GC invocations=43 (full 0):
 garbage-first heap   total 329728K, used 258369K [0x0000000080000000, 0x0000000100000000)
  region size 1024K, 139 young (142336K), 7 survivors (7168K)
 Metaspace       used 98132K, capacity 100727K, committed 100812K, reserved 1136640K
  class space    used 12733K, capacity 13690K, committed 13772K, reserved 1048576K
}
Event: 47.255 GC heap after
{Heap after GC invocations=44 (full 0):
 garbage-first heap   total 329728K, used 123534K [0x0000000080000000, 0x0000000100000000)
  region size 1024K, 7 young (7168K), 7 survivors (7168K)
 Metaspace       used 98132K, capacity 100727K, committed 100812K, reserved 1136640K
  class space    used 12733K, capacity 13690K, committed 13772K, reserved 1048576K
}
Event: 48.473 GC heap before
{Heap before GC invocations=44 (full 0):
 garbage-first heap   total 329728K, used 277134K [0x0000000080000000, 0x0000000100000000)
  region size 1024K, 157 young (160768K), 7 survivors (7168K)
 Metaspace       used 98684K, capacity 101259K, committed 101452K, reserved 1136640K
  class space    used 12795K, capacity 13761K, committed 13900K, reserved 1048576K
}
Event: 48.495 GC heap after
{Heap after GC invocations=45 (full 0):
 garbage-first heap   total 329728K, used 125321K [0x0000000080000000, 0x0000000100000000)
  region size 1024K, 9 young (9216K), 9 survivors (9216K)
 Metaspace       used 98684K, capacity 101259K, committed 101452K, reserved 1136640K
  class space    used 12795K, capacity 13761K, committed 13900K, reserved 1048576K
}
Event: 49.803 GC heap before
{Heap before GC invocations=45 (full 0):
 garbage-first heap   total 329728K, used 284041K [0x0000000080000000, 0x0000000100000000)
  region size 1024K, 163 young (166912K), 9 survivors (9216K)
 Metaspace       used 99432K, capacity 102180K, committed 102348K, reserved 1138688K
  class space    used 12879K, capacity 13906K, committed 14028K, reserved 1048576K
}
Event: 49.833 GC heap after
{Heap after GC invocations=46 (full 0):
 garbage-first heap   total 329728K, used 131862K [0x0000000080000000, 0x0000000100000000)
  region size 1024K, 14 young (14336K), 14 survivors (14336K)
 Metaspace       used 99432K, capacity 102180K, committed 102348K, reserved 1138688K
  class space    used 12879K, capacity 13906K, committed 14028K, reserved 1048576K
}
Event: 51.190 GC heap before
{Heap before GC invocations=46 (full 0):
 garbage-first heap   total 329728K, used 281366K [0x0000000080000000, 0x0000000100000000)
  region size 1024K, 160 young (163840K), 14 survivors (14336K)
 Metaspace       used 99662K, capacity 102317K, committed 102604K, reserved 1138688K
  class space    used 12885K, capacity 13906K, committed 14028K, reserved 1048576K
}
Event: 51.227 GC heap after
{Heap after GC invocations=47 (full 0):
 garbage-first heap   total 329728K, used 126808K [0x0000000080000000, 0x0000000100000000)
  region size 1024K, 7 young (7168K), 7 survivors (7168K)
 Metaspace       used 99662K, capacity 102317K, committed 102604K, reserved 1138688K
  class space    used 12885K, capacity 13906K, committed 14028K, reserved 1048576K
}
Event: 52.831 GC heap before
{Heap before GC invocations=47 (full 0):
 garbage-first heap   total 329728K, used 285528K [0x0000000080000000, 0x0000000100000000)
  region size 1024K, 162 young (165888K), 7 survivors (7168K)
 Metaspace       used 99667K, capacity 102381K, committed 102604K, reserved 1138688K
  class space    used 12885K, capacity 13906K, committed 14028K, reserved 1048576K
}
Event: 52.854 GC heap after
{Heap after GC invocations=48 (full 0):
 garbage-first heap   total 396288K, used 127185K [0x0000000080000000, 0x0000000100000000)
  region size 1024K, 8 young (8192K), 8 survivors (8192K)
 Metaspace       used 99667K, capacity 102381K, committed 102604K, reserved 1138688K
  class space    used 12885K, capacity 13906K, committed 14028K, reserved 1048576K
}
Event: 57.328 GC heap before
{Heap before GC invocations=48 (full 0):
 garbage-first heap   total 396288K, used 312529K [0x0000000080000000, 0x0000000100000000)
  region size 1024K, 189 young (193536K), 8 survivors (8192K)
 Metaspace       used 99780K, capacity 102483K, committed 102604K, reserved 1138688K
  class space    used 12888K, capacity 13912K, committed 14028K, reserved 1048576K
}
Event: 57.460 GC heap after
{Heap after GC invocations=49 (full 0):
 garbage-first heap   total 396288K, used 128527K [0x0000000080000000, 0x0000000100000000)
  region size 1024K, 9 young (9216K), 9 survivors (9216K)
 Metaspace       used 99780K, capacity 102483K, committed 102604K, reserved 1138688K
  class space    used 12888K, capacity 13912K, committed 14028K, reserved 1048576K
}
Event: 64.617 GC heap before
{Heap before GC invocations=49 (full 0):
 garbage-first heap   total 396288K, used 353807K [0x0000000080000000, 0x0000000100000000)
  region size 1024K, 212 young (217088K), 9 survivors (9216K)
 Metaspace       used 100957K, capacity 103705K, committed 104012K, reserved 1138688K
  class space    used 13014K, capacity 14074K, committed 14156K, reserved 1048576K
}
Event: 64.706 GC heap after
{Heap after GC invocations=50 (full 0):
 garbage-first heap   total 396288K, used 146264K [0x0000000080000000, 0x0000000100000000)
  region size 1024K, 16 young (16384K), 16 survivors (16384K)
 Metaspace       used 100957K, capacity 103705K, committed 104012K, reserved 1138688K
  class space    used 13014K, capacity 14074K, committed 14156K, reserved 1048576K
}
Event: 67.592 GC heap before
{Heap before GC invocations=50 (full 0):
 garbage-first heap   total 396288K, used 338776K [0x0000000080000000, 0x0000000100000000)
  region size 1024K, 203 young (207872K), 16 survivors (16384K)
 Metaspace       used 101746K, capacity 104464K, committed 104524K, reserved 1140736K
  class space    used 13071K, capacity 14129K, committed 14156K, reserved 1048576K
}
Event: 67.870 GC heap after
{Heap after GC invocations=51 (full 0):
 garbage-first heap   total 396288K, used 174496K [0x0000000080000000, 0x0000000100000000)
  region size 1024K, 26 young (26624K), 26 survivors (26624K)
 Metaspace       used 101746K, capacity 104464K, committed 104524K, reserved 1140736K
  class space    used 13071K, capacity 14129K, committed 14156K, reserved 1048576K
}
Event: 68.296 GC heap before
{Heap before GC invocations=51 (full 0):
 garbage-first heap   total 396288K, used 182688K [0x0000000080000000, 0x0000000100000000)
  region size 1024K, 35 young (35840K), 26 survivors (26624K)
 Metaspace       used 101749K, capacity 104464K, committed 104524K, reserved 1140736K
  class space    used 13071K, capacity 14129K, committed 14156K, reserved 1048576K
}
Event: 68.507 GC heap after
{Heap after GC invocations=52 (full 0):
 garbage-first heap   total 396288K, used 178688K [0x0000000080000000, 0x0000000100000000)
  region size 1024K, 3 young (3072K), 3 survivors (3072K)
 Metaspace       used 101749K, capacity 104464K, committed 104524K, reserved 1140736K
  class space    used 13071K, capacity 14129K, committed 14156K, reserved 1048576K
}
Event: 71.555 GC heap before
{Heap before GC invocations=52 (full 0):
 garbage-first heap   total 396288K, used 206336K [0x0000000080000000, 0x0000000100000000)
  region size 1024K, 30 young (30720K), 3 survivors (3072K)
 Metaspace       used 101756K, capacity 104528K, committed 104780K, reserved 1140736K
  class space    used 13072K, capacity 14129K, committed 14156K, reserved 1048576K
}

Deoptimization events (20 events):
Event: 71.319 Thread 0x0000019eb92cd800 Uncommon trap: trap_request=0xffffffde fr.pc=0x0000019ea2fc55b8 relative=0x00000000000000f8
Event: 71.319 Thread 0x0000019eb92cd800 Uncommon trap: reason=class_check action=maybe_recompile pc=0x0000019ea2fc55b8 method=com.android.tools.r8.graph.u.a(Lcom/android/tools/r8/dex/w;)V @ 4 c2
Event: 71.319 Thread 0x0000019eb92cd800 DEOPT PACKING pc=0x0000019ea2fc55b8 sp=0x00000022965fe1b0
Event: 71.319 Thread 0x0000019eb92cd800 DEOPT UNPACKING pc=0x0000019e9abc6ca9 sp=0x00000022965fe138 mode 2
Event: 71.319 Thread 0x0000019eb92cd800 Uncommon trap: trap_request=0xffffffde fr.pc=0x0000019ea2fc55b8 relative=0x00000000000000f8
Event: 71.319 Thread 0x0000019eb92cd800 Uncommon trap: reason=class_check action=maybe_recompile pc=0x0000019ea2fc55b8 method=com.android.tools.r8.graph.u.a(Lcom/android/tools/r8/dex/w;)V @ 4 c2
Event: 71.319 Thread 0x0000019eb92cd800 DEOPT PACKING pc=0x0000019ea2fc55b8 sp=0x00000022965fe1b0
Event: 71.319 Thread 0x0000019eb92cd800 DEOPT UNPACKING pc=0x0000019e9abc6ca9 sp=0x00000022965fe138 mode 2
Event: 71.322 Thread 0x0000019eb92cd800 Uncommon trap: trap_request=0xffffffde fr.pc=0x0000019ea2fc55b8 relative=0x00000000000000f8
Event: 71.322 Thread 0x0000019eb92cd800 Uncommon trap: reason=class_check action=maybe_recompile pc=0x0000019ea2fc55b8 method=com.android.tools.r8.graph.u.a(Lcom/android/tools/r8/dex/w;)V @ 4 c2
Event: 71.322 Thread 0x0000019eb92cd800 DEOPT PACKING pc=0x0000019ea2fc55b8 sp=0x00000022965fe1b0
Event: 71.322 Thread 0x0000019eb92cd800 DEOPT UNPACKING pc=0x0000019e9abc6ca9 sp=0x00000022965fe138 mode 2
Event: 71.323 Thread 0x0000019eb92cd800 Uncommon trap: trap_request=0xffffffde fr.pc=0x0000019ea2fc55b8 relative=0x00000000000000f8
Event: 71.323 Thread 0x0000019eb92cd800 Uncommon trap: reason=class_check action=maybe_recompile pc=0x0000019ea2fc55b8 method=com.android.tools.r8.graph.u.a(Lcom/android/tools/r8/dex/w;)V @ 4 c2
Event: 71.323 Thread 0x0000019eb92cd800 DEOPT PACKING pc=0x0000019ea2fc55b8 sp=0x00000022965fe1b0
Event: 71.323 Thread 0x0000019eb92cd800 DEOPT UNPACKING pc=0x0000019e9abc6ca9 sp=0x00000022965fe138 mode 2
Event: 71.420 Thread 0x0000019eb92cd800 DEOPT PACKING pc=0x0000019e9d71d70b sp=0x00000022965fe000
Event: 71.422 Thread 0x0000019eb92cd800 DEOPT UNPACKING pc=0x0000019e9abc6abf sp=0x00000022965fd558 mode 0
Event: 71.457 Thread 0x0000019eb92cd800 DEOPT PACKING pc=0x0000019e9d471d79 sp=0x00000022965fe5e0
Event: 71.457 Thread 0x0000019eb92cd800 DEOPT UNPACKING pc=0x0000019e9abc6abf sp=0x00000022965fda98 mode 0

Classes redefined (0 events):
No events

Internal exceptions (20 events):
Event: 43.156 Thread 0x0000019eb413e800 Implicit null exception at 0x0000019ea2c7feec to 0x0000019ea2c846e4
Event: 45.199 Thread 0x0000019eb413d000 Implicit null exception at 0x0000019ea2c9170b to 0x0000019ea2c964fc
Event: 45.351 Thread 0x0000019eb413d000 Exception <a 'java/lang/NoSuchMethodError'{0x000000008d301fa0}: 'java.lang.Object java.lang.invoke.DirectMethodHandle$Holder.invokeSpecial(java.lang.Object, java.lang.Object, java.lang.Object, java.lang.Object, java.lang.Object, java.lang.Object, java.lang.Object, java.lang.Object, java.lang.Object, java.lang.Object, java.lang.Object)'> (0x000000008d301fa0) thrown at [./src/hotspot/share/interpreter/linkResolver.cpp, line 773]
Event: 45.352 Thread 0x0000019eb413d000 Exception <a 'java/lang/NoSuchMethodError'{0x000000008d30d850}: 'java.lang.Object java.lang.invoke.Invokers$Holder.linkToTargetMethod(java.lang.Object, java.lang.Object, java.lang.Object, java.lang.Object, java.lang.Object, java.lang.Object, java.lang.Object, java.lang.Object, java.lang.Object, java.lang.Object)'> (0x000000008d30d850) thrown at [./src/hotspot/share/interpreter/linkResolver.cpp, line 773]
Event: 45.412 Thread 0x0000019eb413d000 Exception <a 'java/lang/IncompatibleClassChangeError'{0x000000008d3759d0}: Found class java.lang.Object, but interface was expected> (0x000000008d3759d0) thrown at [./src/hotspot/share/interpreter/linkResolver.cpp, line 839]
Event: 46.401 Thread 0x0000019eb413b800 Implicit null exception at 0x0000019ea2ce3090 to 0x0000019ea2ce321c
Event: 49.438 Thread 0x0000019eb92c4800 Exception <a 'sun/nio/fs/WindowsException'{0x000000008d1f2cb8}> (0x000000008d1f2cb8) thrown at [./src/hotspot/share/prims/jni.cpp, line 615]
Event: 49.443 Thread 0x0000019eb92c4800 Exception <a 'sun/nio/fs/WindowsException'{0x000000008be0ad98}> (0x000000008be0ad98) thrown at [./src/hotspot/share/prims/jni.cpp, line 615]
Event: 49.443 Thread 0x0000019eb92c4800 Exception <a 'sun/nio/fs/WindowsException'{0x000000008be0ae80}> (0x000000008be0ae80) thrown at [./src/hotspot/share/prims/jni.cpp, line 615]
Event: 50.140 Thread 0x0000019eb413d000 Exception <a 'sun/nio/fs/WindowsException'{0x0000000091cb4d88}> (0x0000000091cb4d88) thrown at [./src/hotspot/share/prims/jni.cpp, line 615]
Event: 54.666 Thread 0x0000019eb413b800 Implicit null exception at 0x0000019ea2d76df0 to 0x0000019ea2d7a298
Event: 57.998 Thread 0x0000019eb413b800 Implicit null exception at 0x0000019ea2dd3f18 to 0x0000019ea2dd4ef7
Event: 59.541 Thread 0x0000019eb413b800 Exception <a 'sun/nio/fs/WindowsException'{0x0000000096cc0350}> (0x0000000096cc0350) thrown at [./src/hotspot/share/prims/jni.cpp, line 615]
Event: 60.788 Thread 0x0000019eb413e800 Implicit null exception at 0x0000019ea2e5c2b1 to 0x0000019ea2e5fd7c
Event: 61.968 Thread 0x0000019eb413e800 Exception <a 'sun/nio/fs/WindowsException'{0x000000008dfc27b0}> (0x000000008dfc27b0) thrown at [./src/hotspot/share/prims/jni.cpp, line 615]
Event: 62.892 Thread 0x0000019eb413d000 Exception <a 'sun/nio/fs/WindowsException'{0x000000008d8bd278}> (0x000000008d8bd278) thrown at [./src/hotspot/share/prims/jni.cpp, line 615]
Event: 62.893 Thread 0x0000019eb413a800 Exception <a 'sun/nio/fs/WindowsException'{0x000000008d46be90}> (0x000000008d46be90) thrown at [./src/hotspot/share/prims/jni.cpp, line 615]
Event: 62.921 Thread 0x0000019eb92c7800 Exception <a 'sun/nio/fs/WindowsException'{0x000000008d4297f8}> (0x000000008d4297f8) thrown at [./src/hotspot/share/prims/jni.cpp, line 615]
Event: 62.933 Thread 0x0000019eb413b800 Exception <a 'sun/nio/fs/WindowsException'{0x000000008d48d518}> (0x000000008d48d518) thrown at [./src/hotspot/share/prims/jni.cpp, line 615]
Event: 64.538 Thread 0x0000019eb413b800 Exception <a 'sun/nio/fs/WindowsException'{0x000000008b389cd8}> (0x000000008b389cd8) thrown at [./src/hotspot/share/prims/jni.cpp, line 615]

Events (20 events):
Event: 71.228 Thread 0x0000019eb13df000 flushing nmethod 0x0000019e9bcf0c10
Event: 71.230 Thread 0x0000019eb13df000 flushing nmethod 0x0000019e9bd3eb90
Event: 71.231 Thread 0x0000019eb13df000 flushing nmethod 0x0000019e9bd46510
Event: 71.231 Thread 0x0000019eb13df000 flushing nmethod 0x0000019e9bd50690
Event: 71.233 Thread 0x0000019eb13df000 flushing nmethod 0x0000019e9bd72e90
Event: 71.271 Thread 0x0000019eb13df000 flushing nmethod 0x0000019e9c6dec90
Event: 71.271 Thread 0x0000019eb13df000 flushing nmethod 0x0000019e9c73a710
Event: 71.273 Executing VM operation: ICBufferFull
Event: 71.273 Executing VM operation: ICBufferFull done
Event: 71.282 Executing VM operation: ICBufferFull
Event: 71.284 Executing VM operation: ICBufferFull done
Event: 71.295 Executing VM operation: ICBufferFull
Event: 71.296 Executing VM operation: ICBufferFull done
Event: 71.309 Executing VM operation: ICBufferFull
Event: 71.309 Executing VM operation: ICBufferFull done
Event: 71.316 Executing VM operation: ICBufferFull
Event: 71.316 Executing VM operation: ICBufferFull done
Event: 71.320 Thread 0x0000019eb9382800 Thread exited: 0x0000019eb9382800
Event: 71.355 Thread 0x0000019ebee2f000 Thread added: 0x0000019ebee2f000
Event: 71.555 Executing VM operation: G1CollectForAllocation


Dynamic libraries:
0x00007ff658ef0000 - 0x00007ff658efa000 	C:\Program Files\Android\Android Studio2\jre\bin\java.exe
0x00007ff8e34b0000 - 0x00007ff8e36a5000 	C:\WINDOWS\SYSTEM32\ntdll.dll
0x00007ff8e1d10000 - 0x00007ff8e1dce000 	C:\WINDOWS\System32\KERNEL32.DLL
0x00007ff8e0e20000 - 0x00007ff8e10e8000 	C:\WINDOWS\System32\KERNELBASE.dll
0x00007ff8e1190000 - 0x00007ff8e1290000 	C:\WINDOWS\System32\ucrtbase.dll
0x00007ff8d65f0000 - 0x00007ff8d6607000 	C:\Program Files\Android\Android Studio2\jre\bin\VCRUNTIME140.dll
0x00007ff8d2300000 - 0x00007ff8d2319000 	C:\Program Files\Android\Android Studio2\jre\bin\jli.dll
0x00007ff8e3260000 - 0x00007ff8e3401000 	C:\WINDOWS\System32\USER32.dll
0x00007ff8e0c50000 - 0x00007ff8e0c72000 	C:\WINDOWS\System32\win32u.dll
0x00007ff8e3230000 - 0x00007ff8e325b000 	C:\WINDOWS\System32\GDI32.dll
0x00007ff8c9020000 - 0x00007ff8c92ba000 	C:\WINDOWS\WinSxS\amd64_microsoft.windows.common-controls_6595b64144ccf1df_6.0.19041.1110_none_60b5254171f9507e\COMCTL32.dll
0x00007ff8e2d00000 - 0x00007ff8e2d9e000 	C:\WINDOWS\System32\msvcrt.dll
0x00007ff8e0c80000 - 0x00007ff8e0d8d000 	C:\WINDOWS\System32\gdi32full.dll
0x00007ff8e10f0000 - 0x00007ff8e118d000 	C:\WINDOWS\System32\msvcp_win.dll
0x00007ff8e2fa0000 - 0x00007ff8e2fd0000 	C:\WINDOWS\System32\IMM32.DLL
0x00007ff8b2aa0000 - 0x00007ff8b2b3d000 	C:\Program Files\Android\Android Studio2\jre\bin\msvcp140.dll
0x00007ff8a0cb0000 - 0x00007ff8a177f000 	C:\Program Files\Android\Android Studio2\jre\bin\server\jvm.dll
0x00007ff8e21d0000 - 0x00007ff8e227c000 	C:\WINDOWS\System32\ADVAPI32.dll
0x00007ff8e23b0000 - 0x00007ff8e244b000 	C:\WINDOWS\System32\sechost.dll
0x00007ff8e2280000 - 0x00007ff8e23aa000 	C:\WINDOWS\System32\RPCRT4.dll
0x00007ff8e2ba0000 - 0x00007ff8e2ba8000 	C:\WINDOWS\System32\PSAPI.DLL
0x00007ff8c8ce0000 - 0x00007ff8c8ce9000 	C:\WINDOWS\SYSTEM32\WSOCK32.dll
0x00007ff8cd470000 - 0x00007ff8cd497000 	C:\WINDOWS\SYSTEM32\WINMM.dll
0x00007ff8e2bc0000 - 0x00007ff8e2c2b000 	C:\WINDOWS\System32\WS2_32.dll
0x00007ff8d9c40000 - 0x00007ff8d9c4a000 	C:\WINDOWS\SYSTEM32\VERSION.dll
0x00007ff8deab0000 - 0x00007ff8deac2000 	C:\WINDOWS\SYSTEM32\kernel.appcore.dll
0x00007ff8da800000 - 0x00007ff8da811000 	C:\Program Files\Android\Android Studio2\jre\bin\verify.dll
0x00007ff8c8950000 - 0x00007ff8c8b34000 	C:\WINDOWS\SYSTEM32\DBGHELP.DLL
0x00007ff8c8920000 - 0x00007ff8c894c000 	C:\WINDOWS\SYSTEM32\dbgcore.DLL
0x00007ff8e0bc0000 - 0x00007ff8e0c42000 	C:\WINDOWS\System32\bcryptPrimitives.dll
0x00007ff8c71f0000 - 0x00007ff8c7219000 	C:\Program Files\Android\Android Studio2\jre\bin\java.dll
0x00007ff8dbe10000 - 0x00007ff8dbe1b000 	C:\Program Files\Android\Android Studio2\jre\bin\jimage.dll
0x00007ff8da7e0000 - 0x00007ff8da7f8000 	C:\Program Files\Android\Android Studio2\jre\bin\zip.dll
0x00007ff8e2450000 - 0x00007ff8e2b94000 	C:\WINDOWS\System32\SHELL32.dll
0x00007ff8decb0000 - 0x00007ff8df444000 	C:\WINDOWS\SYSTEM32\windows.storage.dll
0x00007ff8e1df0000 - 0x00007ff8e2145000 	C:\WINDOWS\System32\combase.dll
0x00007ff8e0610000 - 0x00007ff8e063e000 	C:\WINDOWS\SYSTEM32\Wldp.dll
0x00007ff8e3180000 - 0x00007ff8e322d000 	C:\WINDOWS\System32\SHCORE.dll
0x00007ff8e1c20000 - 0x00007ff8e1c75000 	C:\WINDOWS\System32\shlwapi.dll
0x00007ff8e0b00000 - 0x00007ff8e0b1f000 	C:\WINDOWS\SYSTEM32\profapi.dll
0x00007ff8c20d0000 - 0x00007ff8c20ea000 	C:\Program Files\Android\Android Studio2\jre\bin\net.dll
0x00007ff8d0420000 - 0x00007ff8d052c000 	C:\WINDOWS\SYSTEM32\WINHTTP.dll
0x00007ff8e0370000 - 0x00007ff8e03da000 	C:\WINDOWS\system32\mswsock.dll
0x00007ff8c1df0000 - 0x00007ff8c1e04000 	C:\Program Files\Android\Android Studio2\jre\bin\nio.dll
0x00007ff8da860000 - 0x00007ff8da887000 	C:\Users\bhagy\.gradle\native\8bec1ad78214c89d9ad589b4d07fe93259594b29d510b10fafb7a158f7737e5d\windows-amd64\native-platform.dll
0x00007ff8b3f60000 - 0x00007ff8b409d000 	C:\Users\bhagy\.gradle\native\53dbd7edfb1c66fb8903c78663c9afc45aea4f116125fa6feffd364cf09443e8\windows-amd64\native-platform-file-events.dll
0x00007ff8d0730000 - 0x00007ff8d073a000 	C:\Program Files\Android\Android Studio2\jre\bin\management.dll
0x00007ff8cf5b0000 - 0x00007ff8cf5bc000 	C:\Program Files\Android\Android Studio2\jre\bin\management_ext.dll
0x00007ff8e0560000 - 0x00007ff8e0578000 	C:\WINDOWS\SYSTEM32\CRYPTSP.dll
0x00007ff8dfc80000 - 0x00007ff8dfcb4000 	C:\WINDOWS\system32\rsaenh.dll
0x00007ff8e0df0000 - 0x00007ff8e0e17000 	C:\WINDOWS\System32\bcrypt.dll
0x00007ff8e0a80000 - 0x00007ff8e0aae000 	C:\WINDOWS\SYSTEM32\USERENV.dll
0x00007ff8e0580000 - 0x00007ff8e058c000 	C:\WINDOWS\SYSTEM32\CRYPTBASE.dll
0x00007ff8e0010000 - 0x00007ff8e004b000 	C:\WINDOWS\SYSTEM32\IPHLPAPI.DLL
0x00007ff8e2bb0000 - 0x00007ff8e2bb8000 	C:\WINDOWS\System32\NSI.dll
0x00007ff8d6610000 - 0x00007ff8d6627000 	C:\WINDOWS\SYSTEM32\dhcpcsvc6.DLL
0x00007ff8d6500000 - 0x00007ff8d651d000 	C:\WINDOWS\SYSTEM32\dhcpcsvc.DLL
0x00007ff8e0060000 - 0x00007ff8e012b000 	C:\WINDOWS\SYSTEM32\DNSAPI.dll

dbghelp: loaded successfully - version: 4.0.5 - missing functions: none
symbol engine: initialized successfully - sym options: 0x614 - pdb path: .;C:\Program Files\Android\Android Studio2\jre\bin;C:\WINDOWS\SYSTEM32;C:\WINDOWS\WinSxS\amd64_microsoft.windows.common-controls_6595b64144ccf1df_6.0.19041.1110_none_60b5254171f9507e;C:\Program Files\Android\Android Studio2\jre\bin\server;C:\Users\bhagy\.gradle\native\8bec1ad78214c89d9ad589b4d07fe93259594b29d510b10fafb7a158f7737e5d\windows-amd64;C:\Users\bhagy\.gradle\native\53dbd7edfb1c66fb8903c78663c9afc45aea4f116125fa6feffd364cf09443e8\windows-amd64

VM Arguments:
jvm_args: --add-opens=java.base/java.util=ALL-UNNAMED --add-opens=java.base/java.lang=ALL-UNNAMED --add-opens=java.base/java.lang.invoke=ALL-UNNAMED --add-opens=java.base/java.util=ALL-UNNAMED --add-opens=java.prefs/java.util.prefs=ALL-UNNAMED --add-opens=java.prefs/java.util.prefs=ALL-UNNAMED --add-opens=java.base/java.nio.charset=ALL-UNNAMED --add-opens=java.base/java.net=ALL-UNNAMED --add-opens=java.base/java.util.concurrent.atomic=ALL-UNNAMED -Xmx2048m -Dfile.encoding=UTF-8 -Duser.country=IN -Duser.language=en -Duser.variant 
java_command: org.gradle.launcher.daemon.bootstrap.GradleDaemon 7.0.2
java_class_path (initial): C:\Users\bhagy\.gradle\wrapper\dists\gradle-7.0.2-bin\857tjihv64xamwrf0h14cai3r\gradle-7.0.2\lib\gradle-launcher-7.0.2.jar
Launcher Type: SUN_STANDARD

[Global flags]
     intx CICompilerCount                          = 3                                         {product} {ergonomic}
     uint ConcGCThreads                            = 1                                         {product} {ergonomic}
     uint G1ConcRefinementThreads                  = 4                                         {product} {ergonomic}
   size_t G1HeapRegionSize                         = 1048576                                   {product} {ergonomic}
    uintx GCDrainStackTargetSize                   = 64                                        {product} {ergonomic}
   size_t InitialHeapSize                          = 132120576                                 {product} {ergonomic}
   size_t MarkStackSize                            = 4194304                                   {product} {ergonomic}
   size_t MaxHeapSize                              = 2147483648                                {product} {command line}
   size_t MaxNewSize                               = 1287651328                                {product} {ergonomic}
   size_t MinHeapDeltaBytes                        = 1048576                                   {product} {ergonomic}
    uintx NonNMethodCodeHeapSize                   = 5830732                                {pd product} {ergonomic}
    uintx NonProfiledCodeHeapSize                  = 122913754                              {pd product} {ergonomic}
    uintx ProfiledCodeHeapSize                     = 122913754                              {pd product} {ergonomic}
    uintx ReservedCodeCacheSize                    = 251658240                              {pd product} {ergonomic}
     bool SegmentedCodeCache                       = true                                      {product} {ergonomic}
     bool UseCompressedClassPointers               = true                                 {lp64_product} {ergonomic}
     bool UseCompressedOops                        = true                                 {lp64_product} {ergonomic}
     bool UseG1GC                                  = true                                      {product} {ergonomic}
     bool UseLargePagesIndividualAllocation        = false                                  {pd product} {ergonomic}

Logging:
Log output configuration:
 #0: stdout all=warning uptime,level,tags
 #1: stderr all=off uptime,level,tags

Environment Variables:
PATH=C:\Program Files\Common Files\Oracle\Java\javapath;C:\WINDOWS\system32;C:\WINDOWS;C:\WINDOWS\System32\Wbem;C:\WINDOWS\System32\WindowsPowerShell\v1.0\;C:\WINDOWS\System32\OpenSSH\;C:\Program Files\Intel\WiFi\bin\;C:\Program Files\Common Files\Intel\WirelessCommon\;C:\Program Files\Java\jdk-17.0.1;C:\Program Files\Java\jdk-17.0.1\bin;D:\jdk-17.0.1\bin;D:\jdk-17.0.1\bin
USERNAME=bhagy
OS=Windows_NT
PROCESSOR_IDENTIFIER=Intel64 Family 6 Model 142 Stepping 9, GenuineIntel



---------------  S Y S T E M  ---------------

OS: Windows 10 , 64 bit Build 19041 (10.0.19041.1348)
OS uptime: 6 days 23:17 hours

CPU:total 4 (initial active 4) (2 cores per cpu, 2 threads per core) family 6 model 142 stepping 9 microcode 0xb4, cmov, cx8, fxsr, mmx, sse, sse2, sse3, ssse3, sse4.1, sse4.2, popcnt, aes, clmul, erms, 3dnowpref, lzcnt, ht, tsc, tscinvbit

Memory: 4k page, system-wide physical 8062M (535M free)
TotalPageFile size 12062M (AvailPageFile size 1M)
current process WorkingSet (physical memory assigned to process): 458M, peak: 520M
current process commit charge ("private bytes"): 950M, peak: 951M

vm_info: OpenJDK 64-Bit Server VM (11.0.10+0-b96-7249189) for windows-amd64 JRE (11.0.10+0-b96-7249189), built on Mar 31 2021 21:44:00 by "builder" with MS VC++ 14.0 (VS2015)

END.
