#
# There is insufficient memory for the Java Runtime Environment to continue.
# Native memory allocation (malloc) failed to allocate 32744 bytes for ChunkPool::allocate
# Possible reasons:
#   The system is out of physical RAM or swap space
#   The process is running with CompressedOops enabled, and the Java Heap may be blocking the growth of the native heap
# Possible solutions:
#   Reduce memory load on the system
#   Increase physical memory or swap space
#   Check if swap backing store is full
#   Decrease Java heap size (-Xmx/-Xms)
#   Decrease number of Java threads
#   Decrease Java thread stack sizes (-Xss)
#   Set larger code cache with -XX:ReservedCodeCacheSize=
#   JVM is running with Unscaled Compressed Oops mode in which the Java heap is
#     placed in the first 4GB address space. The Java Heap base address is the
#     maximum limit for the native heap growth. Please use -XX:HeapBaseMinAddress
#     to set the Java Heap base and to place the Java Heap above 4GB virtual address.
# This output file may be truncated or incomplete.
#
#  Out of Memory Error (./src/hotspot/share/memory/arena.cpp:81), pid=10816, tid=8228
#
# JRE version: OpenJDK Runtime Environment (11.0.10) (build 11.0.10+0-b96-7249189)
# Java VM: OpenJDK 64-Bit Server VM (11.0.10+0-b96-7249189, mixed mode, tiered, compressed oops, g1 gc, windows-amd64)
# No core dump will be written. Minidumps are not enabled by default on client versions of Windows
#

---------------  S U M M A R Y ------------

Command Line: --add-opens=java.base/java.util=ALL-UNNAMED --add-opens=java.base/java.lang=ALL-UNNAMED --add-opens=java.base/java.lang.invoke=ALL-UNNAMED --add-opens=java.base/java.util=ALL-UNNAMED --add-opens=java.prefs/java.util.prefs=ALL-UNNAMED --add-opens=java.prefs/java.util.prefs=ALL-UNNAMED --add-opens=java.base/java.nio.charset=ALL-UNNAMED --add-opens=java.base/java.net=ALL-UNNAMED --add-opens=java.base/java.util.concurrent.atomic=ALL-UNNAMED -Xmx2048m -Dfile.encoding=UTF-8 -Duser.country=IN -Duser.language=en -Duser.variant org.gradle.launcher.daemon.bootstrap.GradleDaemon 7.0.2

Host: Intel(R) Pentium(R) CPU 4415U @ 2.30GHz, 4 cores, 7G,  Windows 10 , 64 bit Build 19041 (10.0.19041.1348)
Time: Wed Jan 26 22:51:40 2022 India Standard Time elapsed time: 4933.400702 seconds (0d 1h 22m 13s)

---------------  T H R E A D  ---------------

Current thread (0x000001c3a9799000):  JavaThread "C2 CompilerThread0" daemon [_thread_in_native, id=8228, stack(0x000000c1eab00000,0x000000c1eac00000)]


Current CompileTask:
C2:4933400 29774       4       com.android.tools.r8.ir.regalloc.a::a (3985 bytes)

Stack: [0x000000c1eab00000,0x000000c1eac00000]
Native frames: (J=compiled Java code, j=interpreted, Vv=VM code, C=native code)
V  [jvm.dll+0x5ecfaa]
V  [jvm.dll+0x722bd5]
V  [jvm.dll+0x72412d]
V  [jvm.dll+0x7247e3]
V  [jvm.dll+0x242928]
V  [jvm.dll+0xbc75b]
V  [jvm.dll+0xbca0c]
V  [jvm.dll+0xbc608]
V  [jvm.dll+0x5cc470]
V  [jvm.dll+0x61cfee]
V  [jvm.dll+0x1980d8]
V  [jvm.dll+0x1fb70e]
V  [jvm.dll+0x1fa7f4]
V  [jvm.dll+0x18354c]
V  [jvm.dll+0x208ee7]
V  [jvm.dll+0x207731]
V  [jvm.dll+0x6eb1cf]
V  [jvm.dll+0x6e3d45]
V  [jvm.dll+0x5ebe96]
C  [ucrtbase.dll+0x21bb2]
C  [KERNEL32.DLL+0x17034]
C  [ntdll.dll+0x52651]


---------------  P R O C E S S  ---------------

Threads class SMR info:
_java_thread_list=0x000001c3b3dc3670, length=56, elements={
0x000001c38dc58000, 0x000001c3a977a800, 0x000001c3a977e000, 0x000001c3aa113000,
0x000001c3a9793000, 0x000001c3a9796000, 0x000001c3a9799000, 0x000001c3a97cd800,
0x000001c3aa15a000, 0x000001c3aa23a800, 0x000001c3ac069800, 0x000001c3ac08e800,
0x000001c3ac264000, 0x000001c3ac719000, 0x000001c3ac717800, 0x000001c3ac715000,
0x000001c3ac715800, 0x000001c3ac71b800, 0x000001c3addfa000, 0x000001c3addfb800,
0x000001c3addfc000, 0x000001c3addf6800, 0x000001c3ade01000, 0x000001c3ade03800,
0x000001c3ade04800, 0x000001c3ade02000, 0x000001c3aff34000, 0x000001c3b158a000,
0x000001c3b1590800, 0x000001c3b158a800, 0x000001c3b158e000, 0x000001c3b1591800,
0x000001c3b158c800, 0x000001c3b158b800, 0x000001c3b1592000, 0x000001c3b1593800,
0x000001c3b1593000, 0x000001c3b1594800, 0x000001c3b1595800, 0x000001c3b158f800,
0x000001c3b1596000, 0x000001c3b1597000, 0x000001c3aff29800, 0x000001c3aff2a800,
0x000001c3aff28000, 0x000001c3aff2c000, 0x000001c3aff26800, 0x000001c3aff2d000,
0x000001c3aff27000, 0x000001c3aff2e800, 0x000001c3aff2f000, 0x000001c3aff30000,
0x000001c3aff28800, 0x000001c3aff32800, 0x000001c3addfd000, 0x000001c3addfe000
}

Java Threads: ( => current thread )
  0x000001c38dc58000 JavaThread "main" [_thread_blocked, id=7044, stack(0x000000c1e9f00000,0x000000c1ea000000)]
  0x000001c3a977a800 JavaThread "Reference Handler" daemon [_thread_blocked, id=10620, stack(0x000000c1ea600000,0x000000c1ea700000)]
  0x000001c3a977e000 JavaThread "Finalizer" daemon [_thread_blocked, id=7560, stack(0x000000c1ea700000,0x000000c1ea800000)]
  0x000001c3aa113000 JavaThread "Signal Dispatcher" daemon [_thread_blocked, id=10900, stack(0x000000c1ea800000,0x000000c1ea900000)]
  0x000001c3a9793000 JavaThread "Attach Listener" daemon [_thread_blocked, id=13264, stack(0x000000c1ea900000,0x000000c1eaa00000)]
  0x000001c3a9796000 JavaThread "Service Thread" daemon [_thread_blocked, id=15284, stack(0x000000c1eaa00000,0x000000c1eab00000)]
=>0x000001c3a9799000 JavaThread "C2 CompilerThread0" daemon [_thread_in_native, id=8228, stack(0x000000c1eab00000,0x000000c1eac00000)]
  0x000001c3a97cd800 JavaThread "C1 CompilerThread0" daemon [_thread_blocked, id=14272, stack(0x000000c1eac00000,0x000000c1ead00000)]
  0x000001c3aa15a000 JavaThread "Sweeper thread" daemon [_thread_blocked, id=3972, stack(0x000000c1ead00000,0x000000c1eae00000)]
  0x000001c3aa23a800 JavaThread "Common-Cleaner" daemon [_thread_blocked, id=14724, stack(0x000000c1eae00000,0x000000c1eaf00000)]
  0x000001c3ac069800 JavaThread "Daemon health stats" [_thread_blocked, id=6948, stack(0x000000c1eb000000,0x000000c1eb100000)]
  0x000001c3ac08e800 JavaThread "Incoming local TCP Connector on port 58611" [_thread_in_native, id=2980, stack(0x000000c1eb300000,0x000000c1eb400000)]
  0x000001c3ac264000 JavaThread "Daemon periodic checks" [_thread_in_native, id=8888, stack(0x000000c1eb400000,0x000000c1eb500000)]
  0x000001c3ac719000 JavaThread "Cache worker for file hash cache (C:\Users\bhagy\.gradle\caches\7.0.2\fileHashes)" [_thread_blocked, id=11900, stack(0x000000c1ebd00000,0x000000c1ebe00000)]
  0x000001c3ac717800 JavaThread "File lock request listener" [_thread_in_native, id=11816, stack(0x000000c1ebe00000,0x000000c1ebf00000)]
  0x000001c3ac715000 JavaThread "Cache worker for journal cache (C:\Users\bhagy\.gradle\caches\journal-1)" [_thread_blocked, id=7088, stack(0x000000c1ebf00000,0x000000c1ec000000)]
  0x000001c3ac715800 JavaThread "File watcher server" daemon [_thread_in_native, id=7152, stack(0x000000c1ec200000,0x000000c1ec300000)]
  0x000001c3ac71b800 JavaThread "File watcher consumer" daemon [_thread_blocked, id=11976, stack(0x000000c1ec300000,0x000000c1ec400000)]
  0x000001c3addfa000 JavaThread "Cache worker for execution history cache (C:\Users\bhagy\.gradle\caches\7.0.2\executionHistory)" [_thread_blocked, id=5016, stack(0x000000c1ec700000,0x000000c1ec800000)]
  0x000001c3addfb800 JavaThread "jar transforms" [_thread_blocked, id=6768, stack(0x000000c1ec800000,0x000000c1ec900000)]
  0x000001c3addfc000 JavaThread "jar transforms Thread 2" [_thread_blocked, id=7768, stack(0x000000c1ec900000,0x000000c1eca00000)]
  0x000001c3addf6800 JavaThread "Cache worker for file content cache (C:\Users\bhagy\.gradle\caches\7.0.2\fileContent)" [_thread_blocked, id=2584, stack(0x000000c1eca00000,0x000000c1ecb00000)]
  0x000001c3ade01000 JavaThread "jar transforms Thread 3" [_thread_blocked, id=6584, stack(0x000000c1ecc00000,0x000000c1ecd00000)]
  0x000001c3ade03800 JavaThread "jar transforms Thread 4" [_thread_blocked, id=12292, stack(0x000000c1ed200000,0x000000c1ed300000)]
  0x000001c3ade04800 JavaThread "Memory manager" [_thread_blocked, id=14828, stack(0x000000c1ed300000,0x000000c1ed400000)]
  0x000001c3ade02000 JavaThread "Cache worker for Java compile cache (C:\Users\bhagy\.gradle\caches\7.0.2\javaCompile)" [_thread_blocked, id=4196, stack(0x000000c1ed600000,0x000000c1ed700000)]
  0x000001c3aff34000 JavaThread "ForkJoinPool.commonPool-worker-7" daemon [_thread_blocked, id=12084, stack(0x000000c1ede00000,0x000000c1edf00000)]
  0x000001c3b158a000 JavaThread "Daemon Thread 10" [_thread_blocked, id=12264, stack(0x000000c1e9c00000,0x000000c1e9d00000)]
  0x000001c3b1590800 JavaThread "Handler for socket connection from /127.0.0.1:58611 to /127.0.0.1:59869" [_thread_in_native, id=6268, stack(0x000000c1e9d00000,0x000000c1e9e00000)]
  0x000001c3b158a800 JavaThread "Cancel handler" [_thread_blocked, id=2448, stack(0x000000c1e9e00000,0x000000c1e9f00000)]
  0x000001c3b158e000 JavaThread "Daemon worker Thread 10" [_thread_blocked, id=14088, stack(0x000000c1eb500000,0x000000c1eb600000)]
  0x000001c3b1591800 JavaThread "Asynchronous log dispatcher for DefaultDaemonConnection: socket connection from /127.0.0.1:58611 to /127.0.0.1:59869" [_thread_blocked, id=10104, stack(0x000000c1eb600000,0x000000c1eb700000)]
  0x000001c3b158c800 JavaThread "Stdin handler" [_thread_blocked, id=8196, stack(0x000000c1eb700000,0x000000c1eb800000)]
  0x000001c3b158b800 JavaThread "Daemon client event forwarder" [_thread_blocked, id=15008, stack(0x000000c1eb800000,0x000000c1eb900000)]
  0x000001c3b1592000 JavaThread "Cache worker for file hash cache (C:\Users\bhagy\Listview\.gradle\7.0.2\fileHashes)" [_thread_blocked, id=14152, stack(0x000000c1eb900000,0x000000c1eba00000)]
  0x000001c3b1593800 JavaThread "Cache worker for checksums cache (C:\Users\bhagy\Listview\.gradle\checksums)" [_thread_blocked, id=2536, stack(0x000000c1eba00000,0x000000c1ebb00000)]
  0x000001c3b1593000 JavaThread "Cache worker for cache directory md-supplier (C:\Users\bhagy\.gradle\caches\7.0.2\md-supplier)" [_thread_blocked, id=10824, stack(0x000000c1ebb00000,0x000000c1ebc00000)]
  0x000001c3b1594800 JavaThread "Cache worker for cache directory md-rule (C:\Users\bhagy\.gradle\caches\7.0.2\md-rule)" [_thread_blocked, id=4560, stack(0x000000c1ec000000,0x000000c1ec100000)]
  0x000001c3b1595800 JavaThread "Cache worker for dependencies-accessors (C:\Users\bhagy\Listview\.gradle\7.0.2\dependencies-accessors)" [_thread_blocked, id=4308, stack(0x000000c1ec100000,0x000000c1ec200000)]
  0x000001c3b158f800 JavaThread "Cache worker for Build Output Cleanup Cache (C:\Users\bhagy\Listview\.gradle\buildOutputCleanup)" [_thread_blocked, id=9512, stack(0x000000c1ec400000,0x000000c1ec500000)]
  0x000001c3b1596000 JavaThread "Build operations" [_thread_in_native, id=1804, stack(0x000000c1ec500000,0x000000c1ec600000)]
  0x000001c3b1597000 JavaThread "Build operations Thread 2" [_thread_blocked, id=12796, stack(0x000000c1ec600000,0x000000c1ec700000)]
  0x000001c3aff29800 JavaThread "Build operations Thread 3" [_thread_blocked, id=12756, stack(0x000000c1ecb00000,0x000000c1ecc00000)]
  0x000001c3aff2a800 JavaThread "Build operations Thread 4" [_thread_in_Java, id=4816, stack(0x000000c1ecd00000,0x000000c1ece00000)]
  0x000001c3aff28000 JavaThread "build event listener" [_thread_blocked, id=9824, stack(0x000000c1ecf00000,0x000000c1ed000000)]
  0x000001c3aff2c000 JavaThread "Execution worker for ':'" [_thread_blocked, id=11236, stack(0x000000c1ed000000,0x000000c1ed100000)]
  0x000001c3aff26800 JavaThread "Execution worker for ':' Thread 2" [_thread_blocked, id=12656, stack(0x000000c1ed100000,0x000000c1ed200000)]
  0x000001c3aff2d000 JavaThread "Execution worker for ':' Thread 3" [_thread_in_native_trans, id=704, stack(0x000000c1ed400000,0x000000c1ed500000)]
  0x000001c3aff27000 JavaThread "Cache worker for execution history cache (C:\Users\bhagy\Listview\.gradle\7.0.2\executionHistory)" [_thread_blocked, id=2116, stack(0x000000c1ed500000,0x000000c1ed600000)]
  0x000001c3aff2e800 JavaThread "WorkerExecutor Queue" [_thread_blocked, id=10608, stack(0x000000c1ed800000,0x000000c1ed900000)]
  0x000001c3aff2f000 JavaThread "WorkerExecutor Queue Thread 3" [_thread_blocked, id=15036, stack(0x000000c1eda00000,0x000000c1edb00000)]
  0x000001c3aff30000 JavaThread "WorkerExecutor Queue Thread 4" [_thread_blocked, id=12808, stack(0x000000c1edb00000,0x000000c1edc00000)]
  0x000001c3aff28800 JavaThread "pool-42-thread-1" [_thread_blocked, id=6104, stack(0x000000c1ece00000,0x000000c1ecf00000)]
  0x000001c3aff32800 JavaThread "stderr" [_thread_in_native, id=1332, stack(0x000000c1edd00000,0x000000c1ede00000)]
  0x000001c3addfd000 JavaThread "stdout" [_thread_in_native, id=10740, stack(0x000000c1edf00000,0x000000c1ee000000)]
  0x000001c3addfe000 JavaThread "C2 CompilerThread1" daemon [_thread_in_native, id=4776, stack(0x000000c1ed900000,0x000000c1eda00000)]

Other Threads:
  0x000001c3a973b000 VMThread "VM Thread" [stack: 0x000000c1ea500000,0x000000c1ea600000] [id=15156]
  0x000001c3aa2a4800 WatcherThread [stack: 0x000000c1eaf00000,0x000000c1eb000000] [id=14592]
  0x000001c38dc71000 GCTaskThread "GC Thread#0" [stack: 0x000000c1ea000000,0x000000c1ea100000] [id=9392]
  0x000001c3aa55b800 GCTaskThread "GC Thread#1" [stack: 0x000000c1eb100000,0x000000c1eb200000] [id=12160]
  0x000001c3aa8cb000 GCTaskThread "GC Thread#2" [stack: 0x000000c1eb200000,0x000000c1eb300000] [id=10512]
  0x000001c3ada14000 GCTaskThread "GC Thread#3" [stack: 0x000000c1ebc00000,0x000000c1ebd00000] [id=11904]
  0x000001c38dca3000 ConcurrentGCThread "G1 Main Marker" [stack: 0x000000c1ea100000,0x000000c1ea200000] [id=6128]
  0x000001c38dca4000 ConcurrentGCThread "G1 Conc#0" [stack: 0x000000c1ea200000,0x000000c1ea300000] [id=1612]
  0x000001c38dd32800 ConcurrentGCThread "G1 Refine#0" [stack: 0x000000c1ea300000,0x000000c1ea400000] [id=776]
  0x000001c38dd33800 ConcurrentGCThread "G1 Young RemSet Sampling" [stack: 0x000000c1ea400000,0x000000c1ea500000] [id=4764]

Threads with active compile tasks:
C2 CompilerThread04933480 29774       4       com.android.tools.r8.ir.regalloc.a::a (3985 bytes)
C1 CompilerThread04933480 29913       2       com.android.tools.r8.internal.Dg::a (54 bytes)
C2 CompilerThread14933480 29643 %     4       com.android.tools.r8.ir.regalloc.a::a @ 332 (1824 bytes)

VM state:not at safepoint (normal execution)

VM Mutex/Monitor currently owned by a thread: None

Heap address: 0x0000000080000000, size: 2048 MB, Compressed Oops mode: 32-bit
Narrow klass base: 0x0000000000000000, Narrow klass shift: 3
Compressed class space size: 1073741824 Address: 0x0000000100000000

Heap:
 garbage-first heap   total 408576K, used 212927K [0x0000000080000000, 0x0000000100000000)
  region size 1024K, 68 young (69632K), 3 survivors (3072K)
 Metaspace       used 148249K, capacity 153128K, committed 153292K, reserved 1181696K
  class space    used 18301K, capacity 20066K, committed 20172K, reserved 1048576K
Heap Regions: E=young(eden), S=young(survivor), O=old, HS=humongous(starts), HC=humongous(continues), CS=collection set, F=free, A=archive, TAMS=top-at-mark-start (previous, next)
|   0|0x0000000080000000, 0x0000000080100000, 0x0000000080100000|100%| O|  |TAMS 0x0000000080100000, 0x0000000080000000| Untracked 
|   1|0x0000000080100000, 0x0000000080200000, 0x0000000080200000|100%| O|  |TAMS 0x0000000080200000, 0x0000000080100000| Untracked 
|   2|0x0000000080200000, 0x0000000080300000, 0x0000000080300000|100%| O|  |TAMS 0x0000000080300000, 0x0000000080200000| Untracked 
|   3|0x0000000080300000, 0x0000000080400000, 0x0000000080400000|100%|HS|  |TAMS 0x0000000080400000, 0x0000000080300000| Complete 
|   4|0x0000000080400000, 0x0000000080500000, 0x0000000080500000|100%|HC|  |TAMS 0x0000000080500000, 0x0000000080400000| Complete 
|   5|0x0000000080500000, 0x0000000080600000, 0x0000000080600000|100%|HC|  |TAMS 0x0000000080600000, 0x0000000080500000| Complete 
|   6|0x0000000080600000, 0x0000000080700000, 0x0000000080700000|100%| O|  |TAMS 0x0000000080700000, 0x0000000080600000| Untracked 
|   7|0x0000000080700000, 0x0000000080800000, 0x0000000080800000|100%| O|  |TAMS 0x0000000080800000, 0x0000000080700000| Untracked 
|   8|0x0000000080800000, 0x0000000080900000, 0x0000000080900000|100%| O|  |TAMS 0x0000000080900000, 0x0000000080800000| Untracked 
|   9|0x0000000080900000, 0x0000000080a00000, 0x0000000080a00000|100%| O|  |TAMS 0x0000000080a00000, 0x0000000080900000| Untracked 
|  10|0x0000000080a00000, 0x0000000080b00000, 0x0000000080b00000|100%| O|  |TAMS 0x0000000080b00000, 0x0000000080a00000| Untracked 
|  11|0x0000000080b00000, 0x0000000080c00000, 0x0000000080c00000|100%| O|  |TAMS 0x0000000080c00000, 0x0000000080b00000| Untracked 
|  12|0x0000000080c00000, 0x0000000080d00000, 0x0000000080d00000|100%| O|  |TAMS 0x0000000080d00000, 0x0000000080c00000| Untracked 
|  13|0x0000000080d00000, 0x0000000080e00000, 0x0000000080e00000|100%| O|  |TAMS 0x0000000080e00000, 0x0000000080d00000| Untracked 
|  14|0x0000000080e00000, 0x0000000080f00000, 0x0000000080f00000|100%| O|  |TAMS 0x0000000080f00000, 0x0000000080e00000| Untracked 
|  15|0x0000000080f00000, 0x0000000081000000, 0x0000000081000000|100%| O|  |TAMS 0x0000000081000000, 0x0000000080f00000| Untracked 
|  16|0x0000000081000000, 0x0000000081100000, 0x0000000081100000|100%| O|  |TAMS 0x0000000081100000, 0x0000000081000000| Untracked 
|  17|0x0000000081100000, 0x0000000081200000, 0x0000000081200000|100%| O|  |TAMS 0x0000000081200000, 0x0000000081100000| Untracked 
|  18|0x0000000081200000, 0x0000000081300000, 0x0000000081300000|100%| O|  |TAMS 0x0000000081300000, 0x0000000081200000| Untracked 
|  19|0x0000000081300000, 0x0000000081400000, 0x0000000081400000|100%| O|  |TAMS 0x0000000081400000, 0x0000000081300000| Untracked 
|  20|0x0000000081400000, 0x0000000081500000, 0x0000000081500000|100%| O|  |TAMS 0x0000000081500000, 0x0000000081400000| Untracked 
|  21|0x0000000081500000, 0x0000000081600000, 0x0000000081600000|100%| O|  |TAMS 0x0000000081600000, 0x0000000081500000| Untracked 
|  22|0x0000000081600000, 0x0000000081700000, 0x0000000081700000|100%| O|  |TAMS 0x0000000081700000, 0x0000000081600000| Untracked 
|  23|0x0000000081700000, 0x0000000081800000, 0x0000000081800000|100%| O|  |TAMS 0x0000000081800000, 0x0000000081700000| Untracked 
|  24|0x0000000081800000, 0x0000000081900000, 0x0000000081900000|100%| O|  |TAMS 0x0000000081900000, 0x0000000081800000| Untracked 
|  25|0x0000000081900000, 0x0000000081a00000, 0x0000000081a00000|100%| O|  |TAMS 0x0000000081a00000, 0x0000000081900000| Untracked 
|  26|0x0000000081a00000, 0x0000000081b00000, 0x0000000081b00000|100%| O|  |TAMS 0x0000000081b00000, 0x0000000081a00000| Untracked 
|  27|0x0000000081b00000, 0x0000000081c00000, 0x0000000081c00000|100%|HS|  |TAMS 0x0000000081c00000, 0x0000000081b00000| Complete 
|  28|0x0000000081c00000, 0x0000000081d00000, 0x0000000081d00000|100%|HS|  |TAMS 0x0000000081d00000, 0x0000000081c00000| Complete 
|  29|0x0000000081d00000, 0x0000000081e00000, 0x0000000081e00000|100%|HS|  |TAMS 0x0000000081e00000, 0x0000000081d00000| Complete 
|  30|0x0000000081e00000, 0x0000000081f00000, 0x0000000081f00000|100%|HC|  |TAMS 0x0000000081f00000, 0x0000000081e00000| Complete 
|  31|0x0000000081f00000, 0x0000000082000000, 0x0000000082000000|100%| O|  |TAMS 0x0000000082000000, 0x0000000081f00000| Untracked 
|  32|0x0000000082000000, 0x0000000082100000, 0x0000000082100000|100%| O|  |TAMS 0x0000000082100000, 0x0000000082000000| Untracked 
|  33|0x0000000082100000, 0x0000000082200000, 0x0000000082200000|100%| O|  |TAMS 0x0000000082200000, 0x0000000082100000| Untracked 
|  34|0x0000000082200000, 0x0000000082300000, 0x0000000082300000|100%| O|  |TAMS 0x0000000082300000, 0x0000000082200000| Untracked 
|  35|0x0000000082300000, 0x0000000082400000, 0x0000000082400000|100%| O|  |TAMS 0x0000000082400000, 0x0000000082300000| Untracked 
|  36|0x0000000082400000, 0x0000000082500000, 0x0000000082500000|100%| O|  |TAMS 0x0000000082500000, 0x0000000082400000| Untracked 
|  37|0x0000000082500000, 0x0000000082600000, 0x0000000082600000|100%| O|  |TAMS 0x0000000082600000, 0x0000000082500000| Untracked 
|  38|0x0000000082600000, 0x0000000082700000, 0x0000000082700000|100%| O|  |TAMS 0x0000000082700000, 0x0000000082600000| Untracked 
|  39|0x0000000082700000, 0x0000000082800000, 0x0000000082800000|100%| O|  |TAMS 0x0000000082800000, 0x0000000082700000| Untracked 
|  40|0x0000000082800000, 0x0000000082900000, 0x0000000082900000|100%| O|  |TAMS 0x0000000082900000, 0x0000000082800000| Untracked 
|  41|0x0000000082900000, 0x0000000082a00000, 0x0000000082a00000|100%| O|  |TAMS 0x0000000082a00000, 0x0000000082900000| Untracked 
|  42|0x0000000082a00000, 0x0000000082b00000, 0x0000000082b00000|100%| O|  |TAMS 0x0000000082b00000, 0x0000000082a00000| Untracked 
|  43|0x0000000082b00000, 0x0000000082c00000, 0x0000000082c00000|100%| O|  |TAMS 0x0000000082c00000, 0x0000000082b00000| Untracked 
|  44|0x0000000082c00000, 0x0000000082d00000, 0x0000000082d00000|100%| O|  |TAMS 0x0000000082d00000, 0x0000000082c00000| Untracked 
|  45|0x0000000082d00000, 0x0000000082d00000, 0x0000000082e00000|  0%| F|  |TAMS 0x0000000082d00000, 0x0000000082d00000| Untracked 
|  46|0x0000000082e00000, 0x0000000082f00000, 0x0000000082f00000|100%| O|  |TAMS 0x0000000082f00000, 0x0000000082e00000| Untracked 
|  47|0x0000000082f00000, 0x0000000083000000, 0x0000000083000000|100%| O|  |TAMS 0x0000000083000000, 0x0000000082f00000| Untracked 
|  48|0x0000000083000000, 0x0000000083100000, 0x0000000083100000|100%| O|  |TAMS 0x0000000083100000, 0x0000000083000000| Untracked 
|  49|0x0000000083100000, 0x0000000083200000, 0x0000000083200000|100%| O|  |TAMS 0x0000000083200000, 0x0000000083100000| Untracked 
|  50|0x0000000083200000, 0x0000000083300000, 0x0000000083300000|100%| O|  |TAMS 0x0000000083300000, 0x0000000083200000| Untracked 
|  51|0x0000000083300000, 0x0000000083400000, 0x0000000083400000|100%| O|  |TAMS 0x0000000083400000, 0x0000000083300000| Untracked 
|  52|0x0000000083400000, 0x0000000083500000, 0x0000000083500000|100%| O|  |TAMS 0x0000000083500000, 0x0000000083400000| Untracked 
|  53|0x0000000083500000, 0x0000000083600000, 0x0000000083600000|100%| O|  |TAMS 0x0000000083600000, 0x0000000083500000| Untracked 
|  54|0x0000000083600000, 0x0000000083700000, 0x0000000083700000|100%| O|  |TAMS 0x0000000083700000, 0x0000000083600000| Untracked 
|  55|0x0000000083700000, 0x0000000083800000, 0x0000000083800000|100%| O|  |TAMS 0x0000000083800000, 0x0000000083700000| Untracked 
|  56|0x0000000083800000, 0x0000000083900000, 0x0000000083900000|100%| O|  |TAMS 0x0000000083900000, 0x0000000083800000| Untracked 
|  57|0x0000000083900000, 0x0000000083a00000, 0x0000000083a00000|100%| O|  |TAMS 0x0000000083a00000, 0x0000000083900000| Untracked 
|  58|0x0000000083a00000, 0x0000000083b00000, 0x0000000083b00000|100%| O|  |TAMS 0x0000000083b00000, 0x0000000083a00000| Untracked 
|  59|0x0000000083b00000, 0x0000000083c00000, 0x0000000083c00000|100%| O|  |TAMS 0x0000000083c00000, 0x0000000083b00000| Untracked 
|  60|0x0000000083c00000, 0x0000000083d00000, 0x0000000083d00000|100%| O|  |TAMS 0x0000000083d00000, 0x0000000083c00000| Untracked 
|  61|0x0000000083d00000, 0x0000000083e00000, 0x0000000083e00000|100%| O|  |TAMS 0x0000000083e00000, 0x0000000083d00000| Untracked 
|  62|0x0000000083e00000, 0x0000000083f00000, 0x0000000083f00000|100%| O|  |TAMS 0x0000000083f00000, 0x0000000083e00000| Untracked 
|  63|0x0000000083f00000, 0x0000000084000000, 0x0000000084000000|100%| O|  |TAMS 0x0000000084000000, 0x0000000083f00000| Untracked 
|  64|0x0000000084000000, 0x0000000084100000, 0x0000000084100000|100%| O|  |TAMS 0x0000000084100000, 0x0000000084000000| Untracked 
|  65|0x0000000084100000, 0x0000000084200000, 0x0000000084200000|100%| O|  |TAMS 0x0000000084200000, 0x0000000084100000| Untracked 
|  66|0x0000000084200000, 0x0000000084300000, 0x0000000084300000|100%| O|  |TAMS 0x0000000084300000, 0x0000000084200000| Untracked 
|  67|0x0000000084300000, 0x0000000084400000, 0x0000000084400000|100%| O|  |TAMS 0x0000000084400000, 0x0000000084300000| Untracked 
|  68|0x0000000084400000, 0x0000000084500000, 0x0000000084500000|100%| O|  |TAMS 0x0000000084500000, 0x0000000084400000| Untracked 
|  69|0x0000000084500000, 0x0000000084600000, 0x0000000084600000|100%| O|  |TAMS 0x0000000084600000, 0x0000000084500000| Untracked 
|  70|0x0000000084600000, 0x0000000084700000, 0x0000000084700000|100%| O|  |TAMS 0x0000000084700000, 0x0000000084600000| Untracked 
|  71|0x0000000084700000, 0x0000000084800000, 0x0000000084800000|100%| O|  |TAMS 0x0000000084800000, 0x0000000084700000| Untracked 
|  72|0x0000000084800000, 0x0000000084900000, 0x0000000084900000|100%| O|  |TAMS 0x0000000084900000, 0x0000000084800000| Untracked 
|  73|0x0000000084900000, 0x0000000084a00000, 0x0000000084a00000|100%| O|  |TAMS 0x0000000084a00000, 0x0000000084900000| Untracked 
|  74|0x0000000084a00000, 0x0000000084b00000, 0x0000000084b00000|100%| O|  |TAMS 0x0000000084b00000, 0x0000000084a00000| Untracked 
|  75|0x0000000084b00000, 0x0000000084c00000, 0x0000000084c00000|100%| O|  |TAMS 0x0000000084c00000, 0x0000000084b00000| Untracked 
|  76|0x0000000084c00000, 0x0000000084d00000, 0x0000000084d00000|100%| O|  |TAMS 0x0000000084d00000, 0x0000000084c00000| Untracked 
|  77|0x0000000084d00000, 0x0000000084e00000, 0x0000000084e00000|100%| O|  |TAMS 0x0000000084e00000, 0x0000000084d00000| Untracked 
|  78|0x0000000084e00000, 0x0000000084f00000, 0x0000000084f00000|100%|HS|  |TAMS 0x0000000084f00000, 0x0000000084e00000| Complete 
|  79|0x0000000084f00000, 0x0000000085000000, 0x0000000085000000|100%|HC|  |TAMS 0x0000000085000000, 0x0000000084f00000| Complete 
|  80|0x0000000085000000, 0x0000000085100000, 0x0000000085100000|100%|HS|  |TAMS 0x0000000085100000, 0x0000000085000000| Complete 
|  81|0x0000000085100000, 0x0000000085200000, 0x0000000085200000|100%|HC|  |TAMS 0x0000000085200000, 0x0000000085100000| Complete 
|  82|0x0000000085200000, 0x0000000085300000, 0x0000000085300000|100%|HC|  |TAMS 0x0000000085300000, 0x0000000085200000| Complete 
|  83|0x0000000085300000, 0x0000000085400000, 0x0000000085400000|100%| O|  |TAMS 0x0000000085400000, 0x0000000085300000| Untracked 
|  84|0x0000000085400000, 0x0000000085500000, 0x0000000085500000|100%| O|  |TAMS 0x0000000085500000, 0x0000000085400000| Untracked 
|  85|0x0000000085500000, 0x0000000085600000, 0x0000000085600000|100%| O|  |TAMS 0x0000000085600000, 0x0000000085500000| Untracked 
|  86|0x0000000085600000, 0x0000000085700000, 0x0000000085700000|100%| O|  |TAMS 0x0000000085700000, 0x0000000085600000| Untracked 
|  87|0x0000000085700000, 0x0000000085800000, 0x0000000085800000|100%| O|  |TAMS 0x0000000085800000, 0x0000000085700000| Untracked 
|  88|0x0000000085800000, 0x0000000085900000, 0x0000000085900000|100%| O|  |TAMS 0x0000000085900000, 0x0000000085800000| Untracked 
|  89|0x0000000085900000, 0x0000000085a00000, 0x0000000085a00000|100%| O|  |TAMS 0x0000000085a00000, 0x0000000085900000| Untracked 
|  90|0x0000000085a00000, 0x0000000085b00000, 0x0000000085b00000|100%| O|  |TAMS 0x0000000085b00000, 0x0000000085a00000| Untracked 
|  91|0x0000000085b00000, 0x0000000085c00000, 0x0000000085c00000|100%| O|  |TAMS 0x0000000085c00000, 0x0000000085b00000| Untracked 
|  92|0x0000000085c00000, 0x0000000085d00000, 0x0000000085d00000|100%| O|  |TAMS 0x0000000085d00000, 0x0000000085c00000| Untracked 
|  93|0x0000000085d00000, 0x0000000085e00000, 0x0000000085e00000|100%| O|  |TAMS 0x0000000085e00000, 0x0000000085d00000| Untracked 
|  94|0x0000000085e00000, 0x0000000085f00000, 0x0000000085f00000|100%| O|  |TAMS 0x0000000085f00000, 0x0000000085e00000| Untracked 
|  95|0x0000000085f00000, 0x0000000086000000, 0x0000000086000000|100%| O|  |TAMS 0x0000000086000000, 0x0000000085f00000| Untracked 
|  96|0x0000000086000000, 0x0000000086100000, 0x0000000086100000|100%| O|  |TAMS 0x0000000086100000, 0x0000000086000000| Untracked 
|  97|0x0000000086100000, 0x0000000086200000, 0x0000000086200000|100%| O|  |TAMS 0x0000000086200000, 0x0000000086100000| Untracked 
|  98|0x0000000086200000, 0x0000000086300000, 0x0000000086300000|100%| O|  |TAMS 0x0000000086300000, 0x0000000086200000| Untracked 
|  99|0x0000000086300000, 0x0000000086400000, 0x0000000086400000|100%| O|  |TAMS 0x0000000086400000, 0x0000000086300000| Untracked 
| 100|0x0000000086400000, 0x0000000086500000, 0x0000000086500000|100%|HS|  |TAMS 0x0000000086500000, 0x0000000086400000| Complete 
| 101|0x0000000086500000, 0x0000000086600000, 0x0000000086600000|100%|HC|  |TAMS 0x0000000086600000, 0x0000000086500000| Complete 
| 102|0x0000000086600000, 0x0000000086700000, 0x0000000086700000|100%|HC|  |TAMS 0x0000000086700000, 0x0000000086600000| Complete 
| 103|0x0000000086700000, 0x0000000086800000, 0x0000000086800000|100%|HC|  |TAMS 0x0000000086800000, 0x0000000086700000| Complete 
| 104|0x0000000086800000, 0x0000000086900000, 0x0000000086900000|100%|HC|  |TAMS 0x0000000086900000, 0x0000000086800000| Complete 
| 105|0x0000000086900000, 0x0000000086a00000, 0x0000000086a00000|100%| O|  |TAMS 0x0000000086a00000, 0x0000000086900000| Untracked 
| 106|0x0000000086a00000, 0x0000000086b00000, 0x0000000086b00000|100%| O|  |TAMS 0x0000000086b00000, 0x0000000086a00000| Untracked 
| 107|0x0000000086b00000, 0x0000000086c00000, 0x0000000086c00000|100%| O|  |TAMS 0x0000000086c00000, 0x0000000086b00000| Untracked 
| 108|0x0000000086c00000, 0x0000000086d00000, 0x0000000086d00000|100%| O|  |TAMS 0x0000000086d00000, 0x0000000086c00000| Untracked 
| 109|0x0000000086d00000, 0x0000000086e00000, 0x0000000086e00000|100%| O|  |TAMS 0x0000000086e00000, 0x0000000086d00000| Untracked 
| 110|0x0000000086e00000, 0x0000000086f00000, 0x0000000086f00000|100%| O|  |TAMS 0x0000000086f00000, 0x0000000086e00000| Untracked 
| 111|0x0000000086f00000, 0x0000000087000000, 0x0000000087000000|100%| O|  |TAMS 0x0000000087000000, 0x0000000086f00000| Untracked 
| 112|0x0000000087000000, 0x0000000087100000, 0x0000000087100000|100%| O|  |TAMS 0x0000000087100000, 0x0000000087000000| Untracked 
| 113|0x0000000087100000, 0x0000000087200000, 0x0000000087200000|100%| O|  |TAMS 0x0000000087200000, 0x0000000087100000| Untracked 
| 114|0x0000000087200000, 0x0000000087300000, 0x0000000087300000|100%| O|  |TAMS 0x0000000087300000, 0x0000000087200000| Untracked 
| 115|0x0000000087300000, 0x0000000087400000, 0x0000000087400000|100%| O|  |TAMS 0x0000000087400000, 0x0000000087300000| Untracked 
| 116|0x0000000087400000, 0x0000000087500000, 0x0000000087500000|100%| O|  |TAMS 0x0000000087500000, 0x0000000087400000| Untracked 
| 117|0x0000000087500000, 0x0000000087600000, 0x0000000087600000|100%| O|  |TAMS 0x0000000087600000, 0x0000000087500000| Untracked 
| 118|0x0000000087600000, 0x0000000087700000, 0x0000000087700000|100%| O|  |TAMS 0x0000000087700000, 0x0000000087600000| Untracked 
| 119|0x0000000087700000, 0x0000000087800000, 0x0000000087800000|100%| O|  |TAMS 0x0000000087800000, 0x0000000087700000| Untracked 
| 120|0x0000000087800000, 0x0000000087900000, 0x0000000087900000|100%| O|  |TAMS 0x0000000087900000, 0x0000000087800000| Untracked 
| 121|0x0000000087900000, 0x0000000087a00000, 0x0000000087a00000|100%| O|  |TAMS 0x0000000087a00000, 0x0000000087900000| Untracked 
| 122|0x0000000087a00000, 0x0000000087b00000, 0x0000000087b00000|100%| O|  |TAMS 0x0000000087b00000, 0x0000000087a00000| Untracked 
| 123|0x0000000087b00000, 0x0000000087c00000, 0x0000000087c00000|100%| O|  |TAMS 0x0000000087c00000, 0x0000000087b00000| Untracked 
| 124|0x0000000087c00000, 0x0000000087d00000, 0x0000000087d00000|100%| O|  |TAMS 0x0000000087d00000, 0x0000000087c00000| Untracked 
| 125|0x0000000087d00000, 0x0000000087e00000, 0x0000000087e00000|100%| O|  |TAMS 0x0000000087e00000, 0x0000000087d00000| Untracked 
| 126|0x0000000087e00000, 0x0000000087f00000, 0x0000000087f00000|100%| O|  |TAMS 0x0000000087f00000, 0x0000000087e00000| Untracked 
| 127|0x0000000087f00000, 0x0000000088000000, 0x0000000088000000|100%| O|  |TAMS 0x0000000088000000, 0x0000000087f00000| Untracked 
| 128|0x0000000088000000, 0x0000000088100000, 0x0000000088100000|100%| O|  |TAMS 0x0000000088100000, 0x0000000088000000| Untracked 
| 129|0x0000000088100000, 0x0000000088200000, 0x0000000088200000|100%| O|  |TAMS 0x0000000088200000, 0x0000000088100000| Untracked 
| 130|0x0000000088200000, 0x0000000088300000, 0x0000000088300000|100%| O|  |TAMS 0x0000000088300000, 0x0000000088200000| Untracked 
| 131|0x0000000088300000, 0x0000000088400000, 0x0000000088400000|100%| O|  |TAMS 0x0000000088400000, 0x0000000088300000| Untracked 
| 132|0x0000000088400000, 0x0000000088500000, 0x0000000088500000|100%| O|  |TAMS 0x0000000088500000, 0x0000000088400000| Untracked 
| 133|0x0000000088500000, 0x0000000088600000, 0x0000000088600000|100%| O|  |TAMS 0x0000000088600000, 0x0000000088500000| Untracked 
| 134|0x0000000088600000, 0x0000000088700000, 0x0000000088700000|100%| O|  |TAMS 0x0000000088700000, 0x0000000088600000| Untracked 
| 135|0x0000000088700000, 0x0000000088800000, 0x0000000088800000|100%| O|  |TAMS 0x0000000088800000, 0x0000000088700000| Untracked 
| 136|0x0000000088800000, 0x0000000088900000, 0x0000000088900000|100%| O|  |TAMS 0x0000000088900000, 0x0000000088800000| Untracked 
| 137|0x0000000088900000, 0x0000000088a00000, 0x0000000088a00000|100%| O|  |TAMS 0x0000000088a00000, 0x0000000088900000| Untracked 
| 138|0x0000000088a00000, 0x0000000088b00000, 0x0000000088b00000|100%| O|  |TAMS 0x0000000088b00000, 0x0000000088a00000| Untracked 
| 139|0x0000000088b00000, 0x0000000088c00000, 0x0000000088c00000|100%| O|  |TAMS 0x0000000088c00000, 0x0000000088b00000| Untracked 
| 140|0x0000000088c00000, 0x0000000088d00000, 0x0000000088d00000|100%| O|  |TAMS 0x0000000088d00000, 0x0000000088c00000| Untracked 
| 141|0x0000000088d00000, 0x0000000088e00000, 0x0000000088e00000|100%| O|  |TAMS 0x0000000088e00000, 0x0000000088d00000| Untracked 
| 142|0x0000000088e00000, 0x0000000088edb000, 0x0000000088f00000| 85%| O|  |TAMS 0x0000000088e80000, 0x0000000088e00000| Untracked 
| 143|0x0000000088f00000, 0x0000000088f00000, 0x0000000089000000|  0%| F|  |TAMS 0x0000000088f00000, 0x0000000088f00000| Untracked 
| 144|0x0000000089000000, 0x0000000089000000, 0x0000000089100000|  0%| F|  |TAMS 0x0000000089000000, 0x0000000089000000| Untracked 
| 145|0x0000000089100000, 0x0000000089100000, 0x0000000089200000|  0%| F|  |TAMS 0x0000000089100000, 0x0000000089100000| Untracked 
| 146|0x0000000089200000, 0x0000000089200000, 0x0000000089300000|  0%| F|  |TAMS 0x0000000089200000, 0x0000000089200000| Untracked 
| 147|0x0000000089300000, 0x0000000089300000, 0x0000000089400000|  0%| F|  |TAMS 0x0000000089300000, 0x0000000089300000| Untracked 
| 148|0x0000000089400000, 0x0000000089400000, 0x0000000089500000|  0%| F|  |TAMS 0x0000000089400000, 0x0000000089400000| Untracked 
| 149|0x0000000089500000, 0x0000000089500000, 0x0000000089600000|  0%| F|  |TAMS 0x0000000089500000, 0x0000000089500000| Untracked 
| 150|0x0000000089600000, 0x0000000089600000, 0x0000000089700000|  0%| F|  |TAMS 0x0000000089600000, 0x0000000089600000| Untracked 
| 151|0x0000000089700000, 0x0000000089700000, 0x0000000089800000|  0%| F|  |TAMS 0x0000000089700000, 0x0000000089700000| Untracked 
| 152|0x0000000089800000, 0x0000000089800000, 0x0000000089900000|  0%| F|  |TAMS 0x0000000089800000, 0x0000000089800000| Untracked 
| 153|0x0000000089900000, 0x0000000089900000, 0x0000000089a00000|  0%| F|  |TAMS 0x0000000089900000, 0x0000000089900000| Untracked 
| 154|0x0000000089a00000, 0x0000000089a00000, 0x0000000089b00000|  0%| F|  |TAMS 0x0000000089a00000, 0x0000000089a00000| Untracked 
| 155|0x0000000089b00000, 0x0000000089b00000, 0x0000000089c00000|  0%| F|  |TAMS 0x0000000089b00000, 0x0000000089b00000| Untracked 
| 156|0x0000000089c00000, 0x0000000089c00000, 0x0000000089d00000|  0%| F|  |TAMS 0x0000000089c00000, 0x0000000089c00000| Untracked 
| 157|0x0000000089d00000, 0x0000000089d00000, 0x0000000089e00000|  0%| F|  |TAMS 0x0000000089d00000, 0x0000000089d00000| Untracked 
| 158|0x0000000089e00000, 0x0000000089e00000, 0x0000000089f00000|  0%| F|  |TAMS 0x0000000089e00000, 0x0000000089e00000| Untracked 
| 159|0x0000000089f00000, 0x0000000089f00000, 0x000000008a000000|  0%| F|  |TAMS 0x0000000089f00000, 0x0000000089f00000| Untracked 
| 160|0x000000008a000000, 0x000000008a000000, 0x000000008a100000|  0%| F|  |TAMS 0x000000008a000000, 0x000000008a000000| Untracked 
| 161|0x000000008a100000, 0x000000008a100000, 0x000000008a200000|  0%| F|  |TAMS 0x000000008a100000, 0x000000008a100000| Untracked 
| 162|0x000000008a200000, 0x000000008a200000, 0x000000008a300000|  0%| F|  |TAMS 0x000000008a200000, 0x000000008a200000| Untracked 
| 163|0x000000008a300000, 0x000000008a300000, 0x000000008a400000|  0%| F|  |TAMS 0x000000008a300000, 0x000000008a300000| Untracked 
| 164|0x000000008a400000, 0x000000008a400000, 0x000000008a500000|  0%| F|  |TAMS 0x000000008a400000, 0x000000008a400000| Untracked 
| 165|0x000000008a500000, 0x000000008a500000, 0x000000008a600000|  0%| F|  |TAMS 0x000000008a500000, 0x000000008a500000| Untracked 
| 166|0x000000008a600000, 0x000000008a600000, 0x000000008a700000|  0%| F|  |TAMS 0x000000008a600000, 0x000000008a600000| Untracked 
| 167|0x000000008a700000, 0x000000008a700000, 0x000000008a800000|  0%| F|  |TAMS 0x000000008a700000, 0x000000008a700000| Untracked 
| 168|0x000000008a800000, 0x000000008a800000, 0x000000008a900000|  0%| F|  |TAMS 0x000000008a800000, 0x000000008a800000| Untracked 
| 169|0x000000008a900000, 0x000000008a900000, 0x000000008aa00000|  0%| F|  |TAMS 0x000000008a900000, 0x000000008a900000| Untracked 
| 170|0x000000008aa00000, 0x000000008aa00000, 0x000000008ab00000|  0%| F|  |TAMS 0x000000008aa00000, 0x000000008aa00000| Untracked 
| 171|0x000000008ab00000, 0x000000008ab00000, 0x000000008ac00000|  0%| F|  |TAMS 0x000000008ab00000, 0x000000008ab00000| Untracked 
| 172|0x000000008ac00000, 0x000000008ac00000, 0x000000008ad00000|  0%| F|  |TAMS 0x000000008ac00000, 0x000000008ac00000| Untracked 
| 173|0x000000008ad00000, 0x000000008ad00000, 0x000000008ae00000|  0%| F|  |TAMS 0x000000008ad00000, 0x000000008ad00000| Untracked 
| 174|0x000000008ae00000, 0x000000008ae00000, 0x000000008af00000|  0%| F|  |TAMS 0x000000008ae00000, 0x000000008ae00000| Untracked 
| 175|0x000000008af00000, 0x000000008af00000, 0x000000008b000000|  0%| F|  |TAMS 0x000000008af00000, 0x000000008af00000| Untracked 
| 176|0x000000008b000000, 0x000000008b000000, 0x000000008b100000|  0%| F|  |TAMS 0x000000008b000000, 0x000000008b000000| Untracked 
| 177|0x000000008b100000, 0x000000008b100000, 0x000000008b200000|  0%| F|  |TAMS 0x000000008b100000, 0x000000008b100000| Untracked 
| 178|0x000000008b200000, 0x000000008b200000, 0x000000008b300000|  0%| F|  |TAMS 0x000000008b200000, 0x000000008b200000| Untracked 
| 179|0x000000008b300000, 0x000000008b300000, 0x000000008b400000|  0%| F|  |TAMS 0x000000008b300000, 0x000000008b300000| Untracked 
| 180|0x000000008b400000, 0x000000008b400000, 0x000000008b500000|  0%| F|  |TAMS 0x000000008b400000, 0x000000008b400000| Untracked 
| 181|0x000000008b500000, 0x000000008b500000, 0x000000008b600000|  0%| F|  |TAMS 0x000000008b500000, 0x000000008b500000| Untracked 
| 182|0x000000008b600000, 0x000000008b600000, 0x000000008b700000|  0%| F|  |TAMS 0x000000008b600000, 0x000000008b600000| Untracked 
| 183|0x000000008b700000, 0x000000008b700000, 0x000000008b800000|  0%| F|  |TAMS 0x000000008b700000, 0x000000008b700000| Untracked 
| 184|0x000000008b800000, 0x000000008b800000, 0x000000008b900000|  0%| F|  |TAMS 0x000000008b800000, 0x000000008b800000| Untracked 
| 185|0x000000008b900000, 0x000000008b900000, 0x000000008ba00000|  0%| F|  |TAMS 0x000000008b900000, 0x000000008b900000| Untracked 
| 186|0x000000008ba00000, 0x000000008ba00000, 0x000000008bb00000|  0%| F|  |TAMS 0x000000008ba00000, 0x000000008ba00000| Untracked 
| 187|0x000000008bb00000, 0x000000008bb00000, 0x000000008bc00000|  0%| F|  |TAMS 0x000000008bb00000, 0x000000008bb00000| Untracked 
| 188|0x000000008bc00000, 0x000000008bc00000, 0x000000008bd00000|  0%| F|  |TAMS 0x000000008bc00000, 0x000000008bc00000| Untracked 
| 189|0x000000008bd00000, 0x000000008bd00000, 0x000000008be00000|  0%| F|  |TAMS 0x000000008bd00000, 0x000000008bd00000| Untracked 
| 190|0x000000008be00000, 0x000000008be00000, 0x000000008bf00000|  0%| F|  |TAMS 0x000000008be00000, 0x000000008be00000| Untracked 
| 191|0x000000008bf00000, 0x000000008bf00000, 0x000000008c000000|  0%| F|  |TAMS 0x000000008bf00000, 0x000000008bf00000| Untracked 
| 192|0x000000008c000000, 0x000000008c000000, 0x000000008c100000|  0%| F|  |TAMS 0x000000008c000000, 0x000000008c000000| Untracked 
| 193|0x000000008c100000, 0x000000008c100000, 0x000000008c200000|  0%| F|  |TAMS 0x000000008c100000, 0x000000008c100000| Untracked 
| 194|0x000000008c200000, 0x000000008c200000, 0x000000008c300000|  0%| F|  |TAMS 0x000000008c200000, 0x000000008c200000| Untracked 
| 195|0x000000008c300000, 0x000000008c300000, 0x000000008c400000|  0%| F|  |TAMS 0x000000008c300000, 0x000000008c300000| Untracked 
| 196|0x000000008c400000, 0x000000008c400000, 0x000000008c500000|  0%| F|  |TAMS 0x000000008c400000, 0x000000008c400000| Untracked 
| 197|0x000000008c500000, 0x000000008c500000, 0x000000008c600000|  0%| F|  |TAMS 0x000000008c500000, 0x000000008c500000| Untracked 
| 198|0x000000008c600000, 0x000000008c600000, 0x000000008c700000|  0%| F|  |TAMS 0x000000008c600000, 0x000000008c600000| Untracked 
| 199|0x000000008c700000, 0x000000008c700000, 0x000000008c800000|  0%| F|  |TAMS 0x000000008c700000, 0x000000008c700000| Untracked 
| 200|0x000000008c800000, 0x000000008c800000, 0x000000008c900000|  0%| F|  |TAMS 0x000000008c800000, 0x000000008c800000| Untracked 
| 201|0x000000008c900000, 0x000000008c900000, 0x000000008ca00000|  0%| F|  |TAMS 0x000000008c900000, 0x000000008c900000| Untracked 
| 202|0x000000008ca00000, 0x000000008ca00000, 0x000000008cb00000|  0%| F|  |TAMS 0x000000008ca00000, 0x000000008ca00000| Untracked 
| 203|0x000000008cb00000, 0x000000008cb00000, 0x000000008cc00000|  0%| F|  |TAMS 0x000000008cb00000, 0x000000008cb00000| Untracked 
| 204|0x000000008cc00000, 0x000000008cc00000, 0x000000008cd00000|  0%| F|  |TAMS 0x000000008cc00000, 0x000000008cc00000| Untracked 
| 205|0x000000008cd00000, 0x000000008cd00000, 0x000000008ce00000|  0%| F|  |TAMS 0x000000008cd00000, 0x000000008cd00000| Untracked 
| 206|0x000000008ce00000, 0x000000008ce00000, 0x000000008cf00000|  0%| F|  |TAMS 0x000000008ce00000, 0x000000008ce00000| Untracked 
| 207|0x000000008cf00000, 0x000000008cf00000, 0x000000008d000000|  0%| F|  |TAMS 0x000000008cf00000, 0x000000008cf00000| Untracked 
| 208|0x000000008d000000, 0x000000008d000000, 0x000000008d100000|  0%| F|  |TAMS 0x000000008d000000, 0x000000008d000000| Untracked 
| 209|0x000000008d100000, 0x000000008d100000, 0x000000008d200000|  0%| F|  |TAMS 0x000000008d100000, 0x000000008d100000| Untracked 
| 210|0x000000008d200000, 0x000000008d200000, 0x000000008d300000|  0%| F|  |TAMS 0x000000008d200000, 0x000000008d200000| Untracked 
| 211|0x000000008d300000, 0x000000008d300000, 0x000000008d400000|  0%| F|  |TAMS 0x000000008d300000, 0x000000008d300000| Untracked 
| 212|0x000000008d400000, 0x000000008d400000, 0x000000008d500000|  0%| F|  |TAMS 0x000000008d400000, 0x000000008d400000| Untracked 
| 213|0x000000008d500000, 0x000000008d500000, 0x000000008d600000|  0%| F|  |TAMS 0x000000008d500000, 0x000000008d500000| Untracked 
| 214|0x000000008d600000, 0x000000008d600000, 0x000000008d700000|  0%| F|  |TAMS 0x000000008d600000, 0x000000008d600000| Untracked 
| 215|0x000000008d700000, 0x000000008d700000, 0x000000008d800000|  0%| F|  |TAMS 0x000000008d700000, 0x000000008d700000| Untracked 
| 216|0x000000008d800000, 0x000000008d800000, 0x000000008d900000|  0%| F|  |TAMS 0x000000008d800000, 0x000000008d800000| Untracked 
| 217|0x000000008d900000, 0x000000008d900000, 0x000000008da00000|  0%| F|  |TAMS 0x000000008d900000, 0x000000008d900000| Untracked 
| 218|0x000000008da00000, 0x000000008da00000, 0x000000008db00000|  0%| F|  |TAMS 0x000000008da00000, 0x000000008da00000| Untracked 
| 219|0x000000008db00000, 0x000000008db00000, 0x000000008dc00000|  0%| F|  |TAMS 0x000000008db00000, 0x000000008db00000| Untracked 
| 220|0x000000008dc00000, 0x000000008dc00000, 0x000000008dd00000|  0%| F|  |TAMS 0x000000008dc00000, 0x000000008dc00000| Untracked 
| 221|0x000000008dd00000, 0x000000008dd00000, 0x000000008de00000|  0%| F|  |TAMS 0x000000008dd00000, 0x000000008dd00000| Untracked 
| 222|0x000000008de00000, 0x000000008de00000, 0x000000008df00000|  0%| F|  |TAMS 0x000000008de00000, 0x000000008de00000| Untracked 
| 223|0x000000008df00000, 0x000000008df00000, 0x000000008e000000|  0%| F|  |TAMS 0x000000008df00000, 0x000000008df00000| Untracked 
| 224|0x000000008e000000, 0x000000008e000000, 0x000000008e100000|  0%| F|  |TAMS 0x000000008e000000, 0x000000008e000000| Untracked 
| 225|0x000000008e100000, 0x000000008e100000, 0x000000008e200000|  0%| F|  |TAMS 0x000000008e100000, 0x000000008e100000| Untracked 
| 226|0x000000008e200000, 0x000000008e200000, 0x000000008e300000|  0%| F|  |TAMS 0x000000008e200000, 0x000000008e200000| Untracked 
| 227|0x000000008e300000, 0x000000008e300000, 0x000000008e400000|  0%| F|  |TAMS 0x000000008e300000, 0x000000008e300000| Untracked 
| 228|0x000000008e400000, 0x000000008e400000, 0x000000008e500000|  0%| F|  |TAMS 0x000000008e400000, 0x000000008e400000| Untracked 
| 229|0x000000008e500000, 0x000000008e500000, 0x000000008e600000|  0%| F|  |TAMS 0x000000008e500000, 0x000000008e500000| Untracked 
| 230|0x000000008e600000, 0x000000008e600000, 0x000000008e700000|  0%| F|  |TAMS 0x000000008e600000, 0x000000008e600000| Untracked 
| 231|0x000000008e700000, 0x000000008e700000, 0x000000008e800000|  0%| F|  |TAMS 0x000000008e700000, 0x000000008e700000| Untracked 
| 232|0x000000008e800000, 0x000000008e800000, 0x000000008e900000|  0%| F|  |TAMS 0x000000008e800000, 0x000000008e800000| Untracked 
| 233|0x000000008e900000, 0x000000008e900000, 0x000000008ea00000|  0%| F|  |TAMS 0x000000008e900000, 0x000000008e900000| Untracked 
| 234|0x000000008ea00000, 0x000000008ea00000, 0x000000008eb00000|  0%| F|  |TAMS 0x000000008ea00000, 0x000000008ea00000| Untracked 
| 235|0x000000008eb00000, 0x000000008eb00000, 0x000000008ec00000|  0%| F|  |TAMS 0x000000008eb00000, 0x000000008eb00000| Untracked 
| 236|0x000000008ec00000, 0x000000008ec00000, 0x000000008ed00000|  0%| F|  |TAMS 0x000000008ec00000, 0x000000008ec00000| Untracked 
| 237|0x000000008ed00000, 0x000000008ed00000, 0x000000008ee00000|  0%| F|  |TAMS 0x000000008ed00000, 0x000000008ed00000| Untracked 
| 238|0x000000008ee00000, 0x000000008ee00000, 0x000000008ef00000|  0%| F|  |TAMS 0x000000008ee00000, 0x000000008ee00000| Untracked 
| 239|0x000000008ef00000, 0x000000008ef00000, 0x000000008f000000|  0%| F|  |TAMS 0x000000008ef00000, 0x000000008ef00000| Untracked 
| 240|0x000000008f000000, 0x000000008f000000, 0x000000008f100000|  0%| F|  |TAMS 0x000000008f000000, 0x000000008f000000| Untracked 
| 241|0x000000008f100000, 0x000000008f100000, 0x000000008f200000|  0%| F|  |TAMS 0x000000008f100000, 0x000000008f100000| Untracked 
| 242|0x000000008f200000, 0x000000008f200000, 0x000000008f300000|  0%| F|  |TAMS 0x000000008f200000, 0x000000008f200000| Untracked 
| 243|0x000000008f300000, 0x000000008f300000, 0x000000008f400000|  0%| F|  |TAMS 0x000000008f300000, 0x000000008f300000| Untracked 
| 244|0x000000008f400000, 0x000000008f400000, 0x000000008f500000|  0%| F|  |TAMS 0x000000008f400000, 0x000000008f400000| Untracked 
| 245|0x000000008f500000, 0x000000008f500000, 0x000000008f600000|  0%| F|  |TAMS 0x000000008f500000, 0x000000008f500000| Untracked 
| 246|0x000000008f600000, 0x000000008f600000, 0x000000008f700000|  0%| F|  |TAMS 0x000000008f600000, 0x000000008f600000| Untracked 
| 247|0x000000008f700000, 0x000000008f700000, 0x000000008f800000|  0%| F|  |TAMS 0x000000008f700000, 0x000000008f700000| Untracked 
| 248|0x000000008f800000, 0x000000008f800000, 0x000000008f900000|  0%| F|  |TAMS 0x000000008f800000, 0x000000008f800000| Untracked 
| 249|0x000000008f900000, 0x000000008f900000, 0x000000008fa00000|  0%| F|  |TAMS 0x000000008f900000, 0x000000008f900000| Untracked 
| 250|0x000000008fa00000, 0x000000008fa00000, 0x000000008fb00000|  0%| F|  |TAMS 0x000000008fa00000, 0x000000008fa00000| Untracked 
| 251|0x000000008fb00000, 0x000000008fb00000, 0x000000008fc00000|  0%| F|  |TAMS 0x000000008fb00000, 0x000000008fb00000| Untracked 
| 252|0x000000008fc00000, 0x000000008fc00000, 0x000000008fd00000|  0%| F|  |TAMS 0x000000008fc00000, 0x000000008fc00000| Untracked 
| 253|0x000000008fd00000, 0x000000008fd00000, 0x000000008fe00000|  0%| F|  |TAMS 0x000000008fd00000, 0x000000008fd00000| Untracked 
| 254|0x000000008fe00000, 0x000000008fe00000, 0x000000008ff00000|  0%| F|  |TAMS 0x000000008fe00000, 0x000000008fe00000| Untracked 
| 255|0x000000008ff00000, 0x000000008ff00000, 0x0000000090000000|  0%| F|  |TAMS 0x000000008ff00000, 0x000000008ff00000| Untracked 
| 256|0x0000000090000000, 0x0000000090000000, 0x0000000090100000|  0%| F|  |TAMS 0x0000000090000000, 0x0000000090000000| Untracked 
| 257|0x0000000090100000, 0x0000000090100000, 0x0000000090200000|  0%| F|  |TAMS 0x0000000090100000, 0x0000000090100000| Untracked 
| 258|0x0000000090200000, 0x0000000090200000, 0x0000000090300000|  0%| F|  |TAMS 0x0000000090200000, 0x0000000090200000| Untracked 
| 259|0x0000000090300000, 0x0000000090300000, 0x0000000090400000|  0%| F|  |TAMS 0x0000000090300000, 0x0000000090300000| Untracked 
| 260|0x0000000090400000, 0x0000000090400000, 0x0000000090500000|  0%| F|  |TAMS 0x0000000090400000, 0x0000000090400000| Untracked 
| 261|0x0000000090500000, 0x0000000090500000, 0x0000000090600000|  0%| F|  |TAMS 0x0000000090500000, 0x0000000090500000| Untracked 
| 262|0x0000000090600000, 0x0000000090600000, 0x0000000090700000|  0%| F|  |TAMS 0x0000000090600000, 0x0000000090600000| Untracked 
| 263|0x0000000090700000, 0x0000000090700000, 0x0000000090800000|  0%| F|  |TAMS 0x0000000090700000, 0x0000000090700000| Untracked 
| 264|0x0000000090800000, 0x0000000090800000, 0x0000000090900000|  0%| F|  |TAMS 0x0000000090800000, 0x0000000090800000| Untracked 
| 265|0x0000000090900000, 0x0000000090900000, 0x0000000090a00000|  0%| F|  |TAMS 0x0000000090900000, 0x0000000090900000| Untracked 
| 266|0x0000000090a00000, 0x0000000090a00000, 0x0000000090b00000|  0%| F|  |TAMS 0x0000000090a00000, 0x0000000090a00000| Untracked 
| 267|0x0000000090b00000, 0x0000000090b00000, 0x0000000090c00000|  0%| F|  |TAMS 0x0000000090b00000, 0x0000000090b00000| Untracked 
| 268|0x0000000090c00000, 0x0000000090c00000, 0x0000000090d00000|  0%| F|  |TAMS 0x0000000090c00000, 0x0000000090c00000| Untracked 
| 269|0x0000000090d00000, 0x0000000090d00000, 0x0000000090e00000|  0%| F|  |TAMS 0x0000000090d00000, 0x0000000090d00000| Untracked 
| 270|0x0000000090e00000, 0x0000000090e00000, 0x0000000090f00000|  0%| F|  |TAMS 0x0000000090e00000, 0x0000000090e00000| Untracked 
| 271|0x0000000090f00000, 0x0000000090f00000, 0x0000000091000000|  0%| F|  |TAMS 0x0000000090f00000, 0x0000000090f00000| Untracked 
| 272|0x0000000091000000, 0x0000000091000000, 0x0000000091100000|  0%| F|  |TAMS 0x0000000091000000, 0x0000000091000000| Untracked 
| 273|0x0000000091100000, 0x0000000091100000, 0x0000000091200000|  0%| F|  |TAMS 0x0000000091100000, 0x0000000091100000| Untracked 
| 274|0x0000000091200000, 0x0000000091200000, 0x0000000091300000|  0%| F|  |TAMS 0x0000000091200000, 0x0000000091200000| Untracked 
| 275|0x0000000091300000, 0x0000000091300000, 0x0000000091400000|  0%| F|  |TAMS 0x0000000091300000, 0x0000000091300000| Untracked 
| 276|0x0000000091400000, 0x0000000091400000, 0x0000000091500000|  0%| F|  |TAMS 0x0000000091400000, 0x0000000091400000| Untracked 
| 277|0x0000000091500000, 0x0000000091500000, 0x0000000091600000|  0%| F|  |TAMS 0x0000000091500000, 0x0000000091500000| Untracked 
| 278|0x0000000091600000, 0x0000000091600000, 0x0000000091700000|  0%| F|  |TAMS 0x0000000091600000, 0x0000000091600000| Untracked 
| 279|0x0000000091700000, 0x0000000091700000, 0x0000000091800000|  0%| F|  |TAMS 0x0000000091700000, 0x0000000091700000| Untracked 
| 280|0x0000000091800000, 0x0000000091800000, 0x0000000091900000|  0%| F|  |TAMS 0x0000000091800000, 0x0000000091800000| Untracked 
| 281|0x0000000091900000, 0x0000000091900000, 0x0000000091a00000|  0%| F|  |TAMS 0x0000000091900000, 0x0000000091900000| Untracked 
| 282|0x0000000091a00000, 0x0000000091a00000, 0x0000000091b00000|  0%| F|  |TAMS 0x0000000091a00000, 0x0000000091a00000| Untracked 
| 283|0x0000000091b00000, 0x0000000091b00000, 0x0000000091c00000|  0%| F|  |TAMS 0x0000000091b00000, 0x0000000091b00000| Untracked 
| 284|0x0000000091c00000, 0x0000000091c00000, 0x0000000091d00000|  0%| F|  |TAMS 0x0000000091c00000, 0x0000000091c00000| Untracked 
| 285|0x0000000091d00000, 0x0000000091d00000, 0x0000000091e00000|  0%| F|  |TAMS 0x0000000091d00000, 0x0000000091d00000| Untracked 
| 286|0x0000000091e00000, 0x0000000091e00000, 0x0000000091f00000|  0%| F|  |TAMS 0x0000000091e00000, 0x0000000091e00000| Untracked 
| 287|0x0000000091f00000, 0x0000000091f00000, 0x0000000092000000|  0%| F|  |TAMS 0x0000000091f00000, 0x0000000091f00000| Untracked 
| 288|0x0000000092000000, 0x0000000092000000, 0x0000000092100000|  0%| F|  |TAMS 0x0000000092000000, 0x0000000092000000| Untracked 
| 289|0x0000000092100000, 0x0000000092100000, 0x0000000092200000|  0%| F|  |TAMS 0x0000000092100000, 0x0000000092100000| Untracked 
| 290|0x0000000092200000, 0x0000000092200000, 0x0000000092300000|  0%| F|  |TAMS 0x0000000092200000, 0x0000000092200000| Untracked 
| 291|0x0000000092300000, 0x0000000092300000, 0x0000000092400000|  0%| F|  |TAMS 0x0000000092300000, 0x0000000092300000| Untracked 
| 292|0x0000000092400000, 0x0000000092400000, 0x0000000092500000|  0%| F|  |TAMS 0x0000000092400000, 0x0000000092400000| Untracked 
| 293|0x0000000092500000, 0x0000000092500000, 0x0000000092600000|  0%| F|  |TAMS 0x0000000092500000, 0x0000000092500000| Untracked 
| 294|0x0000000092600000, 0x0000000092600000, 0x0000000092700000|  0%| F|  |TAMS 0x0000000092600000, 0x0000000092600000| Untracked 
| 295|0x0000000092700000, 0x0000000092700000, 0x0000000092800000|  0%| F|  |TAMS 0x0000000092700000, 0x0000000092700000| Untracked 
| 296|0x0000000092800000, 0x0000000092800000, 0x0000000092900000|  0%| F|  |TAMS 0x0000000092800000, 0x0000000092800000| Untracked 
| 297|0x0000000092900000, 0x0000000092900000, 0x0000000092a00000|  0%| F|  |TAMS 0x0000000092900000, 0x0000000092900000| Untracked 
| 298|0x0000000092a00000, 0x0000000092a00000, 0x0000000092b00000|  0%| F|  |TAMS 0x0000000092a00000, 0x0000000092a00000| Untracked 
| 299|0x0000000092b00000, 0x0000000092b00000, 0x0000000092c00000|  0%| F|  |TAMS 0x0000000092b00000, 0x0000000092b00000| Untracked 
| 300|0x0000000092c00000, 0x0000000092c00000, 0x0000000092d00000|  0%| F|  |TAMS 0x0000000092c00000, 0x0000000092c00000| Untracked 
| 301|0x0000000092d00000, 0x0000000092d00000, 0x0000000092e00000|  0%| F|  |TAMS 0x0000000092d00000, 0x0000000092d00000| Untracked 
| 302|0x0000000092e00000, 0x0000000092e00000, 0x0000000092f00000|  0%| F|  |TAMS 0x0000000092e00000, 0x0000000092e00000| Untracked 
| 303|0x0000000092f00000, 0x0000000092f00000, 0x0000000093000000|  0%| F|  |TAMS 0x0000000092f00000, 0x0000000092f00000| Untracked 
| 304|0x0000000093000000, 0x0000000093000000, 0x0000000093100000|  0%| F|  |TAMS 0x0000000093000000, 0x0000000093000000| Untracked 
| 305|0x0000000093100000, 0x0000000093100000, 0x0000000093200000|  0%| F|  |TAMS 0x0000000093100000, 0x0000000093100000| Untracked 
| 306|0x0000000093200000, 0x0000000093200000, 0x0000000093300000|  0%| F|  |TAMS 0x0000000093200000, 0x0000000093200000| Untracked 
| 307|0x0000000093300000, 0x0000000093300000, 0x0000000093400000|  0%| F|  |TAMS 0x0000000093300000, 0x0000000093300000| Untracked 
| 308|0x0000000093400000, 0x0000000093400000, 0x0000000093500000|  0%| F|  |TAMS 0x0000000093400000, 0x0000000093400000| Untracked 
| 309|0x0000000093500000, 0x0000000093500000, 0x0000000093600000|  0%| F|  |TAMS 0x0000000093500000, 0x0000000093500000| Untracked 
| 310|0x0000000093600000, 0x0000000093600000, 0x0000000093700000|  0%| F|  |TAMS 0x0000000093600000, 0x0000000093600000| Untracked 
| 311|0x0000000093700000, 0x0000000093700000, 0x0000000093800000|  0%| F|  |TAMS 0x0000000093700000, 0x0000000093700000| Untracked 
| 312|0x0000000093800000, 0x0000000093800000, 0x0000000093900000|  0%| F|  |TAMS 0x0000000093800000, 0x0000000093800000| Untracked 
| 313|0x0000000093900000, 0x0000000093900000, 0x0000000093a00000|  0%| F|  |TAMS 0x0000000093900000, 0x0000000093900000| Untracked 
| 314|0x0000000093a00000, 0x0000000093a00000, 0x0000000093b00000|  0%| F|  |TAMS 0x0000000093a00000, 0x0000000093a00000| Untracked 
| 315|0x0000000093b00000, 0x0000000093b00000, 0x0000000093c00000|  0%| F|  |TAMS 0x0000000093b00000, 0x0000000093b00000| Untracked 
| 316|0x0000000093c00000, 0x0000000093c00000, 0x0000000093d00000|  0%| F|  |TAMS 0x0000000093c00000, 0x0000000093c00000| Untracked 
| 317|0x0000000093d00000, 0x0000000093d00000, 0x0000000093e00000|  0%| F|  |TAMS 0x0000000093d00000, 0x0000000093d00000| Untracked 
| 318|0x0000000093e00000, 0x0000000093e00000, 0x0000000093f00000|  0%| F|  |TAMS 0x0000000093e00000, 0x0000000093e00000| Untracked 
| 319|0x0000000093f00000, 0x0000000093f00000, 0x0000000094000000|  0%| F|  |TAMS 0x0000000093f00000, 0x0000000093f00000| Untracked 
| 320|0x0000000094000000, 0x0000000094000000, 0x0000000094100000|  0%| F|  |TAMS 0x0000000094000000, 0x0000000094000000| Untracked 
| 321|0x0000000094100000, 0x0000000094100000, 0x0000000094200000|  0%| F|  |TAMS 0x0000000094100000, 0x0000000094100000| Untracked 
| 322|0x0000000094200000, 0x0000000094200000, 0x0000000094300000|  0%| F|  |TAMS 0x0000000094200000, 0x0000000094200000| Untracked 
| 323|0x0000000094300000, 0x0000000094300000, 0x0000000094400000|  0%| F|  |TAMS 0x0000000094300000, 0x0000000094300000| Untracked 
| 324|0x0000000094400000, 0x0000000094400000, 0x0000000094500000|  0%| F|  |TAMS 0x0000000094400000, 0x0000000094400000| Untracked 
| 325|0x0000000094500000, 0x0000000094500000, 0x0000000094600000|  0%| F|  |TAMS 0x0000000094500000, 0x0000000094500000| Untracked 
| 326|0x0000000094600000, 0x0000000094600000, 0x0000000094700000|  0%| F|  |TAMS 0x0000000094600000, 0x0000000094600000| Untracked 
| 327|0x0000000094700000, 0x0000000094700000, 0x0000000094800000|  0%| F|  |TAMS 0x0000000094700000, 0x0000000094700000| Untracked 
| 328|0x0000000094800000, 0x0000000094800000, 0x0000000094900000|  0%| F|  |TAMS 0x0000000094800000, 0x0000000094800000| Untracked 
| 329|0x0000000094900000, 0x0000000094a00000, 0x0000000094a00000|100%| E|  |TAMS 0x0000000094900000, 0x0000000094900000| Complete 
| 330|0x0000000094a00000, 0x0000000094b00000, 0x0000000094b00000|100%| E|CS|TAMS 0x0000000094a00000, 0x0000000094a00000| Complete 
| 331|0x0000000094b00000, 0x0000000094c00000, 0x0000000094c00000|100%| E|CS|TAMS 0x0000000094b00000, 0x0000000094b00000| Complete 
| 332|0x0000000094c00000, 0x0000000094d00000, 0x0000000094d00000|100%| E|CS|TAMS 0x0000000094c00000, 0x0000000094c00000| Complete 
| 333|0x0000000094d00000, 0x0000000094e00000, 0x0000000094e00000|100%| E|CS|TAMS 0x0000000094d00000, 0x0000000094d00000| Complete 
| 334|0x0000000094e00000, 0x0000000094f00000, 0x0000000094f00000|100%| E|CS|TAMS 0x0000000094e00000, 0x0000000094e00000| Complete 
| 335|0x0000000094f00000, 0x0000000095000000, 0x0000000095000000|100%| E|CS|TAMS 0x0000000094f00000, 0x0000000094f00000| Complete 
| 336|0x0000000095000000, 0x0000000095100000, 0x0000000095100000|100%| E|CS|TAMS 0x0000000095000000, 0x0000000095000000| Complete 
| 337|0x0000000095100000, 0x0000000095200000, 0x0000000095200000|100%| E|CS|TAMS 0x0000000095100000, 0x0000000095100000| Complete 
| 338|0x0000000095200000, 0x0000000095300000, 0x0000000095300000|100%| E|CS|TAMS 0x0000000095200000, 0x0000000095200000| Complete 
| 339|0x0000000095300000, 0x0000000095400000, 0x0000000095400000|100%| E|CS|TAMS 0x0000000095300000, 0x0000000095300000| Complete 
| 340|0x0000000095400000, 0x0000000095500000, 0x0000000095500000|100%| E|CS|TAMS 0x0000000095400000, 0x0000000095400000| Complete 
| 341|0x0000000095500000, 0x0000000095600000, 0x0000000095600000|100%| E|CS|TAMS 0x0000000095500000, 0x0000000095500000| Complete 
| 342|0x0000000095600000, 0x0000000095700000, 0x0000000095700000|100%| E|CS|TAMS 0x0000000095600000, 0x0000000095600000| Complete 
| 343|0x0000000095700000, 0x0000000095800000, 0x0000000095800000|100%| E|CS|TAMS 0x0000000095700000, 0x0000000095700000| Complete 
| 344|0x0000000095800000, 0x0000000095900000, 0x0000000095900000|100%| E|CS|TAMS 0x0000000095800000, 0x0000000095800000| Complete 
| 345|0x0000000095900000, 0x0000000095a00000, 0x0000000095a00000|100%| E|CS|TAMS 0x0000000095900000, 0x0000000095900000| Complete 
| 346|0x0000000095a00000, 0x0000000095b00000, 0x0000000095b00000|100%| E|CS|TAMS 0x0000000095a00000, 0x0000000095a00000| Complete 
| 347|0x0000000095b00000, 0x0000000095c00000, 0x0000000095c00000|100%| E|CS|TAMS 0x0000000095b00000, 0x0000000095b00000| Complete 
| 348|0x0000000095c00000, 0x0000000095d00000, 0x0000000095d00000|100%| E|CS|TAMS 0x0000000095c00000, 0x0000000095c00000| Complete 
| 349|0x0000000095d00000, 0x0000000095e00000, 0x0000000095e00000|100%| E|CS|TAMS 0x0000000095d00000, 0x0000000095d00000| Complete 
| 350|0x0000000095e00000, 0x0000000095f00000, 0x0000000095f00000|100%| E|CS|TAMS 0x0000000095e00000, 0x0000000095e00000| Complete 
| 351|0x0000000095f00000, 0x0000000096000000, 0x0000000096000000|100%| E|CS|TAMS 0x0000000095f00000, 0x0000000095f00000| Complete 
| 352|0x0000000096000000, 0x0000000096100000, 0x0000000096100000|100%| E|CS|TAMS 0x0000000096000000, 0x0000000096000000| Complete 
| 353|0x0000000096100000, 0x0000000096200000, 0x0000000096200000|100%| E|CS|TAMS 0x0000000096100000, 0x0000000096100000| Complete 
| 354|0x0000000096200000, 0x0000000096300000, 0x0000000096300000|100%| E|CS|TAMS 0x0000000096200000, 0x0000000096200000| Complete 
| 355|0x0000000096300000, 0x0000000096400000, 0x0000000096400000|100%| E|CS|TAMS 0x0000000096300000, 0x0000000096300000| Complete 
| 356|0x0000000096400000, 0x0000000096500000, 0x0000000096500000|100%| E|CS|TAMS 0x0000000096400000, 0x0000000096400000| Complete 
| 357|0x0000000096500000, 0x0000000096600000, 0x0000000096600000|100%| E|CS|TAMS 0x0000000096500000, 0x0000000096500000| Complete 
| 358|0x0000000096600000, 0x0000000096700000, 0x0000000096700000|100%| E|CS|TAMS 0x0000000096600000, 0x0000000096600000| Complete 
| 359|0x0000000096700000, 0x0000000096800000, 0x0000000096800000|100%| E|CS|TAMS 0x0000000096700000, 0x0000000096700000| Complete 
| 360|0x0000000096800000, 0x0000000096900000, 0x0000000096900000|100%| E|CS|TAMS 0x0000000096800000, 0x0000000096800000| Complete 
| 361|0x0000000096900000, 0x0000000096a00000, 0x0000000096a00000|100%| E|CS|TAMS 0x0000000096900000, 0x0000000096900000| Complete 
| 362|0x0000000096a00000, 0x0000000096b00000, 0x0000000096b00000|100%| E|CS|TAMS 0x0000000096a00000, 0x0000000096a00000| Complete 
| 363|0x0000000096b00000, 0x0000000096c00000, 0x0000000096c00000|100%| E|CS|TAMS 0x0000000096b00000, 0x0000000096b00000| Complete 
| 364|0x0000000096c00000, 0x0000000096d00000, 0x0000000096d00000|100%| E|CS|TAMS 0x0000000096c00000, 0x0000000096c00000| Complete 
| 365|0x0000000096d00000, 0x0000000096e00000, 0x0000000096e00000|100%| E|CS|TAMS 0x0000000096d00000, 0x0000000096d00000| Complete 
| 366|0x0000000096e00000, 0x0000000096f00000, 0x0000000096f00000|100%| E|CS|TAMS 0x0000000096e00000, 0x0000000096e00000| Complete 
| 367|0x0000000096f00000, 0x0000000097000000, 0x0000000097000000|100%| E|CS|TAMS 0x0000000096f00000, 0x0000000096f00000| Complete 
| 368|0x0000000097000000, 0x0000000097100000, 0x0000000097100000|100%| E|CS|TAMS 0x0000000097000000, 0x0000000097000000| Complete 
| 369|0x0000000097100000, 0x0000000097200000, 0x0000000097200000|100%| E|CS|TAMS 0x0000000097100000, 0x0000000097100000| Complete 
| 370|0x0000000097200000, 0x0000000097300000, 0x0000000097300000|100%| E|CS|TAMS 0x0000000097200000, 0x0000000097200000| Complete 
| 371|0x0000000097300000, 0x0000000097400000, 0x0000000097400000|100%| E|CS|TAMS 0x0000000097300000, 0x0000000097300000| Complete 
| 372|0x0000000097400000, 0x0000000097500000, 0x0000000097500000|100%| E|CS|TAMS 0x0000000097400000, 0x0000000097400000| Complete 
| 373|0x0000000097500000, 0x0000000097600000, 0x0000000097600000|100%| E|CS|TAMS 0x0000000097500000, 0x0000000097500000| Complete 
| 374|0x0000000097600000, 0x0000000097700000, 0x0000000097700000|100%| E|CS|TAMS 0x0000000097600000, 0x0000000097600000| Complete 
| 375|0x0000000097700000, 0x0000000097800000, 0x0000000097800000|100%| E|CS|TAMS 0x0000000097700000, 0x0000000097700000| Complete 
| 376|0x0000000097800000, 0x0000000097900000, 0x0000000097900000|100%| E|CS|TAMS 0x0000000097800000, 0x0000000097800000| Complete 
| 377|0x0000000097900000, 0x0000000097a00000, 0x0000000097a00000|100%| E|CS|TAMS 0x0000000097900000, 0x0000000097900000| Complete 
| 378|0x0000000097a00000, 0x0000000097b00000, 0x0000000097b00000|100%| E|CS|TAMS 0x0000000097a00000, 0x0000000097a00000| Complete 
| 379|0x0000000097b00000, 0x0000000097b14e50, 0x0000000097c00000|  8%| S|CS|TAMS 0x0000000097b00000, 0x0000000097b00000| Complete 
| 380|0x0000000097c00000, 0x0000000097d00000, 0x0000000097d00000|100%| S|CS|TAMS 0x0000000097c00000, 0x0000000097c00000| Complete 
| 381|0x0000000097d00000, 0x0000000097e00000, 0x0000000097e00000|100%| S|CS|TAMS 0x0000000097d00000, 0x0000000097d00000| Complete 
| 382|0x0000000097e00000, 0x0000000097f00000, 0x0000000097f00000|100%| E|CS|TAMS 0x0000000097e00000, 0x0000000097e00000| Complete 
| 383|0x0000000097f00000, 0x0000000098000000, 0x0000000098000000|100%| E|CS|TAMS 0x0000000097f00000, 0x0000000097f00000| Complete 
| 384|0x0000000098000000, 0x0000000098100000, 0x0000000098100000|100%| E|CS|TAMS 0x0000000098000000, 0x0000000098000000| Complete 
| 385|0x0000000098100000, 0x0000000098200000, 0x0000000098200000|100%| E|CS|TAMS 0x0000000098100000, 0x0000000098100000| Complete 
| 386|0x0000000098200000, 0x0000000098300000, 0x0000000098300000|100%| E|CS|TAMS 0x0000000098200000, 0x0000000098200000| Complete 
| 387|0x0000000098300000, 0x0000000098400000, 0x0000000098400000|100%| E|CS|TAMS 0x0000000098300000, 0x0000000098300000| Complete 
| 388|0x0000000098400000, 0x0000000098500000, 0x0000000098500000|100%| E|CS|TAMS 0x0000000098400000, 0x0000000098400000| Complete 
| 389|0x0000000098500000, 0x0000000098600000, 0x0000000098600000|100%| E|CS|TAMS 0x0000000098500000, 0x0000000098500000| Complete 
| 390|0x0000000098600000, 0x0000000098700000, 0x0000000098700000|100%| E|CS|TAMS 0x0000000098600000, 0x0000000098600000| Complete 
| 391|0x0000000098700000, 0x0000000098800000, 0x0000000098800000|100%| E|CS|TAMS 0x0000000098700000, 0x0000000098700000| Complete 
| 392|0x0000000098800000, 0x0000000098900000, 0x0000000098900000|100%| E|CS|TAMS 0x0000000098800000, 0x0000000098800000| Complete 
| 393|0x0000000098900000, 0x0000000098a00000, 0x0000000098a00000|100%| E|CS|TAMS 0x0000000098900000, 0x0000000098900000| Complete 
| 394|0x0000000098a00000, 0x0000000098b00000, 0x0000000098b00000|100%| E|CS|TAMS 0x0000000098a00000, 0x0000000098a00000| Complete 
| 395|0x0000000098b00000, 0x0000000098c00000, 0x0000000098c00000|100%| E|CS|TAMS 0x0000000098b00000, 0x0000000098b00000| Complete 
| 396|0x0000000098c00000, 0x0000000098d00000, 0x0000000098d00000|100%| E|CS|TAMS 0x0000000098c00000, 0x0000000098c00000| Complete 
| 397|0x0000000098d00000, 0x0000000098e00000, 0x0000000098e00000|100%| E|CS|TAMS 0x0000000098d00000, 0x0000000098d00000| Complete 
| 398|0x0000000098e00000, 0x0000000098f00000, 0x0000000098f00000|100%| E|CS|TAMS 0x0000000098e00000, 0x0000000098e00000| Complete 

Card table byte_map: [0x000001c3a2990000,0x000001c3a2d90000] _byte_map_base: 0x000001c3a2590000

Marking Bits (Prev, Next): (CMBitMap*) 0x000001c38dc9a3d0, (CMBitMap*) 0x000001c38dc9a398
 Prev Bits: [0x000001c3a5190000, 0x000001c3a7190000)
 Next Bits: [0x000001c3a3190000, 0x000001c3a5190000)

Polling page: 0x000001c38da40000

Metaspace:

Usage:
  Non-class:    129.94 MB capacity,   126.90 MB ( 98%) used,     2.48 MB (  2%) free+waste,   573.25 KB ( <1%) overhead. 
      Class:     19.60 MB capacity,    17.87 MB ( 91%) used,     1.47 MB (  8%) free+waste,   254.25 KB (  1%) overhead. 
       Both:    149.54 MB capacity,   144.78 MB ( 97%) used,     3.95 MB (  3%) free+waste,   827.50 KB ( <1%) overhead. 

Virtual space:
  Non-class space:      130.00 MB reserved,     130.00 MB (100%) committed 
      Class space:        1.00 GB reserved,      19.70 MB (  2%) committed 
             Both:        1.13 GB reserved,     149.70 MB ( 13%) committed 

Chunk freelists:
   Non-Class:  58.00 KB
       Class:  0 bytes
        Both:  58.00 KB

MaxMetaspaceSize: 17179869184.00 GB
CompressedClassSpaceSize: 1.00 GB

CodeHeap 'non-profiled nmethods': size=120064Kb used=19309Kb max_used=19368Kb free=100754Kb
 bounds [0x000001c39aa30000, 0x000001c39bd50000, 0x000001c3a1f70000]
CodeHeap 'profiled nmethods': size=120000Kb used=59188Kb max_used=59702Kb free=60811Kb
 bounds [0x000001c393500000, 0x000001c397050000, 0x000001c39aa30000]
CodeHeap 'non-nmethods': size=5696Kb used=2386Kb max_used=2448Kb free=3309Kb
 bounds [0x000001c392f70000, 0x000001c3931e0000, 0x000001c393500000]
 total_blobs=26637 nmethods=25606 adapters=941
 compilation: enabled
              stopped_count=0, restarted_count=0
 full_count=0

Compilation events (20 events):
Event: 4932.847 Thread 0x000001c3a97cd800 29897       2       com.android.tools.r8.internal.XF$$Lambda$2042/0x0000000101389040::accept (12 bytes)
Event: 4932.848 Thread 0x000001c3a97cd800 nmethod 29897 0x000001c393d84790 code [0x000001c393d84940, 0x000001c393d84a88]
Event: 4932.863 Thread 0x000001c3a97cd800 29898       2       java.util.IdentityHashMap$IdentityHashMapIterator::remove (317 bytes)
Event: 4932.866 Thread 0x000001c3a97cd800 nmethod 29898 0x000001c393e59910 code [0x000001c393e59b40, 0x000001c393e5a4e8]
Event: 4932.872 Thread 0x000001c3a97cd800 29899       2       com.android.tools.r8.internal.QG$$Lambda$2038/0x0000000101388040::accept (12 bytes)
Event: 4932.872 Thread 0x000001c3a97cd800 nmethod 29899 0x000001c393d87290 code [0x000001c393d87440, 0x000001c393d87588]
Event: 4932.889 Thread 0x000001c3a97cd800 29901       1       com.android.tools.r8.internal.Da::a2 (3 bytes)
Event: 4932.889 Thread 0x000001c3a97cd800 nmethod 29901 0x000001c39b0c9810 code [0x000001c39b0c99c0, 0x000001c39b0c9a78]
Event: 4932.895 Thread 0x000001c3a97cd800 29902       2       com.android.tools.r8.graph.O::g0 (40 bytes)
Event: 4932.895 Thread 0x000001c3a97cd800 nmethod 29902 0x000001c393d89c10 code [0x000001c393d89dc0, 0x000001c393d89ed8]
Event: 4932.960 Thread 0x000001c3a97cd800 29904       2       com.android.tools.r8.ir.regalloc.b::B (115 bytes)
Event: 4932.960 Thread 0x000001c3a97cd800 nmethod 29904 0x000001c393d8b210 code [0x000001c393d8b3e0, 0x000001c393d8b6e8]
Event: 4933.029 Thread 0x000001c3a97cd800 29905       2       com.android.tools.r8.code.K1::<init> (8 bytes)
Event: 4933.030 Thread 0x000001c3a97cd800 nmethod 29905 0x000001c393d89890 code [0x000001c393d89a40, 0x000001c393d89b48]
Event: 4933.181 Thread 0x000001c3a97cd800 29906 %     3       com.android.tools.r8.ir.regalloc.a::a @ 33 (562 bytes)
Event: 4933.187 Thread 0x000001c3a97cd800 nmethod 29906% 0x000001c395347b10 code [0x000001c395348040, 0x000001c39534ad88]
Event: 4933.191 Thread 0x000001c3a97cd800 29907       3       com.android.tools.r8.ir.regalloc.a::a (562 bytes)
Event: 4933.195 Thread 0x000001c3a97cd800 nmethod 29907 0x000001c394fd5790 code [0x000001c394fd5cc0, 0x000001c394fd87a8]
Event: 4933.356 Thread 0x000001c3a97cd800 29908       2       com.android.tools.r8.internal.Mp::c (43 bytes)
Event: 4933.356 Thread 0x000001c3a97cd800 nmethod 29908 0x000001c393d9f810 code [0x000001c393d9f9e0, 0x000001c393d9fb98]

GC Heap History (20 events):
Event: 4919.272 GC heap before
{Heap before GC invocations=180 (full 0):
 garbage-first heap   total 295936K, used 121978K [0x0000000080000000, 0x0000000100000000)
  region size 1024K, 14 young (14336K), 6 survivors (6144K)
 Metaspace       used 144175K, capacity 148969K, committed 149196K, reserved 1179648K
  class space    used 18091K, capacity 19830K, committed 19916K, reserved 1048576K
}
Event: 4919.283 GC heap after
{Heap after GC invocations=181 (full 0):
 garbage-first heap   total 295936K, used 113433K [0x0000000080000000, 0x0000000100000000)
  region size 1024K, 1 young (1024K), 1 survivors (1024K)
 Metaspace       used 144175K, capacity 148969K, committed 149196K, reserved 1179648K
  class space    used 18091K, capacity 19830K, committed 19916K, reserved 1048576K
}
Event: 4919.393 GC heap before
{Heap before GC invocations=181 (full 0):
 garbage-first heap   total 295936K, used 114457K [0x0000000080000000, 0x0000000100000000)
  region size 1024K, 4 young (4096K), 1 survivors (1024K)
 Metaspace       used 144225K, capacity 148973K, committed 149196K, reserved 1179648K
  class space    used 18092K, capacity 19832K, committed 19916K, reserved 1048576K
}
Event: 4919.399 GC heap after
{Heap after GC invocations=182 (full 0):
 garbage-first heap   total 295936K, used 112772K [0x0000000080000000, 0x0000000100000000)
  region size 1024K, 1 young (1024K), 1 survivors (1024K)
 Metaspace       used 144225K, capacity 148973K, committed 149196K, reserved 1179648K
  class space    used 18092K, capacity 19832K, committed 19916K, reserved 1048576K
}
Event: 4922.497 GC heap before
{Heap before GC invocations=183 (full 0):
 garbage-first heap   total 295936K, used 213124K [0x0000000080000000, 0x0000000100000000)
  region size 1024K, 99 young (101376K), 1 survivors (1024K)
 Metaspace       used 145763K, capacity 150571K, committed 150860K, reserved 1179648K
  class space    used 18225K, capacity 19958K, committed 20044K, reserved 1048576K
}
Event: 4922.540 GC heap after
{Heap after GC invocations=184 (full 0):
 garbage-first heap   total 295936K, used 125517K [0x0000000080000000, 0x0000000100000000)
  region size 1024K, 13 young (13312K), 13 survivors (13312K)
 Metaspace       used 145763K, capacity 150571K, committed 150860K, reserved 1179648K
  class space    used 18225K, capacity 19958K, committed 20044K, reserved 1048576K
}
Event: 4922.549 GC heap before
{Heap before GC invocations=184 (full 0):
 garbage-first heap   total 295936K, used 126541K [0x0000000080000000, 0x0000000100000000)
  region size 1024K, 14 young (14336K), 13 survivors (13312K)
 Metaspace       used 145785K, capacity 150606K, committed 150860K, reserved 1179648K
  class space    used 18229K, capacity 19990K, committed 20044K, reserved 1048576K
}
Event: 4922.588 GC heap after
{Heap after GC invocations=185 (full 0):
 garbage-first heap   total 295936K, used 120813K [0x0000000080000000, 0x0000000100000000)
  region size 1024K, 1 young (1024K), 1 survivors (1024K)
 Metaspace       used 145785K, capacity 150606K, committed 150860K, reserved 1179648K
  class space    used 18229K, capacity 19990K, committed 20044K, reserved 1048576K
}
Event: 4924.275 GC heap before
{Heap before GC invocations=185 (full 0):
 garbage-first heap   total 295936K, used 225261K [0x0000000080000000, 0x0000000100000000)
  region size 1024K, 103 young (105472K), 1 survivors (1024K)
 Metaspace       used 146942K, capacity 151750K, committed 152012K, reserved 1181696K
  class space    used 18289K, capacity 20057K, committed 20172K, reserved 1048576K
}
Event: 4924.378 GC heap after
{Heap after GC invocations=186 (full 0):
 garbage-first heap   total 295936K, used 136034K [0x0000000080000000, 0x0000000100000000)
  region size 1024K, 13 young (13312K), 13 survivors (13312K)
 Metaspace       used 146942K, capacity 151750K, committed 152012K, reserved 1181696K
  class space    used 18289K, capacity 20057K, committed 20172K, reserved 1048576K
}
Event: 4926.469 GC heap before
{Heap before GC invocations=187 (full 0):
 garbage-first heap   total 295936K, used 226146K [0x0000000080000000, 0x0000000100000000)
  region size 1024K, 102 young (104448K), 13 survivors (13312K)
 Metaspace       used 147529K, capacity 152417K, committed 152780K, reserved 1181696K
  class space    used 18294K, capacity 20058K, committed 20172K, reserved 1048576K
}
Event: 4926.550 GC heap after
{Heap after GC invocations=188 (full 0):
 garbage-first heap   total 408576K, used 145749K [0x0000000080000000, 0x0000000100000000)
  region size 1024K, 10 young (10240K), 10 survivors (10240K)
 Metaspace       used 147529K, capacity 152417K, committed 152780K, reserved 1181696K
  class space    used 18294K, capacity 20058K, committed 20172K, reserved 1048576K
}
Event: 4926.734 GC heap before
{Heap before GC invocations=188 (full 0):
 garbage-first heap   total 408576K, used 153941K [0x0000000080000000, 0x0000000100000000)
  region size 1024K, 19 young (19456K), 10 survivors (10240K)
 Metaspace       used 147617K, capacity 152498K, committed 152780K, reserved 1181696K
  class space    used 18297K, capacity 20060K, committed 20172K, reserved 1048576K
}
Event: 4926.797 GC heap after
{Heap after GC invocations=189 (full 0):
 garbage-first heap   total 408576K, used 148416K [0x0000000080000000, 0x0000000100000000)
  region size 1024K, 3 young (3072K), 3 survivors (3072K)
 Metaspace       used 147617K, capacity 152498K, committed 152780K, reserved 1181696K
  class space    used 18297K, capacity 20060K, committed 20172K, reserved 1048576K
}
Event: 4929.600 GC heap before
{Heap before GC invocations=189 (full 0):
 garbage-first heap   total 408576K, used 278464K [0x0000000080000000, 0x0000000100000000)
  region size 1024K, 130 young (133120K), 3 survivors (3072K)
 Metaspace       used 148127K, capacity 152980K, committed 153292K, reserved 1181696K
  class space    used 18300K, capacity 20064K, committed 20172K, reserved 1048576K
}
Event: 4929.636 GC heap after
{Heap after GC invocations=190 (full 0):
 garbage-first heap   total 408576K, used 147429K [0x0000000080000000, 0x0000000100000000)
  region size 1024K, 2 young (2048K), 2 survivors (2048K)
 Metaspace       used 148127K, capacity 152980K, committed 153292K, reserved 1181696K
  class space    used 18300K, capacity 20064K, committed 20172K, reserved 1048576K
}
Event: 4932.336 GC heap before
{Heap before GC invocations=191 (full 0):
 garbage-first heap   total 408576K, used 325605K [0x0000000080000000, 0x0000000100000000)
  region size 1024K, 176 young (180224K), 2 survivors (2048K)
 Metaspace       used 148224K, capacity 153058K, committed 153292K, reserved 1181696K
  class space    used 18301K, capacity 20065K, committed 20172K, reserved 1048576K
}
Event: 4932.354 GC heap after
{Heap after GC invocations=192 (full 0):
 garbage-first heap   total 408576K, used 147755K [0x0000000080000000, 0x0000000100000000)
  region size 1024K, 2 young (2048K), 2 survivors (2048K)
 Metaspace       used 148224K, capacity 153058K, committed 153292K, reserved 1181696K
  class space    used 18301K, capacity 20065K, committed 20172K, reserved 1048576K
}
Event: 4932.454 GC heap before
{Heap before GC invocations=192 (full 0):
 garbage-first heap   total 408576K, used 165163K [0x0000000080000000, 0x0000000100000000)
  region size 1024K, 19 young (19456K), 2 survivors (2048K)
 Metaspace       used 148230K, capacity 153060K, committed 153292K, reserved 1181696K
  class space    used 18301K, capacity 20065K, committed 20172K, reserved 1048576K
}
Event: 4932.465 GC heap after
{Heap after GC invocations=193 (full 0):
 garbage-first heap   total 408576K, used 147391K [0x0000000080000000, 0x0000000100000000)
  region size 1024K, 3 young (3072K), 3 survivors (3072K)
 Metaspace       used 148230K, capacity 153060K, committed 153292K, reserved 1181696K
  class space    used 18301K, capacity 20065K, committed 20172K, reserved 1048576K
}

Deoptimization events (20 events):
Event: 4932.547 Thread 0x000001c3aff2a800 Uncommon trap: trap_request=0xffffffbe fr.pc=0x000001c39bd251ac relative=0x0000000000005c0c
Event: 4932.547 Thread 0x000001c3aff2a800 Uncommon trap: reason=profile_predicate action=maybe_recompile pc=0x000001c39bd251ac method=com.android.tools.r8.ir.regalloc.a.a(Lcom/android/tools/r8/ir/regalloc/a$a;Z)Lcom/android/tools/r8/ir/regalloc/a$a; @ 987 c2
Event: 4932.547 Thread 0x000001c3aff2a800 DEOPT PACKING pc=0x000001c39bd251ac sp=0x000000c1ecdf93a0
Event: 4932.547 Thread 0x000001c3aff2a800 DEOPT UNPACKING pc=0x000001c392f96ca9 sp=0x000000c1ecdf9378 mode 2
Event: 4932.548 Thread 0x000001c3aff2a800 DEOPT PACKING pc=0x000001c396af16ec sp=0x000000c1ecdf9160
Event: 4932.548 Thread 0x000001c3aff2a800 DEOPT UNPACKING pc=0x000001c392f96abf sp=0x000000c1ecdf87a0 mode 0
Event: 4932.584 Thread 0x000001c3aff2d000 DEOPT PACKING pc=0x000001c396bee772 sp=0x000000c1ed4f62b0
Event: 4932.584 Thread 0x000001c3aff2d000 DEOPT UNPACKING pc=0x000001c392f96abf sp=0x000000c1ed4f5a78 mode 0
Event: 4932.689 Thread 0x000001c3aff2d000 DEOPT PACKING pc=0x000001c39697c14c sp=0x000000c1ed4f67a0
Event: 4932.689 Thread 0x000001c3aff2d000 DEOPT UNPACKING pc=0x000001c392f96abf sp=0x000000c1ed4f5df0 mode 0
Event: 4932.696 Thread 0x000001c3aff2d000 DEOPT PACKING pc=0x000001c39697dfbf sp=0x000000c1ed4f6770
Event: 4932.696 Thread 0x000001c3aff2d000 DEOPT UNPACKING pc=0x000001c392f96abf sp=0x000000c1ed4f5d20 mode 0
Event: 4932.740 Thread 0x000001c3aff2a800 DEOPT PACKING pc=0x000001c396cf985d sp=0x000000c1ecdf9b20
Event: 4932.740 Thread 0x000001c3aff2a800 DEOPT UNPACKING pc=0x000001c392f96abf sp=0x000000c1ecdf9088 mode 0
Event: 4932.748 Thread 0x000001c3aff2a800 DEOPT PACKING pc=0x000001c396af16ec sp=0x000000c1ecdf9230
Event: 4932.748 Thread 0x000001c3aff2a800 DEOPT UNPACKING pc=0x000001c392f96abf sp=0x000000c1ecdf8868 mode 0
Event: 4933.180 Thread 0x000001c3aff2a800 DEOPT PACKING pc=0x000001c396bee772 sp=0x000000c1ecdf9470
Event: 4933.180 Thread 0x000001c3aff2a800 DEOPT UNPACKING pc=0x000001c392f96abf sp=0x000000c1ecdf8c38 mode 0
Event: 4933.199 Thread 0x000001c3aff2a800 DEOPT PACKING pc=0x000001c393632bed sp=0x000000c1ecdf9620
Event: 4933.199 Thread 0x000001c3aff2a800 DEOPT UNPACKING pc=0x000001c392f96abf sp=0x000000c1ecdf8b78 mode 0

Classes redefined (0 events):
No events

Internal exceptions (20 events):
Event: 4921.603 Thread 0x000001c3aff2c000 Exception <a 'sun/nio/fs/WindowsException'{0x000000008f315e30}> (0x000000008f315e30) thrown at [./src/hotspot/share/prims/jni.cpp, line 615]
Event: 4921.603 Thread 0x000001c3aff2c000 Exception <a 'sun/nio/fs/WindowsException'{0x000000008f316ca0}> (0x000000008f316ca0) thrown at [./src/hotspot/share/prims/jni.cpp, line 615]
Event: 4921.603 Thread 0x000001c3aff2c000 Exception <a 'sun/nio/fs/WindowsException'{0x000000008f316f78}> (0x000000008f316f78) thrown at [./src/hotspot/share/prims/jni.cpp, line 615]
Event: 4921.604 Thread 0x000001c3aff2c000 Exception <a 'sun/nio/fs/WindowsException'{0x000000008f317e00}> (0x000000008f317e00) thrown at [./src/hotspot/share/prims/jni.cpp, line 615]
Event: 4921.604 Thread 0x000001c3aff2c000 Exception <a 'sun/nio/fs/WindowsException'{0x000000008f318078}> (0x000000008f318078) thrown at [./src/hotspot/share/prims/jni.cpp, line 615]
Event: 4921.604 Thread 0x000001c3aff2c000 Exception <a 'sun/nio/fs/WindowsException'{0x000000008f318ed0}> (0x000000008f318ed0) thrown at [./src/hotspot/share/prims/jni.cpp, line 615]
Event: 4921.620 Thread 0x000001c3aff2c000 Exception <a 'java/lang/NoSuchMethodError'{0x000000008f204578}: <clinit>> (0x000000008f204578) thrown at [./src/hotspot/share/prims/jni.cpp, line 1362]
Event: 4921.624 Thread 0x000001c3aff2c000 Exception <a 'java/lang/NoSuchMethodError'{0x000000008f2347a8}: <clinit>> (0x000000008f2347a8) thrown at [./src/hotspot/share/prims/jni.cpp, line 1362]
Event: 4921.626 Thread 0x000001c3aff2c000 Exception <a 'java/lang/NoSuchMethodError'{0x000000008f247538}: <clinit>> (0x000000008f247538) thrown at [./src/hotspot/share/prims/jni.cpp, line 1362]
Event: 4921.758 Thread 0x000001c3b1596000 Exception <a 'sun/nio/fs/WindowsException'{0x000000008e939340}> (0x000000008e939340) thrown at [./src/hotspot/share/prims/jni.cpp, line 615]
Event: 4921.764 Thread 0x000001c3aff30000 Exception <a 'java/lang/NoSuchMethodError'{0x000000008ed7a7d0}: 'void java.lang.invoke.DirectMethodHandle$Holder.invokeStatic(java.lang.Object, long)'> (0x000000008ed7a7d0) thrown at [./src/hotspot/share/interpreter/linkResolver.cpp, line 773]
Event: 4921.784 Thread 0x000001c3aff2a800 Exception <a 'sun/nio/fs/WindowsException'{0x000000008e5cc550}> (0x000000008e5cc550) thrown at [./src/hotspot/share/prims/jni.cpp, line 615]
Event: 4921.797 Thread 0x000001c3aff30000 Exception <a 'java/lang/NoSuchMethodError'{0x000000008ed853b0}: 'java.lang.Object java.lang.invoke.DirectMethodHandle$Holder.invokeStaticInit(java.lang.Object, java.lang.Object, long, java.lang.Object)'> (0x000000008ed853b0) thrown at [./src/hotspot/share/interpreter/linkResolver.cpp, line 773]
Event: 4921.807 Thread 0x000001c3aff30000 Exception <a 'java/lang/NoSuchMethodError'{0x000000008e45c710}: 'java.lang.Object java.lang.invoke.DirectMethodHandle$Holder.invokeStatic(java.lang.Object, java.lang.Object, long)'> (0x000000008e45c710) thrown at [./src/hotspot/share/interpreter/linkResolver.cpp, line 773]
Event: 4921.809 Thread 0x000001c3aff30000 Exception <a 'java/lang/NoSuchMethodError'{0x000000008e462c88}: 'java.lang.Object java.lang.invoke.Invokers$Holder.linkToTargetMethod(java.lang.Object, long, java.lang.Object)'> (0x000000008e462c88) thrown at [./src/hotspot/share/interpreter/linkResolver.cpp, line 773]
Event: 4922.639 Thread 0x000001c3aff2d000 Exception <a 'sun/nio/fs/WindowsException'{0x0000000091ac5b68}> (0x0000000091ac5b68) thrown at [./src/hotspot/share/prims/jni.cpp, line 615]
Event: 4922.769 Thread 0x000001c3b1596000 Exception <a 'java/lang/NoSuchMethodError'{0x000000009135a490}: 'java.lang.Object java.lang.invoke.DirectMethodHandle$Holder.invokeInterface(java.lang.Object, java.lang.Object, int)'> (0x000000009135a490) thrown at [./src/hotspot/share/interpreter/linkResolver.cpp, line 773]
Event: 4924.188 Thread 0x000001c3b1596000 Exception <a 'java/lang/NoSuchMethodError'{0x000000008c4f3db0}: 'int java.lang.invoke.DirectMethodHandle$Holder.invokeInterface(java.lang.Object, java.lang.Object, int)'> (0x000000008c4f3db0) thrown at [./src/hotspot/share/interpreter/linkResolver.cpp, line 773]
Event: 4926.897 Thread 0x000001c3b1596000 Exception <a 'sun/nio/fs/WindowsException'{0x0000000098d4f3b8}> (0x0000000098d4f3b8) thrown at [./src/hotspot/share/prims/jni.cpp, line 615]
Event: 4930.617 Thread 0x000001c3aff2a800 Implicit null exception at 0x000001c39ad8dff8 to 0x000001c39ad8e070

Events (20 events):
Event: 4930.895 loading class com/android/tools/r8/internal/a5
Event: 4930.895 loading class com/android/tools/r8/internal/a5 done
Event: 4931.097 Executing VM operation: CGC_Operation
Event: 4931.099 Executing VM operation: CGC_Operation done
Event: 4931.779 loading class com/android/tools/r8/internal/Gg
Event: 4931.779 loading class com/android/tools/r8/internal/Gg done
Event: 4931.779 loading class com/android/tools/r8/internal/Gg
Event: 4931.779 loading class com/android/tools/r8/internal/Gg done
Event: 4931.779 loading class com/android/tools/r8/internal/Gg
Event: 4931.779 loading class com/android/tools/r8/internal/Gg done
Event: 4932.099 Executing VM operation: ICBufferFull
Event: 4932.100 Executing VM operation: ICBufferFull done
Event: 4932.335 Executing VM operation: G1CollectForAllocation
Event: 4932.354 Executing VM operation: G1CollectForAllocation done
Event: 4932.454 Executing VM operation: G1CollectForAllocation
Event: 4932.465 Executing VM operation: G1CollectForAllocation done
Event: 4932.578 loading class com/android/tools/r8/internal/Sr
Event: 4932.578 loading class com/android/tools/r8/internal/Sr done
Event: 4932.578 loading class com/android/tools/r8/internal/Sr
Event: 4932.578 loading class com/android/tools/r8/internal/Sr done


Dynamic libraries:
0x00007ff658ef0000 - 0x00007ff658efa000 	C:\Program Files\Android\Android Studio2\jre\bin\java.exe
0x00007ff8e34b0000 - 0x00007ff8e36a5000 	C:\WINDOWS\SYSTEM32\ntdll.dll
0x00007ff8e1d10000 - 0x00007ff8e1dce000 	C:\WINDOWS\System32\KERNEL32.DLL
0x00007ff8e0e20000 - 0x00007ff8e10e8000 	C:\WINDOWS\System32\KERNELBASE.dll
0x00007ff8e1190000 - 0x00007ff8e1290000 	C:\WINDOWS\System32\ucrtbase.dll
0x00007ff8b17c0000 - 0x00007ff8b17d9000 	C:\Program Files\Android\Android Studio2\jre\bin\jli.dll
0x00007ff8e3260000 - 0x00007ff8e3401000 	C:\WINDOWS\System32\USER32.dll
0x00007ff8e0c50000 - 0x00007ff8e0c72000 	C:\WINDOWS\System32\win32u.dll
0x00007ff8e3230000 - 0x00007ff8e325b000 	C:\WINDOWS\System32\GDI32.dll
0x00007ff8e0c80000 - 0x00007ff8e0d8d000 	C:\WINDOWS\System32\gdi32full.dll
0x00007ff8e10f0000 - 0x00007ff8e118d000 	C:\WINDOWS\System32\msvcp_win.dll
0x00007ff8c9020000 - 0x00007ff8c92ba000 	C:\WINDOWS\WinSxS\amd64_microsoft.windows.common-controls_6595b64144ccf1df_6.0.19041.1110_none_60b5254171f9507e\COMCTL32.dll
0x00007ff8e2d00000 - 0x00007ff8e2d9e000 	C:\WINDOWS\System32\msvcrt.dll
0x00007ff8aff30000 - 0x00007ff8aff47000 	C:\Program Files\Android\Android Studio2\jre\bin\VCRUNTIME140.dll
0x00007ff8e2fa0000 - 0x00007ff8e2fd0000 	C:\WINDOWS\System32\IMM32.DLL
0x00007ff8a08d0000 - 0x00007ff8a096d000 	C:\Program Files\Android\Android Studio2\jre\bin\msvcp140.dll
0x00007ff8a0cb0000 - 0x00007ff8a177f000 	C:\Program Files\Android\Android Studio2\jre\bin\server\jvm.dll
0x00007ff8e21d0000 - 0x00007ff8e227c000 	C:\WINDOWS\System32\ADVAPI32.dll
0x00007ff8e23b0000 - 0x00007ff8e244b000 	C:\WINDOWS\System32\sechost.dll
0x00007ff8e2280000 - 0x00007ff8e23aa000 	C:\WINDOWS\System32\RPCRT4.dll
0x00007ff8e2ba0000 - 0x00007ff8e2ba8000 	C:\WINDOWS\System32\PSAPI.DLL
0x00007ff8c8ce0000 - 0x00007ff8c8ce9000 	C:\WINDOWS\SYSTEM32\WSOCK32.dll
0x00007ff8e2bc0000 - 0x00007ff8e2c2b000 	C:\WINDOWS\System32\WS2_32.dll
0x00007ff8cd470000 - 0x00007ff8cd497000 	C:\WINDOWS\SYSTEM32\WINMM.dll
0x00007ff8d9c40000 - 0x00007ff8d9c4a000 	C:\WINDOWS\SYSTEM32\VERSION.dll
0x00007ff8deab0000 - 0x00007ff8deac2000 	C:\WINDOWS\SYSTEM32\kernel.appcore.dll
0x00007ff8da800000 - 0x00007ff8da811000 	C:\Program Files\Android\Android Studio2\jre\bin\verify.dll
0x00007ff8c8950000 - 0x00007ff8c8b34000 	C:\WINDOWS\SYSTEM32\DBGHELP.DLL
0x00007ff8c8920000 - 0x00007ff8c894c000 	C:\WINDOWS\SYSTEM32\dbgcore.DLL
0x00007ff8e0bc0000 - 0x00007ff8e0c42000 	C:\WINDOWS\System32\bcryptPrimitives.dll
0x00007ff8c71f0000 - 0x00007ff8c7219000 	C:\Program Files\Android\Android Studio2\jre\bin\java.dll
0x00007ff8dbe10000 - 0x00007ff8dbe1b000 	C:\Program Files\Android\Android Studio2\jre\bin\jimage.dll
0x00007ff8da7e0000 - 0x00007ff8da7f8000 	C:\Program Files\Android\Android Studio2\jre\bin\zip.dll
0x00007ff8e2450000 - 0x00007ff8e2b94000 	C:\WINDOWS\System32\SHELL32.dll
0x00007ff8decb0000 - 0x00007ff8df444000 	C:\WINDOWS\SYSTEM32\windows.storage.dll
0x00007ff8e1df0000 - 0x00007ff8e2145000 	C:\WINDOWS\System32\combase.dll
0x00007ff8e0610000 - 0x00007ff8e063e000 	C:\WINDOWS\SYSTEM32\Wldp.dll
0x00007ff8e3180000 - 0x00007ff8e322d000 	C:\WINDOWS\System32\SHCORE.dll
0x00007ff8e1c20000 - 0x00007ff8e1c75000 	C:\WINDOWS\System32\shlwapi.dll
0x00007ff8e0b00000 - 0x00007ff8e0b1f000 	C:\WINDOWS\SYSTEM32\profapi.dll
0x00007ff8c20d0000 - 0x00007ff8c20ea000 	C:\Program Files\Android\Android Studio2\jre\bin\net.dll
0x00007ff8d0420000 - 0x00007ff8d052c000 	C:\WINDOWS\SYSTEM32\WINHTTP.dll
0x00007ff8e0370000 - 0x00007ff8e03da000 	C:\WINDOWS\system32\mswsock.dll
0x00007ff8c1df0000 - 0x00007ff8c1e04000 	C:\Program Files\Android\Android Studio2\jre\bin\nio.dll
0x00007ff8da860000 - 0x00007ff8da887000 	C:\Users\bhagy\.gradle\native\8bec1ad78214c89d9ad589b4d07fe93259594b29d510b10fafb7a158f7737e5d\windows-amd64\native-platform.dll
0x00007ff8b3f60000 - 0x00007ff8b409d000 	C:\Users\bhagy\.gradle\native\53dbd7edfb1c66fb8903c78663c9afc45aea4f116125fa6feffd364cf09443e8\windows-amd64\native-platform-file-events.dll
0x00007ff8d0730000 - 0x00007ff8d073a000 	C:\Program Files\Android\Android Studio2\jre\bin\management.dll
0x00007ff8cf5b0000 - 0x00007ff8cf5bc000 	C:\Program Files\Android\Android Studio2\jre\bin\management_ext.dll
0x00007ff8e0560000 - 0x00007ff8e0578000 	C:\WINDOWS\SYSTEM32\CRYPTSP.dll
0x00007ff8dfc80000 - 0x00007ff8dfcb4000 	C:\WINDOWS\system32\rsaenh.dll
0x00007ff8e0df0000 - 0x00007ff8e0e17000 	C:\WINDOWS\System32\bcrypt.dll
0x00007ff8e0a80000 - 0x00007ff8e0aae000 	C:\WINDOWS\SYSTEM32\USERENV.dll
0x00007ff8e0580000 - 0x00007ff8e058c000 	C:\WINDOWS\SYSTEM32\CRYPTBASE.dll
0x00007ff8e0010000 - 0x00007ff8e004b000 	C:\WINDOWS\SYSTEM32\IPHLPAPI.DLL
0x00007ff8e2bb0000 - 0x00007ff8e2bb8000 	C:\WINDOWS\System32\NSI.dll
0x00007ff8d6610000 - 0x00007ff8d6627000 	C:\WINDOWS\SYSTEM32\dhcpcsvc6.DLL
0x00007ff8d6500000 - 0x00007ff8d651d000 	C:\WINDOWS\SYSTEM32\dhcpcsvc.DLL
0x00007ff8e0060000 - 0x00007ff8e012b000 	C:\WINDOWS\SYSTEM32\DNSAPI.dll
0x00007ff8b5300000 - 0x00007ff8b5327000 	C:\Program Files\Android\Android Studio2\jre\bin\sunec.dll
0x00007ff8cf2e0000 - 0x00007ff8cf2ea000 	C:\Windows\System32\rasadhlp.dll
0x00007ff8cfc60000 - 0x00007ff8cfcdf000 	C:\WINDOWS\System32\fwpuclnt.dll
0x00007ff8df8b0000 - 0x00007ff8df8e3000 	C:\WINDOWS\SYSTEM32\ntmarta.dll

dbghelp: loaded successfully - version: 4.0.5 - missing functions: none
symbol engine: initialized successfully - sym options: 0x614 - pdb path: .;C:\Program Files\Android\Android Studio2\jre\bin;C:\WINDOWS\SYSTEM32;C:\WINDOWS\WinSxS\amd64_microsoft.windows.common-controls_6595b64144ccf1df_6.0.19041.1110_none_60b5254171f9507e;C:\Program Files\Android\Android Studio2\jre\bin\server;C:\Users\bhagy\.gradle\native\8bec1ad78214c89d9ad589b4d07fe93259594b29d510b10fafb7a158f7737e5d\windows-amd64;C:\Users\bhagy\.gradle\native\53dbd7edfb1c66fb8903c78663c9afc45aea4f116125fa6feffd364cf09443e8\windows-amd64

VM Arguments:
jvm_args: --add-opens=java.base/java.util=ALL-UNNAMED --add-opens=java.base/java.lang=ALL-UNNAMED --add-opens=java.base/java.lang.invoke=ALL-UNNAMED --add-opens=java.base/java.util=ALL-UNNAMED --add-opens=java.prefs/java.util.prefs=ALL-UNNAMED --add-opens=java.prefs/java.util.prefs=ALL-UNNAMED --add-opens=java.base/java.nio.charset=ALL-UNNAMED --add-opens=java.base/java.net=ALL-UNNAMED --add-opens=java.base/java.util.concurrent.atomic=ALL-UNNAMED -Xmx2048m -Dfile.encoding=UTF-8 -Duser.country=IN -Duser.language=en -Duser.variant 
java_command: org.gradle.launcher.daemon.bootstrap.GradleDaemon 7.0.2
java_class_path (initial): C:\Users\bhagy\.gradle\wrapper\dists\gradle-7.0.2-bin\857tjihv64xamwrf0h14cai3r\gradle-7.0.2\lib\gradle-launcher-7.0.2.jar
Launcher Type: SUN_STANDARD

[Global flags]
     intx CICompilerCount                          = 3                                         {product} {ergonomic}
     uint ConcGCThreads                            = 1                                         {product} {ergonomic}
     uint G1ConcRefinementThreads                  = 4                                         {product} {ergonomic}
   size_t G1HeapRegionSize                         = 1048576                                   {product} {ergonomic}
    uintx GCDrainStackTargetSize                   = 64                                        {product} {ergonomic}
   size_t InitialHeapSize                          = 132120576                                 {product} {ergonomic}
   size_t MarkStackSize                            = 4194304                                   {product} {ergonomic}
   size_t MaxHeapSize                              = 2147483648                                {product} {command line}
   size_t MaxNewSize                               = 1287651328                                {product} {ergonomic}
   size_t MinHeapDeltaBytes                        = 1048576                                   {product} {ergonomic}
    uintx NonNMethodCodeHeapSize                   = 5830732                                {pd product} {ergonomic}
    uintx NonProfiledCodeHeapSize                  = 122913754                              {pd product} {ergonomic}
    uintx ProfiledCodeHeapSize                     = 122913754                              {pd product} {ergonomic}
    uintx ReservedCodeCacheSize                    = 251658240                              {pd product} {ergonomic}
     bool SegmentedCodeCache                       = true                                      {product} {ergonomic}
     bool UseCompressedClassPointers               = true                                 {lp64_product} {ergonomic}
     bool UseCompressedOops                        = true                                 {lp64_product} {ergonomic}
     bool UseG1GC                                  = true                                      {product} {ergonomic}
     bool UseLargePagesIndividualAllocation        = false                                  {pd product} {ergonomic}

Logging:
Log output configuration:
 #0: stdout all=warning uptime,level,tags
 #1: stderr all=off uptime,level,tags

Environment Variables:
PATH=C:\Program Files\Common Files\Oracle\Java\javapath;C:\WINDOWS\system32;C:\WINDOWS;C:\WINDOWS\System32\Wbem;C:\WINDOWS\System32\WindowsPowerShell\v1.0\;C:\WINDOWS\System32\OpenSSH\;C:\Program Files\Intel\WiFi\bin\;C:\Program Files\Common Files\Intel\WirelessCommon\;C:\Program Files\Java\jdk-17.0.1;C:\Program Files\Java\jdk-17.0.1\bin;D:\jdk-17.0.1\bin;D:\jdk-17.0.1\bin
USERNAME=bhagy
OS=Windows_NT
PROCESSOR_IDENTIFIER=Intel64 Family 6 Model 142 Stepping 9, GenuineIntel



---------------  S Y S T E M  ---------------

OS: Windows 10 , 64 bit Build 19041 (10.0.19041.1348)
OS uptime: 6 days 23:15 hours

CPU:total 4 (initial active 4) (2 cores per cpu, 2 threads per core) family 6 model 142 stepping 9 microcode 0xb4, cmov, cx8, fxsr, mmx, sse, sse2, sse3, ssse3, sse4.1, sse4.2, popcnt, aes, clmul, erms, 3dnowpref, lzcnt, ht, tsc, tscinvbit

Memory: 4k page, system-wide physical 8062M (378M free)
TotalPageFile size 12062M (AvailPageFile size 0M)
current process WorkingSet (physical memory assigned to process): 479M, peak: 565M
current process commit charge ("private bytes"): 910M, peak: 910M

vm_info: OpenJDK 64-Bit Server VM (11.0.10+0-b96-7249189) for windows-amd64 JRE (11.0.10+0-b96-7249189), built on Mar 31 2021 21:44:00 by "builder" with MS VC++ 14.0 (VS2015)

END.
